[ 2016-12-26T18:23:13+08:00 ] 192.168.0.182 /Sample/index
INFO: [ app_init ] --START--
INFO: Run Behavior\BuildLiteBehavior [ RunTime:0.000000s ]
INFO: [ app_init ] --END-- [ RunTime:0.000500s ]
INFO: [ app_begin ] --START--
INFO: Run Behavior\ReadHtmlCacheBehavior [ RunTime:0.001001s ]
INFO: [ app_begin ] --END-- [ RunTime:0.001001s ]
INFO: [ app_end ] --START--
INFO: Run Behavior\ShowPageTraceBehavior [ RunTime:0.001000s ]
INFO: [ app_end ] --END-- [ RunTime:0.001000s ]

[ 2016-12-26T18:23:13+08:00 ] 192.168.0.182 /index/get_user_xy
INFO: [ app_init ] --START--
INFO: Run Behavior\BuildLiteBehavior [ RunTime:0.000000s ]
INFO: [ app_init ] --END-- [ RunTime:0.000500s ]
INFO: [ app_begin ] --START--
INFO: Run Behavior\ReadHtmlCacheBehavior [ RunTime:0.001000s ]
INFO: [ app_begin ] --END-- [ RunTime:0.001000s ]
INFO: [ app_end ] --START--
INFO: Run Behavior\ShowPageTraceBehavior [ RunTime:0.001000s ]
INFO: [ app_end ] --END-- [ RunTime:0.001000s ]

[ 2016-12-26T18:23:13+08:00 ] 192.168.0.182 /index/get_untreated
INFO: [ app_init ] --START--
INFO: Run Behavior\BuildLiteBehavior [ RunTime:0.000000s ]
INFO: [ app_init ] --END-- [ RunTime:0.000501s ]
INFO: [ app_begin ] --START--
INFO: Run Behavior\ReadHtmlCacheBehavior [ RunTime:0.000500s ]
INFO: [ app_begin ] --END-- [ RunTime:0.000500s ]

[ 2016-12-26T18:28:11+08:00 ] 192.168.0.217 /Index/index.html
INFO: [ app_init ] --START--
INFO: Run Behavior\BuildLiteBehavior [ RunTime:0.000000s ]
INFO: [ app_init ] --END-- [ RunTime:0.000500s ]
INFO: [ app_begin ] --START--
INFO: Run Behavior\ReadHtmlCacheBehavior [ RunTime:0.001000s ]
INFO: [ app_begin ] --END-- [ RunTime:0.001500s ]
NOTIC: [2] Illegal string offset 'user_id' D:\xampp\htdocs\weixin_hhj\Application\Home\Controller\IndexController.class.php 第 416 行.
NOTIC: [8] Uninitialized string offset: 0 D:\xampp\htdocs\weixin_hhj\Application\Home\Controller\IndexController.class.php 第 416 行.
NOTIC: [2] Illegal string offset 'token' D:\xampp\htdocs\weixin_hhj\Application\Home\Controller\IndexController.class.php 第 416 行.
NOTIC: [8] Uninitialized string offset: 0 D:\xampp\htdocs\weixin_hhj\Application\Home\Controller\IndexController.class.php 第 416 行.
NOTIC: [2] Invalid argument supplied for foreach() D:\xampp\htdocs\weixin_hhj\Application\Home\Controller\IndexController.class.php 第 26 行.
NOTIC: [8] Undefined variable: uid D:\xampp\htdocs\weixin_hhj\Application\Home\Controller\CategoryController.class.php 第 329 行.
NOTIC: [8] Undefined variable: token D:\xampp\htdocs\weixin_hhj\Application\Home\Controller\CategoryController.class.php 第 329 行.
NOTIC: [2] Illegal string offset 'user_id' D:\xampp\htdocs\weixin_hhj\Application\Home\Controller\UserController.class.php 第 17 行.
NOTIC: [8] Uninitialized string offset: 0 D:\xampp\htdocs\weixin_hhj\Application\Home\Controller\UserController.class.php 第 17 行.
NOTIC: [2] Illegal string offset 'token' D:\xampp\htdocs\weixin_hhj\Application\Home\Controller\UserController.class.php 第 17 行.
NOTIC: [8] Uninitialized string offset: 0 D:\xampp\htdocs\weixin_hhj\Application\Home\Controller\UserController.class.php 第 17 行.
NOTIC: [8] Undefined variable: shop_love_shop D:\xampp\htdocs\weixin_hhj\Application\Home\Controller\IndexController.class.php 第 73 行.
NOTIC: [2] Illegal string offset 'mobile' D:\xampp\htdocs\weixin_hhj\Application\Home\Controller\IndexController.class.php 第 75 行.
NOTIC: [8] Uninitialized string offset: 0 D:\xampp\htdocs\weixin_hhj\Application\Home\Controller\IndexController.class.php 第 75 行.
NOTIC: [8] Undefined variable: meiqia_data D:\xampp\htdocs\weixin_hhj\Application\Home\Controller\IndexController.class.php 第 81 行.
NOTIC: [8] Undefined index: openid D:\xampp\htdocs\weixin_hhj\Application\Home\Controller\IndexController.class.php 第 83 行.
INFO: [ view_parse ] --START--
INFO: [ template_filter ] --START--
INFO: Run Behavior\ContentReplaceBehavior [ RunTime:0.000500s ]
INFO: [ template_filter ] --END-- [ RunTime:0.000500s ]
NOTIC: [8] Undefined index: pic D:\xampp\htdocs\weixin_hhj\Application\Runtime\Cache\Home\2a94b8bda04ff446dcedd42276fc99ee.php 第 97 行.
NOTIC: [8] Undefined index: cat_name D:\xampp\htdocs\weixin_hhj\Application\Runtime\Cache\Home\2a94b8bda04ff446dcedd42276fc99ee.php 第 97 行.
NOTIC: [8] Undefined index: cat_name D:\xampp\htdocs\weixin_hhj\Application\Runtime\Cache\Home\2a94b8bda04ff446dcedd42276fc99ee.php 第 98 行.
NOTIC: [8] Undefined index: pic D:\xampp\htdocs\weixin_hhj\Application\Runtime\Cache\Home\2a94b8bda04ff446dcedd42276fc99ee.php 第 101 行.
NOTIC: [8] Undefined index: cat_name D:\xampp\htdocs\weixin_hhj\Application\Runtime\Cache\Home\2a94b8bda04ff446dcedd42276fc99ee.php 第 101 行.
NOTIC: [8] Undefined index: cat_name D:\xampp\htdocs\weixin_hhj\Application\Runtime\Cache\Home\2a94b8bda04ff446dcedd42276fc99ee.php 第 102 行.
NOTIC: [8] Undefined index: pic D:\xampp\htdocs\weixin_hhj\Application\Runtime\Cache\Home\2a94b8bda04ff446dcedd42276fc99ee.php 第 105 行.
NOTIC: [8] Undefined index: cat_name D:\xampp\htdocs\weixin_hhj\Application\Runtime\Cache\Home\2a94b8bda04ff446dcedd42276fc99ee.php 第 105 行.
NOTIC: [8] Undefined index: cat_name D:\xampp\htdocs\weixin_hhj\Application\Runtime\Cache\Home\2a94b8bda04ff446dcedd42276fc99ee.php 第 106 行.
NOTIC: [8] Undefined index: pic D:\xampp\htdocs\weixin_hhj\Application\Runtime\Cache\Home\2a94b8bda04ff446dcedd42276fc99ee.php 第 109 行.
NOTIC: [8] Undefined index: cat_name D:\xampp\htdocs\weixin_hhj\Application\Runtime\Cache\Home\2a94b8bda04ff446dcedd42276fc99ee.php 第 109 行.
NOTIC: [8] Undefined index: cat_name D:\xampp\htdocs\weixin_hhj\Application\Runtime\Cache\Home\2a94b8bda04ff446dcedd42276fc99ee.php 第 110 行.
NOTIC: [8] Undefined index: pic D:\xampp\htdocs\weixin_hhj\Application\Runtime\Cache\Home\2a94b8bda04ff446dcedd42276fc99ee.php 第 113 行.
NOTIC: [8] Undefined index: cat_name D:\xampp\htdocs\weixin_hhj\Application\Runtime\Cache\Home\2a94b8bda04ff446dcedd42276fc99ee.php 第 113 行.
NOTIC: [8] Undefined index: cat_name D:\xampp\htdocs\weixin_hhj\Application\Runtime\Cache\Home\2a94b8bda04ff446dcedd42276fc99ee.php 第 114 行.
INFO: Run Behavior\ParseTemplateBehavior [ RunTime:0.027503s ]
INFO: [ view_parse ] --END-- [ RunTime:0.027503s ]
INFO: [ view_filter ] --START--
INFO: Run Behavior\WriteHtmlCacheBehavior [ RunTime:0.001001s ]
INFO: [ view_filter ] --END-- [ RunTime:0.001001s ]
INFO: [ app_end ] --START--
INFO: Run Behavior\ShowPageTraceBehavior [ RunTime:0.003000s ]
INFO: [ app_end ] --END-- [ RunTime:0.003000s ]

[ 2016-12-26T18:28:12+08:00 ] 192.168.0.217 /Cart/index
INFO: [ app_init ] --START--
INFO: Run Behavior\BuildLiteBehavior [ RunTime:0.000000s ]
INFO: [ app_init ] --END-- [ RunTime:0.000500s ]
INFO: [ app_begin ] --START--
INFO: Run Behavior\ReadHtmlCacheBehavior [ RunTime:0.000500s ]
INFO: [ app_begin ] --END-- [ RunTime:0.000500s ]
NOTIC: [8] Undefined index: shop_id D:\xampp\htdocs\weixin_hhj\Application\Home\Controller\CartController.class.php 第 9 行.
NOTIC: [8] Undefined index: act_ticket D:\xampp\htdocs\weixin_hhj\Application\Home\Controller\CartController.class.php 第 10 行.
NOTIC: [8] Undefined index: goods_ticket D:\xampp\htdocs\weixin_hhj\Application\Home\Controller\CartController.class.php 第 11 行.
NOTIC: [8] Undefined index: distribution D:\xampp\htdocs\weixin_hhj\Application\Home\Controller\CartController.class.php 第 12 行.
NOTIC: [2] Illegal string offset 'user_id' D:\xampp\htdocs\weixin_hhj\Application\Home\Controller\CartController.class.php 第 104 行.
NOTIC: [8] Uninitialized string offset: 0 D:\xampp\htdocs\weixin_hhj\Application\Home\Controller\CartController.class.php 第 104 行.
NOTIC: [2] Illegal string offset 'token' D:\xampp\htdocs\weixin_hhj\Application\Home\Controller\CartController.class.php 第 104 行.
NOTIC: [8] Uninitialized string offset: 0 D:\xampp\htdocs\weixin_hhj\Application\Home\Controller\CartController.class.php 第 104 行.
NOTIC: [8] Undefined variable: cart_data_info D:\xampp\htdocs\weixin_hhj\Application\Home\Controller\CartController.class.php 第 113 行.
NOTIC: [2] Illegal string offset 'user_id' D:\xampp\htdocs\weixin_hhj\Application\Home\Controller\CartController.class.php 第 22 行.
NOTIC: [8] Uninitialized string offset: 0 D:\xampp\htdocs\weixin_hhj\Application\Home\Controller\CartController.class.php 第 22 行.
NOTIC: [2] Illegal string offset 'token' D:\xampp\htdocs\weixin_hhj\Application\Home\Controller\CartController.class.php 第 22 行.
NOTIC: [8] Uninitialized string offset: 0 D:\xampp\htdocs\weixin_hhj\Application\Home\Controller\CartController.class.php 第 22 行.
NOTIC: [2] Invalid argument supplied for foreach() D:\xampp\htdocs\weixin_hhj\Application\Home\Controller\CartController.class.php 第 81 行.
NOTIC: [2] Invalid argument supplied for foreach() D:\xampp\htdocs\weixin_hhj\Application\Home\Controller\CartController.class.php 第 86 行.
NOTIC: [2] Invalid argument supplied for foreach() D:\xampp\htdocs\weixin_hhj\Application\Home\Controller\CartController.class.php 第 91 行.
NOTIC: [2] Invalid argument supplied for foreach() D:\xampp\htdocs\weixin_hhj\Application\Home\Controller\CartController.class.php 第 81 行.
NOTIC: [2] Invalid argument supplied for foreach() D:\xampp\htdocs\weixin_hhj\Application\Home\Controller\CartController.class.php 第 86 行.
NOTIC: [2] Invalid argument supplied for foreach() D:\xampp\htdocs\weixin_hhj\Application\Home\Controller\CartController.class.php 第 91 行.
NOTIC: [2] Invalid argument supplied for foreach() D:\xampp\htdocs\weixin_hhj\Application\Home\Controller\CartController.class.php 第 38 行.
INFO: [ view_parse ] --START--
INFO: [ template_filter ] --START--
INFO: Run Behavior\ContentReplaceBehavior [ RunTime:0.000000s ]
INFO: [ template_filter ] --END-- [ RunTime:0.000000s ]
INFO: Run Behavior\ParseTemplateBehavior [ RunTime:0.044006s ]
INFO: [ view_parse ] --END-- [ RunTime:0.044506s ]
INFO: [ view_filter ] --START--
INFO: Run Behavior\WriteHtmlCacheBehavior [ RunTime:0.000500s ]
INFO: [ view_filter ] --END-- [ RunTime:0.000500s ]
INFO: [ app_end ] --START--
INFO: Run Behavior\ShowPageTraceBehavior [ RunTime:0.003500s ]
INFO: [ app_end ] --END-- [ RunTime:0.003500s ]

[ 2016-12-26T18:28:12+08:00 ] 192.168.0.217 /min/index?f=/Public/js/index.js
INFO: [ app_init ] --START--
INFO: Run Behavior\BuildLiteBehavior [ RunTime:0.000000s ]
INFO: [ app_init ] --END-- [ RunTime:0.000000s ]
INFO: [ app_begin ] --START--
INFO: Run Behavior\ReadHtmlCacheBehavior [ RunTime:0.000500s ]
INFO: [ app_begin ] --END-- [ RunTime:0.000500s ]

[ 2016-12-26T18:28:12+08:00 ] 192.168.0.217 /min/index?f=/Public/js/lib/swiper.min.js
INFO: [ app_init ] --START--
INFO: Run Behavior\BuildLiteBehavior [ RunTime:0.000000s ]
INFO: [ app_init ] --END-- [ RunTime:0.000500s ]
INFO: [ app_begin ] --START--
INFO: Run Behavior\ReadHtmlCacheBehavior [ RunTime:0.001000s ]
INFO: [ app_begin ] --END-- [ RunTime:0.001000s ]

[ 2016-12-26T18:28:12+08:00 ] 192.168.0.217 /Sample/index
INFO: [ app_init ] --START--
INFO: Run Behavior\BuildLiteBehavior [ RunTime:0.000000s ]
INFO: [ app_init ] --END-- [ RunTime:0.001000s ]
INFO: [ app_begin ] --START--
INFO: Run Behavior\ReadHtmlCacheBehavior [ RunTime:0.000500s ]
INFO: [ app_begin ] --END-- [ RunTime:0.000500s ]
INFO: [ app_end ] --START--
INFO: Run Behavior\ShowPageTraceBehavior [ RunTime:0.001000s ]
INFO: [ app_end ] --END-- [ RunTime:0.001000s ]

[ 2016-12-26T18:28:12+08:00 ] 192.168.0.217 /index/get_user_xy
INFO: [ app_init ] --START--
INFO: Run Behavior\BuildLiteBehavior [ RunTime:0.000000s ]
INFO: [ app_init ] --END-- [ RunTime:0.000500s ]
INFO: [ app_begin ] --START--
INFO: Run Behavior\ReadHtmlCacheBehavior [ RunTime:0.001000s ]
INFO: [ app_begin ] --END-- [ RunTime:0.001000s ]
INFO: [ app_end ] --START--
INFO: Run Behavior\ShowPageTraceBehavior [ RunTime:0.000500s ]
INFO: [ app_end ] --END-- [ RunTime:0.000500s ]

[ 2016-12-26T18:28:12+08:00 ] 192.168.0.217 /min/maps/swiper.min.js.map
INFO: [ app_init ] --START--
INFO: Run Behavior\BuildLiteBehavior [ RunTime:0.000000s ]
INFO: [ app_init ] --END-- [ RunTime:0.000500s ]
INFO: [ app_begin ] --START--
INFO: Run Behavior\ReadHtmlCacheBehavior [ RunTime:0.001000s ]
INFO: [ app_begin ] --END-- [ RunTime:0.001000s ]
ERR: 非法操作:maps

[ 2016-12-26T18:28:13+08:00 ] 192.168.0.217 /index/get_untreated
INFO: [ app_init ] --START--
INFO: Run Behavior\BuildLiteBehavior [ RunTime:0.000000s ]
INFO: [ app_init ] --END-- [ RunTime:0.000500s ]
INFO: [ app_begin ] --START--
INFO: Run Behavior\ReadHtmlCacheBehavior [ RunTime:0.001000s ]
INFO: [ app_begin ] --END-- [ RunTime:0.001000s ]

[ 2016-12-26T18:28:34+08:00 ] 192.168.0.217 /Index/index.html
INFO: [ app_init ] --START--
INFO: Run Behavior\BuildLiteBehavior [ RunTime:0.000000s ]
INFO: [ app_init ] --END-- [ RunTime:0.000500s ]
INFO: [ app_begin ] --START--
INFO: Run Behavior\ReadHtmlCacheBehavior [ RunTime:0.000500s ]
INFO: [ app_begin ] --END-- [ RunTime:0.001000s ]
NOTIC: [2] Illegal string offset 'user_id' D:\xampp\htdocs\weixin_hhj\Application\Home\Controller\IndexController.class.php 第 416 行.
NOTIC: [8] Uninitialized string offset: 0 D:\xampp\htdocs\weixin_hhj\Application\Home\Controller\IndexController.class.php 第 416 行.
NOTIC: [2] Illegal string offset 'token' D:\xampp\htdocs\weixin_hhj\Application\Home\Controller\IndexController.class.php 第 416 行.
NOTIC: [8] Uninitialized string offset: 0 D:\xampp\htdocs\weixin_hhj\Application\Home\Controller\IndexController.class.php 第 416 行.
NOTIC: [2] Invalid argument supplied for foreach() D:\xampp\htdocs\weixin_hhj\Application\Home\Controller\IndexController.class.php 第 26 行.
NOTIC: [8] Undefined variable: uid D:\xampp\htdocs\weixin_hhj\Application\Home\Controller\CategoryController.class.php 第 329 行.
NOTIC: [8] Undefined variable: token D:\xampp\htdocs\weixin_hhj\Application\Home\Controller\CategoryController.class.php 第 329 行.
NOTIC: [2] Illegal string offset 'user_id' D:\xampp\htdocs\weixin_hhj\Application\Home\Controller\UserController.class.php 第 17 行.
NOTIC: [8] Uninitialized string offset: 0 D:\xampp\htdocs\weixin_hhj\Application\Home\Controller\UserController.class.php 第 17 行.
NOTIC: [2] Illegal string offset 'token' D:\xampp\htdocs\weixin_hhj\Application\Home\Controller\UserController.class.php 第 17 行.
NOTIC: [8] Uninitialized string offset: 0 D:\xampp\htdocs\weixin_hhj\Application\Home\Controller\UserController.class.php 第 17 行.
NOTIC: [8] Undefined variable: shop_love_shop D:\xampp\htdocs\weixin_hhj\Application\Home\Controller\IndexController.class.php 第 73 行.
NOTIC: [2] Illegal string offset 'mobile' D:\xampp\htdocs\weixin_hhj\Application\Home\Controller\IndexController.class.php 第 75 行.
NOTIC: [8] Uninitialized string offset: 0 D:\xampp\htdocs\weixin_hhj\Application\Home\Controller\IndexController.class.php 第 75 行.
NOTIC: [8] Undefined variable: meiqia_data D:\xampp\htdocs\weixin_hhj\Application\Home\Controller\IndexController.class.php 第 81 行.
NOTIC: [8] Undefined index: openid D:\xampp\htdocs\weixin_hhj\Application\Home\Controller\IndexController.class.php 第 83 行.
INFO: [ view_parse ] --START--
INFO: [ template_filter ] --START--
INFO: Run Behavior\ContentReplaceBehavior [ RunTime:0.000500s ]
INFO: [ template_filter ] --END-- [ RunTime:0.000500s ]
INFO: Run Behavior\ParseTemplateBehavior [ RunTime:0.025503s ]
INFO: [ view_parse ] --END-- [ RunTime:0.025503s ]
INFO: [ view_filter ] --START--
INFO: Run Behavior\WriteHtmlCacheBehavior [ RunTime:0.001000s ]
INFO: [ view_filter ] --END-- [ RunTime:0.001000s ]
INFO: [ app_end ] --START--
INFO: Run Behavior\ShowPageTraceBehavior [ RunTime:0.001000s ]
INFO: [ app_end ] --END-- [ RunTime:0.001000s ]

[ 2016-12-26T18:28:35+08:00 ] 192.168.0.217 /Cart/index
INFO: [ app_init ] --START--
INFO: Run Behavior\BuildLiteBehavior [ RunTime:0.000000s ]
INFO: [ app_init ] --END-- [ RunTime:0.000500s ]
INFO: [ app_begin ] --START--
INFO: Run Behavior\ReadHtmlCacheBehavior [ RunTime:0.001000s ]
INFO: [ app_begin ] --END-- [ RunTime:0.001000s ]
NOTIC: [8] Undefined index: shop_id D:\xampp\htdocs\weixin_hhj\Application\Home\Controller\CartController.class.php 第 9 行.
NOTIC: [8] Undefined index: act_ticket D:\xampp\htdocs\weixin_hhj\Application\Home\Controller\CartController.class.php 第 10 行.
NOTIC: [8] Undefined index: goods_ticket D:\xampp\htdocs\weixin_hhj\Application\Home\Controller\CartController.class.php 第 11 行.
NOTIC: [8] Undefined index: distribution D:\xampp\htdocs\weixin_hhj\Application\Home\Controller\CartController.class.php 第 12 行.
NOTIC: [2] Illegal string offset 'user_id' D:\xampp\htdocs\weixin_hhj\Application\Home\Controller\CartController.class.php 第 104 行.
NOTIC: [8] Uninitialized string offset: 0 D:\xampp\htdocs\weixin_hhj\Application\Home\Controller\CartController.class.php 第 104 行.
NOTIC: [2] Illegal string offset 'token' D:\xampp\htdocs\weixin_hhj\Application\Home\Controller\CartController.class.php 第 104 行.
NOTIC: [8] Uninitialized string offset: 0 D:\xampp\htdocs\weixin_hhj\Application\Home\Controller\CartController.class.php 第 104 行.
NOTIC: [8] Undefined variable: cart_data_info D:\xampp\htdocs\weixin_hhj\Application\Home\Controller\CartController.class.php 第 113 行.
NOTIC: [2] Illegal string offset 'user_id' D:\xampp\htdocs\weixin_hhj\Application\Home\Controller\CartController.class.php 第 22 行.
NOTIC: [8] Uninitialized string offset: 0 D:\xampp\htdocs\weixin_hhj\Application\Home\Controller\CartController.class.php 第 22 行.
NOTIC: [2] Illegal string offset 'token' D:\xampp\htdocs\weixin_hhj\Application\Home\Controller\CartController.class.php 第 22 行.
NOTIC: [8] Uninitialized string offset: 0 D:\xampp\htdocs\weixin_hhj\Application\Home\Controller\CartController.class.php 第 22 行.
NOTIC: [2] Invalid argument supplied for foreach() D:\xampp\htdocs\weixin_hhj\Application\Home\Controller\CartController.class.php 第 81 行.
NOTIC: [2] Invalid argument supplied for foreach() D:\xampp\htdocs\weixin_hhj\Application\Home\Controller\CartController.class.php 第 86 行.
NOTIC: [2] Invalid argument supplied for foreach() D:\xampp\htdocs\weixin_hhj\Application\Home\Controller\CartController.class.php 第 91 行.
NOTIC: [2] Invalid argument supplied for foreach() D:\xampp\htdocs\weixin_hhj\Application\Home\Controller\CartController.class.php 第 81 行.
NOTIC: [2] Invalid argument supplied for foreach() D:\xampp\htdocs\weixin_hhj\Application\Home\Controller\CartController.class.php 第 86 行.
NOTIC: [2] Invalid argument supplied for foreach() D:\xampp\htdocs\weixin_hhj\Application\Home\Controller\CartController.class.php 第 91 行.
NOTIC: [2] Invalid argument supplied for foreach() D:\xampp\htdocs\weixin_hhj\Application\Home\Controller\CartController.class.php 第 38 行.
INFO: [ view_parse ] --START--
INFO: [ template_filter ] --START--
INFO: Run Behavior\ContentReplaceBehavior [ RunTime:0.000500s ]
INFO: [ template_filter ] --END-- [ RunTime:0.000500s ]
INFO: Run Behavior\ParseTemplateBehavior [ RunTime:0.041005s ]
INFO: [ view_parse ] --END-- [ RunTime:0.041005s ]
INFO: [ view_filter ] --START--
INFO: Run Behavior\WriteHtmlCacheBehavior [ RunTime:0.000500s ]
INFO: [ view_filter ] --END-- [ RunTime:0.001000s ]
INFO: [ app_end ] --START--
INFO: Run Behavior\ShowPageTraceBehavior [ RunTime:0.001000s ]
INFO: [ app_end ] --END-- [ RunTime:0.001000s ]

[ 2016-12-26T18:28:35+08:00 ] 192.168.0.217 /min/index?f=/Public/js/lib/swiper.min.js
INFO: [ app_init ] --START--
INFO: Run Behavior\BuildLiteBehavior [ RunTime:0.000000s ]
INFO: [ app_init ] --END-- [ RunTime:0.000500s ]
INFO: [ app_begin ] --START--
INFO: Run Behavior\ReadHtmlCacheBehavior [ RunTime:0.024503s ]
INFO: [ app_begin ] --END-- [ RunTime:0.024503s ]

[ 2016-12-26T18:28:35+08:00 ] 192.168.0.217 /min/index?f=/Public/js/index.js
INFO: [ app_init ] --START--
INFO: Run Behavior\BuildLiteBehavior [ RunTime:0.000000s ]
INFO: [ app_init ] --END-- [ RunTime:0.000500s ]
INFO: [ app_begin ] --START--
INFO: Run Behavior\ReadHtmlCacheBehavior [ RunTime:0.001000s ]
INFO: [ app_begin ] --END-- [ RunTime:0.001000s ]

[ 2016-12-26T18:28:35+08:00 ] 192.168.0.217 /min/maps/swiper.min.js.map
INFO: [ app_init ] --START--
INFO: Run Behavior\BuildLiteBehavior [ RunTime:0.000000s ]
INFO: [ app_init ] --END-- [ RunTime:0.000500s ]
INFO: [ app_begin ] --START--
INFO: Run Behavior\ReadHtmlCacheBehavior [ RunTime:0.001000s ]
INFO: [ app_begin ] --END-- [ RunTime:0.001000s ]
ERR: 非法操作:maps

[ 2016-12-26T18:28:35+08:00 ] 192.168.0.217 /Sample/index
INFO: [ app_init ] --START--
INFO: Run Behavior\BuildLiteBehavior [ RunTime:0.000000s ]
INFO: [ app_init ] --END-- [ RunTime:0.000500s ]
INFO: [ app_begin ] --START--
INFO: Run Behavior\ReadHtmlCacheBehavior [ RunTime:0.000500s ]
INFO: [ app_begin ] --END-- [ RunTime:0.000500s ]
INFO: [ app_end ] --START--
INFO: Run Behavior\ShowPageTraceBehavior [ RunTime:0.001000s ]
INFO: [ app_end ] --END-- [ RunTime:0.001000s ]

[ 2016-12-26T18:28:35+08:00 ] 192.168.0.217 /index/get_user_xy
INFO: [ app_init ] --START--
INFO: Run Behavior\BuildLiteBehavior [ RunTime:0.000000s ]
INFO: [ app_init ] --END-- [ RunTime:0.000500s ]
INFO: [ app_begin ] --START--
INFO: Run Behavior\ReadHtmlCacheBehavior [ RunTime:0.000500s ]
INFO: [ app_begin ] --END-- [ RunTime:0.001000s ]
INFO: [ app_end ] --START--
INFO: Run Behavior\ShowPageTraceBehavior [ RunTime:0.001000s ]
INFO: [ app_end ] --END-- [ RunTime:0.003000s ]

[ 2016-12-26T18:28:35+08:00 ] 192.168.0.217 /index/get_untreated
INFO: [ app_init ] --START--
INFO: Run Behavior\BuildLiteBehavior [ RunTime:0.000000s ]
INFO: [ app_init ] --END-- [ RunTime:0.000500s ]
INFO: [ app_begin ] --START--
INFO: Run Behavior\ReadHtmlCacheBehavior [ RunTime:0.001001s ]
INFO: [ app_begin ] --END-- [ RunTime:0.001001s ]

[ 2016-12-26T18:29:23+08:00 ] 192.168.0.217 /Index/index.html
INFO: [ app_init ] --START--
INFO: Run Behavior\BuildLiteBehavior [ RunTime:0.000000s ]
INFO: [ app_init ] --END-- [ RunTime:0.001001s ]
INFO: [ app_begin ] --START--
INFO: Run Behavior\ReadHtmlCacheBehavior [ RunTime:0.000500s ]
INFO: [ app_begin ] --END-- [ RunTime:0.001000s ]
NOTIC: [2] Illegal string offset 'user_id' D:\xampp\htdocs\weixin_hhj\Application\Home\Controller\IndexController.class.php 第 416 行.
NOTIC: [8] Uninitialized string offset: 0 D:\xampp\htdocs\weixin_hhj\Application\Home\Controller\IndexController.class.php 第 416 行.
NOTIC: [2] Illegal string offset 'token' D:\xampp\htdocs\weixin_hhj\Application\Home\Controller\IndexController.class.php 第 416 行.
NOTIC: [8] Uninitialized string offset: 0 D:\xampp\htdocs\weixin_hhj\Application\Home\Controller\IndexController.class.php 第 416 行.
NOTIC: [2] Invalid argument supplied for foreach() D:\xampp\htdocs\weixin_hhj\Application\Home\Controller\IndexController.class.php 第 26 行.
NOTIC: [8] Undefined variable: uid D:\xampp\htdocs\weixin_hhj\Application\Home\Controller\CategoryController.class.php 第 329 行.
NOTIC: [8] Undefined variable: token D:\xampp\htdocs\weixin_hhj\Application\Home\Controller\CategoryController.class.php 第 329 行.
NOTIC: [2] Illegal string offset 'user_id' D:\xampp\htdocs\weixin_hhj\Application\Home\Controller\UserController.class.php 第 17 行.
NOTIC: [8] Uninitialized string offset: 0 D:\xampp\htdocs\weixin_hhj\Application\Home\Controller\UserController.class.php 第 17 行.
NOTIC: [2] Illegal string offset 'token' D:\xampp\htdocs\weixin_hhj\Application\Home\Controller\UserController.class.php 第 17 行.
NOTIC: [8] Uninitialized string offset: 0 D:\xampp\htdocs\weixin_hhj\Application\Home\Controller\UserController.class.php 第 17 行.
NOTIC: [8] Undefined variable: shop_love_shop D:\xampp\htdocs\weixin_hhj\Application\Home\Controller\IndexController.class.php 第 73 行.
NOTIC: [2] Illegal string offset 'mobile' D:\xampp\htdocs\weixin_hhj\Application\Home\Controller\IndexController.class.php 第 75 行.
NOTIC: [8] Uninitialized string offset: 0 D:\xampp\htdocs\weixin_hhj\Application\Home\Controller\IndexController.class.php 第 75 行.
NOTIC: [8] Undefined variable: meiqia_data D:\xampp\htdocs\weixin_hhj\Application\Home\Controller\IndexController.class.php 第 81 行.
NOTIC: [8] Undefined index: openid D:\xampp\htdocs\weixin_hhj\Application\Home\Controller\IndexController.class.php 第 83 行.
INFO: [ view_parse ] --START--
INFO: [ template_filter ] --START--
INFO: Run Behavior\ContentReplaceBehavior [ RunTime:0.000500s ]
INFO: [ template_filter ] --END-- [ RunTime:0.000500s ]
NOTIC: [8] Undefined index: pic D:\xampp\htdocs\weixin_hhj\Application\Runtime\Cache\Home\2a94b8bda04ff446dcedd42276fc99ee.php 第 97 行.
NOTIC: [8] Undefined index: cat_name D:\xampp\htdocs\weixin_hhj\Application\Runtime\Cache\Home\2a94b8bda04ff446dcedd42276fc99ee.php 第 97 行.
NOTIC: [8] Undefined index: cat_name D:\xampp\htdocs\weixin_hhj\Application\Runtime\Cache\Home\2a94b8bda04ff446dcedd42276fc99ee.php 第 98 行.
NOTIC: [8] Undefined index: pic D:\xampp\htdocs\weixin_hhj\Application\Runtime\Cache\Home\2a94b8bda04ff446dcedd42276fc99ee.php 第 101 行.
NOTIC: [8] Undefined index: cat_name D:\xampp\htdocs\weixin_hhj\Application\Runtime\Cache\Home\2a94b8bda04ff446dcedd42276fc99ee.php 第 101 行.
NOTIC: [8] Undefined index: cat_name D:\xampp\htdocs\weixin_hhj\Application\Runtime\Cache\Home\2a94b8bda04ff446dcedd42276fc99ee.php 第 102 行.
NOTIC: [8] Undefined index: pic D:\xampp\htdocs\weixin_hhj\Application\Runtime\Cache\Home\2a94b8bda04ff446dcedd42276fc99ee.php 第 105 行.
NOTIC: [8] Undefined index: cat_name D:\xampp\htdocs\weixin_hhj\Application\Runtime\Cache\Home\2a94b8bda04ff446dcedd42276fc99ee.php 第 105 行.
NOTIC: [8] Undefined index: cat_name D:\xampp\htdocs\weixin_hhj\Application\Runtime\Cache\Home\2a94b8bda04ff446dcedd42276fc99ee.php 第 106 行.
NOTIC: [8] Undefined index: pic D:\xampp\htdocs\weixin_hhj\Application\Runtime\Cache\Home\2a94b8bda04ff446dcedd42276fc99ee.php 第 109 行.
NOTIC: [8] Undefined index: cat_name D:\xampp\htdocs\weixin_hhj\Application\Runtime\Cache\Home\2a94b8bda04ff446dcedd42276fc99ee.php 第 109 行.
NOTIC: [8] Undefined index: cat_name D:\xampp\htdocs\weixin_hhj\Application\Runtime\Cache\Home\2a94b8bda04ff446dcedd42276fc99ee.php 第 110 行.
NOTIC: [8] Undefined index: pic D:\xampp\htdocs\weixin_hhj\Application\Runtime\Cache\Home\2a94b8bda04ff446dcedd42276fc99ee.php 第 113 行.
NOTIC: [8] Undefined index: cat_name D:\xampp\htdocs\weixin_hhj\Application\Runtime\Cache\Home\2a94b8bda04ff446dcedd42276fc99ee.php 第 113 行.
NOTIC: [8] Undefined index: cat_name D:\xampp\htdocs\weixin_hhj\Application\Runtime\Cache\Home\2a94b8bda04ff446dcedd42276fc99ee.php 第 114 行.
INFO: Run Behavior\ParseTemplateBehavior [ RunTime:0.030004s ]
INFO: [ view_parse ] --END-- [ RunTime:0.030004s ]
INFO: [ view_filter ] --START--
INFO: Run Behavior\WriteHtmlCacheBehavior [ RunTime:0.000500s ]
INFO: [ view_filter ] --END-- [ RunTime:0.000500s ]
INFO: [ app_end ] --START--
INFO: Run Behavior\ShowPageTraceBehavior [ RunTime:0.001000s ]
INFO: [ app_end ] --END-- [ RunTime:0.001000s ]

[ 2016-12-26T18:29:24+08:00 ] 192.168.0.217 /Cart/index
INFO: [ app_init ] --START--
INFO: Run Behavior\BuildLiteBehavior [ RunTime:0.000000s ]
INFO: [ app_init ] --END-- [ RunTime:0.000500s ]
INFO: [ app_begin ] --START--
INFO: Run Behavior\ReadHtmlCacheBehavior [ RunTime:0.000500s ]
INFO: [ app_begin ] --END-- [ RunTime:0.000500s ]
NOTIC: [8] Undefined index: shop_id D:\xampp\htdocs\weixin_hhj\Application\Home\Controller\CartController.class.php 第 9 行.
NOTIC: [8] Undefined index: act_ticket D:\xampp\htdocs\weixin_hhj\Application\Home\Controller\CartController.class.php 第 10 行.
NOTIC: [8] Undefined index: goods_ticket D:\xampp\htdocs\weixin_hhj\Application\Home\Controller\CartController.class.php 第 11 行.
NOTIC: [8] Undefined index: distribution D:\xampp\htdocs\weixin_hhj\Application\Home\Controller\CartController.class.php 第 12 行.
NOTIC: [2] Illegal string offset 'user_id' D:\xampp\htdocs\weixin_hhj\Application\Home\Controller\CartController.class.php 第 104 行.
NOTIC: [8] Uninitialized string offset: 0 D:\xampp\htdocs\weixin_hhj\Application\Home\Controller\CartController.class.php 第 104 行.
NOTIC: [2] Illegal string offset 'token' D:\xampp\htdocs\weixin_hhj\Application\Home\Controller\CartController.class.php 第 104 行.
NOTIC: [8] Uninitialized string offset: 0 D:\xampp\htdocs\weixin_hhj\Application\Home\Controller\CartController.class.php 第 104 行.
NOTIC: [8] Undefined variable: cart_data_info D:\xampp\htdocs\weixin_hhj\Application\Home\Controller\CartController.class.php 第 113 行.
NOTIC: [2] Illegal string offset 'user_id' D:\xampp\htdocs\weixin_hhj\Application\Home\Controller\CartController.class.php 第 22 行.
NOTIC: [8] Uninitialized string offset: 0 D:\xampp\htdocs\weixin_hhj\Application\Home\Controller\CartController.class.php 第 22 行.
NOTIC: [2] Illegal string offset 'token' D:\xampp\htdocs\weixin_hhj\Application\Home\Controller\CartController.class.php 第 22 行.
NOTIC: [8] Uninitialized string offset: 0 D:\xampp\htdocs\weixin_hhj\Application\Home\Controller\CartController.class.php 第 22 行.
NOTIC: [2] Invalid argument supplied for foreach() D:\xampp\htdocs\weixin_hhj\Application\Home\Controller\CartController.class.php 第 81 行.
NOTIC: [2] Invalid argument supplied for foreach() D:\xampp\htdocs\weixin_hhj\Application\Home\Controller\CartController.class.php 第 86 行.
NOTIC: [2] Invalid argument supplied for foreach() D:\xampp\htdocs\weixin_hhj\Application\Home\Controller\CartController.class.php 第 91 行.
NOTIC: [2] Invalid argument supplied for foreach() D:\xampp\htdocs\weixin_hhj\Application\Home\Controller\CartController.class.php 第 81 行.
NOTIC: [2] Invalid argument supplied for foreach() D:\xampp\htdocs\weixin_hhj\Application\Home\Controller\CartController.class.php 第 86 行.
NOTIC: [2] Invalid argument supplied for foreach() D:\xampp\htdocs\weixin_hhj\Application\Home\Controller\CartController.class.php 第 91 行.
NOTIC: [2] Invalid argument supplied for foreach() D:\xampp\htdocs\weixin_hhj\Application\Home\Controller\CartController.class.php 第 38 行.
INFO: [ view_parse ] --START--
INFO: [ template_filter ] --START--
INFO: Run Behavior\ContentReplaceBehavior [ RunTime:0.000000s ]
INFO: [ template_filter ] --END-- [ RunTime:0.000500s ]
INFO: Run Behavior\ParseTemplateBehavior [ RunTime:0.045505s ]
INFO: [ view_parse ] --END-- [ RunTime:0.045505s ]
INFO: [ view_filter ] --START--
INFO: Run Behavior\WriteHtmlCacheBehavior [ RunTime:0.000501s ]
INFO: [ view_filter ] --END-- [ RunTime:0.000501s ]
INFO: [ app_end ] --START--
INFO: Run Behavior\ShowPageTraceBehavior [ RunTime:0.001000s ]
INFO: [ app_end ] --END-- [ RunTime:0.001000s ]

[ 2016-12-26T18:29:24+08:00 ] 192.168.0.217 /min/index?f=/Public/js/lib/swiper.min.js
INFO: [ app_init ] --START--
INFO: Run Behavior\BuildLiteBehavior [ RunTime:0.000000s ]
INFO: [ app_init ] --END-- [ RunTime:0.000500s ]
INFO: [ app_begin ] --START--
INFO: Run Behavior\ReadHtmlCacheBehavior [ RunTime:0.000500s ]
INFO: [ app_begin ] --END-- [ RunTime:0.000500s ]

[ 2016-12-26T18:29:24+08:00 ] 192.168.0.217 /min/index?f=/Public/js/index.js
INFO: [ app_init ] --START--
INFO: Run Behavior\BuildLiteBehavior [ RunTime:0.000000s ]
INFO: [ app_init ] --END-- [ RunTime:0.001000s ]
INFO: [ app_begin ] --START--
INFO: Run Behavior\ReadHtmlCacheBehavior [ RunTime:0.001000s ]
INFO: [ app_begin ] --END-- [ RunTime:0.001000s ]

[ 2016-12-26T18:29:24+08:00 ] 192.168.0.217 /min/maps/swiper.min.js.map
INFO: [ app_init ] --START--
INFO: Run Behavior\BuildLiteBehavior [ RunTime:0.000000s ]
INFO: [ app_init ] --END-- [ RunTime:0.000500s ]
INFO: [ app_begin ] --START--
INFO: Run Behavior\ReadHtmlCacheBehavior [ RunTime:0.000500s ]
INFO: [ app_begin ] --END-- [ RunTime:0.000500s ]
ERR: 非法操作:maps

[ 2016-12-26T18:29:24+08:00 ] 192.168.0.217 /Sample/index
INFO: [ app_init ] --START--
INFO: Run Behavior\BuildLiteBehavior [ RunTime:0.000500s ]
INFO: [ app_init ] --END-- [ RunTime:0.000500s ]
INFO: [ app_begin ] --START--
INFO: Run Behavior\ReadHtmlCacheBehavior [ RunTime:0.000500s ]
INFO: [ app_begin ] --END-- [ RunTime:0.000500s ]
INFO: [ app_end ] --START--
INFO: Run Behavior\ShowPageTraceBehavior [ RunTime:0.001000s ]
INFO: [ app_end ] --END-- [ RunTime:0.001000s ]

[ 2016-12-26T18:29:24+08:00 ] 192.168.0.217 /index/get_user_xy
INFO: [ app_init ] --START--
INFO: Run Behavior\BuildLiteBehavior [ RunTime:0.000000s ]
INFO: [ app_init ] --END-- [ RunTime:0.000000s ]
INFO: [ app_begin ] --START--
INFO: Run Behavior\ReadHtmlCacheBehavior [ RunTime:0.001000s ]
INFO: [ app_begin ] --END-- [ RunTime:0.001000s ]
INFO: [ app_end ] --START--
INFO: Run Behavior\ShowPageTraceBehavior [ RunTime:0.000500s ]
INFO: [ app_end ] --END-- [ RunTime:0.000500s ]

[ 2016-12-26T18:29:25+08:00 ] 192.168.0.217 /index/get_untreated
INFO: [ app_init ] --START--
INFO: Run Behavior\BuildLiteBehavior [ RunTime:0.000500s ]
INFO: [ app_init ] --END-- [ RunTime:0.000500s ]
INFO: [ app_begin ] --START--
INFO: Run Behavior\ReadHtmlCacheBehavior [ RunTime:0.001000s ]
INFO: [ app_begin ] --END-- [ RunTime:0.001000s ]

[ 2016-12-26T18:31:30+08:00 ] 192.168.0.217 /Address/is_ajax_login
INFO: [ app_init ] --START--
INFO: Run Behavior\BuildLiteBehavior [ RunTime:0.000000s ]
INFO: [ app_init ] --END-- [ RunTime:0.000500s ]
INFO: [ app_begin ] --START--
INFO: Run Behavior\ReadHtmlCacheBehavior [ RunTime:0.001000s ]
INFO: [ app_begin ] --END-- [ RunTime:0.001000s ]
NOTIC: [2] Illegal string offset 'user_id' D:\xampp\htdocs\weixin_hhj\Application\Home\Controller\IndexController.class.php 第 416 行.
NOTIC: [8] Uninitialized string offset: 0 D:\xampp\htdocs\weixin_hhj\Application\Home\Controller\IndexController.class.php 第 416 行.
NOTIC: [2] Illegal string offset 'token' D:\xampp\htdocs\weixin_hhj\Application\Home\Controller\IndexController.class.php 第 416 行.
NOTIC: [8] Uninitialized string offset: 0 D:\xampp\htdocs\weixin_hhj\Application\Home\Controller\IndexController.class.php 第 416 行.
INFO: [ app_end ] --START--
INFO: Run Behavior\ShowPageTraceBehavior [ RunTime:0.001000s ]
INFO: [ app_end ] --END-- [ RunTime:0.001000s ]

[ 2016-12-26T18:31:30+08:00 ] 192.168.0.217 /user/login.html
INFO: [ app_init ] --START--
INFO: Run Behavior\BuildLiteBehavior [ RunTime:0.000000s ]
INFO: [ app_init ] --END-- [ RunTime:0.000500s ]
INFO: [ app_begin ] --START--
INFO: Run Behavior\ReadHtmlCacheBehavior [ RunTime:0.001000s ]
INFO: [ app_begin ] --END-- [ RunTime:0.001000s ]
NOTIC: [8] Undefined index: mobile D:\xampp\htdocs\weixin_hhj\Application\Home\Controller\UserController.class.php 第 28 行.
INFO: [ view_parse ] --START--
INFO: [ template_filter ] --START--
INFO: Run Behavior\ContentReplaceBehavior [ RunTime:0.000000s ]
INFO: [ template_filter ] --END-- [ RunTime:0.000000s ]
INFO: Run Behavior\ParseTemplateBehavior [ RunTime:0.016002s ]
INFO: [ view_parse ] --END-- [ RunTime:0.016502s ]
INFO: [ view_filter ] --START--
INFO: Run Behavior\WriteHtmlCacheBehavior [ RunTime:0.000500s ]
INFO: [ view_filter ] --END-- [ RunTime:0.000500s ]
INFO: [ app_end ] --START--
INFO: Run Behavior\ShowPageTraceBehavior [ RunTime:0.001500s ]
INFO: [ app_end ] --END-- [ RunTime:0.001500s ]

[ 2016-12-26T18:31:31+08:00 ] 192.168.0.217 /Checkcode/index?font_size=20&width=150&height=40
INFO: [ app_init ] --START--
INFO: Run Behavior\BuildLiteBehavior [ RunTime:0.000000s ]
INFO: [ app_init ] --END-- [ RunTime:0.000500s ]
INFO: [ app_begin ] --START--
INFO: Run Behavior\ReadHtmlCacheBehavior [ RunTime:0.001001s ]
INFO: [ app_begin ] --END-- [ RunTime:0.001001s ]
INFO: [ app_end ] --START--
INFO: Run Behavior\ShowPageTraceBehavior [ RunTime:0.001000s ]
INFO: [ app_end ] --END-- [ RunTime:0.001000s ]

[ 2016-12-26T18:31:39+08:00 ] 192.168.0.217 /User/getmobile_code
INFO: [ app_init ] --START--
INFO: Run Behavior\BuildLiteBehavior [ RunTime:0.000000s ]
INFO: [ app_init ] --END-- [ RunTime:0.000500s ]
INFO: [ app_begin ] --START--
INFO: Run Behavior\ReadHtmlCacheBehavior [ RunTime:0.001000s ]
INFO: [ app_begin ] --END-- [ RunTime:0.001000s ]
INFO: [ app_end ] --START--
INFO: Run Behavior\ShowPageTraceBehavior [ RunTime:0.001000s ]
INFO: [ app_end ] --END-- [ RunTime:0.001000s ]

[ 2016-12-26T18:31:54+08:00 ] 192.168.0.217 /user/loginuser
INFO: [ app_init ] --START--
INFO: Run Behavior\BuildLiteBehavior [ RunTime:0.000000s ]
INFO: [ app_init ] --END-- [ RunTime:0.000500s ]
INFO: [ app_begin ] --START--
INFO: Run Behavior\ReadHtmlCacheBehavior [ RunTime:0.001000s ]
INFO: [ app_begin ] --END-- [ RunTime:0.002000s ]
NOTIC: [8] Undefined index: openid D:\xampp\htdocs\weixin_hhj\Application\Home\Controller\UserController.class.php 第 56 行.
NOTIC: [8] Undefined variable: address_id D:\xampp\htdocs\weixin_hhj\Application\Home\Controller\AddressController.class.php 第 470 行.
INFO: [ app_end ] --START--
INFO: Run Behavior\ShowPageTraceBehavior [ RunTime:0.001000s ]
INFO: [ app_end ] --END-- [ RunTime:0.001000s ]

[ 2016-12-26T18:31:55+08:00 ] 192.168.0.217 /index/index
INFO: [ app_init ] --START--
INFO: Run Behavior\BuildLiteBehavior [ RunTime:0.000000s ]
INFO: [ app_init ] --END-- [ RunTime:0.000500s ]
INFO: [ app_begin ] --START--
INFO: Run Behavior\ReadHtmlCacheBehavior [ RunTime:0.001000s ]
INFO: [ app_begin ] --END-- [ RunTime:0.001000s ]
NOTIC: [2] Invalid argument supplied for foreach() D:\xampp\htdocs\weixin_hhj\Application\Home\Controller\IndexController.class.php 第 26 行.
NOTIC: [8] Undefined variable: uid D:\xampp\htdocs\weixin_hhj\Application\Home\Controller\CategoryController.class.php 第 329 行.
NOTIC: [8] Undefined variable: token D:\xampp\htdocs\weixin_hhj\Application\Home\Controller\CategoryController.class.php 第 329 行.
NOTIC: [8] Undefined variable: shop_love_shop D:\xampp\htdocs\weixin_hhj\Application\Home\Controller\IndexController.class.php 第 73 行.
NOTIC: [8] Undefined variable: meiqia_data D:\xampp\htdocs\weixin_hhj\Application\Home\Controller\IndexController.class.php 第 81 行.
NOTIC: [8] Undefined index: openid D:\xampp\htdocs\weixin_hhj\Application\Home\Controller\IndexController.class.php 第 83 行.
INFO: [ view_parse ] --START--
INFO: [ template_filter ] --START--
INFO: Run Behavior\ContentReplaceBehavior [ RunTime:0.000000s ]
INFO: [ template_filter ] --END-- [ RunTime:0.000500s ]
NOTIC: [8] Undefined index: pic D:\xampp\htdocs\weixin_hhj\Application\Runtime\Cache\Home\2a94b8bda04ff446dcedd42276fc99ee.php 第 97 行.
NOTIC: [8] Undefined index: cat_name D:\xampp\htdocs\weixin_hhj\Application\Runtime\Cache\Home\2a94b8bda04ff446dcedd42276fc99ee.php 第 97 行.
NOTIC: [8] Undefined index: cat_name D:\xampp\htdocs\weixin_hhj\Application\Runtime\Cache\Home\2a94b8bda04ff446dcedd42276fc99ee.php 第 98 行.
NOTIC: [8] Undefined index: pic D:\xampp\htdocs\weixin_hhj\Application\Runtime\Cache\Home\2a94b8bda04ff446dcedd42276fc99ee.php 第 101 行.
NOTIC: [8] Undefined index: cat_name D:\xampp\htdocs\weixin_hhj\Application\Runtime\Cache\Home\2a94b8bda04ff446dcedd42276fc99ee.php 第 101 行.
NOTIC: [8] Undefined index: cat_name D:\xampp\htdocs\weixin_hhj\Application\Runtime\Cache\Home\2a94b8bda04ff446dcedd42276fc99ee.php 第 102 行.
NOTIC: [8] Undefined index: pic D:\xampp\htdocs\weixin_hhj\Application\Runtime\Cache\Home\2a94b8bda04ff446dcedd42276fc99ee.php 第 105 行.
NOTIC: [8] Undefined index: cat_name D:\xampp\htdocs\weixin_hhj\Application\Runtime\Cache\Home\2a94b8bda04ff446dcedd42276fc99ee.php 第 105 行.
NOTIC: [8] Undefined index: cat_name D:\xampp\htdocs\weixin_hhj\Application\Runtime\Cache\Home\2a94b8bda04ff446dcedd42276fc99ee.php 第 106 行.
NOTIC: [8] Undefined index: pic D:\xampp\htdocs\weixin_hhj\Application\Runtime\Cache\Home\2a94b8bda04ff446dcedd42276fc99ee.php 第 109 行.
NOTIC: [8] Undefined index: cat_name D:\xampp\htdocs\weixin_hhj\Application\Runtime\Cache\Home\2a94b8bda04ff446dcedd42276fc99ee.php 第 109 行.
NOTIC: [8] Undefined index: cat_name D:\xampp\htdocs\weixin_hhj\Application\Runtime\Cache\Home\2a94b8bda04ff446dcedd42276fc99ee.php 第 110 行.
NOTIC: [8] Undefined index: pic D:\xampp\htdocs\weixin_hhj\Application\Runtime\Cache\Home\2a94b8bda04ff446dcedd42276fc99ee.php 第 113 行.
NOTIC: [8] Undefined index: cat_name D:\xampp\htdocs\weixin_hhj\Application\Runtime\Cache\Home\2a94b8bda04ff446dcedd42276fc99ee.php 第 113 行.
NOTIC: [8] Undefined index: cat_name D:\xampp\htdocs\weixin_hhj\Application\Runtime\Cache\Home\2a94b8bda04ff446dcedd42276fc99ee.php 第 114 行.
INFO: Run Behavior\ParseTemplateBehavior [ RunTime:0.040005s ]
INFO: [ view_parse ] --END-- [ RunTime:0.040005s ]
INFO: [ view_filter ] --START--
INFO: Run Behavior\WriteHtmlCacheBehavior [ RunTime:0.001000s ]
INFO: [ view_filter ] --END-- [ RunTime:0.001000s ]
INFO: [ app_end ] --START--
INFO: Run Behavior\ShowPageTraceBehavior [ RunTime:0.002000s ]
INFO: [ app_end ] --END-- [ RunTime:0.002000s ]

[ 2016-12-26T18:31:56+08:00 ] 192.168.0.217 /Cart/index
INFO: [ app_init ] --START--
INFO: Run Behavior\BuildLiteBehavior [ RunTime:0.000000s ]
INFO: [ app_init ] --END-- [ RunTime:0.000500s ]
INFO: [ app_begin ] --START--
INFO: Run Behavior\ReadHtmlCacheBehavior [ RunTime:0.001000s ]
INFO: [ app_begin ] --END-- [ RunTime:0.001000s ]
NOTIC: [8] Undefined index: shop_id D:\xampp\htdocs\weixin_hhj\Application\Home\Controller\CartController.class.php 第 9 行.
NOTIC: [8] Undefined index: act_ticket D:\xampp\htdocs\weixin_hhj\Application\Home\Controller\CartController.class.php 第 10 行.
NOTIC: [8] Undefined index: goods_ticket D:\xampp\htdocs\weixin_hhj\Application\Home\Controller\CartController.class.php 第 11 行.
NOTIC: [8] Undefined index: distribution D:\xampp\htdocs\weixin_hhj\Application\Home\Controller\CartController.class.php 第 12 行.
NOTIC: [8] Undefined variable: address_id D:\xampp\htdocs\weixin_hhj\Application\Home\Controller\AddressController.class.php 第 470 行.
NOTIC: [2] Invalid argument supplied for foreach() D:\xampp\htdocs\weixin_hhj\Application\Home\Controller\CartController.class.php 第 86 行.
NOTIC: [2] Invalid argument supplied for foreach() D:\xampp\htdocs\weixin_hhj\Application\Home\Controller\CartController.class.php 第 91 行.
NOTIC: [2] Invalid argument supplied for foreach() D:\xampp\htdocs\weixin_hhj\Application\Home\Controller\CartController.class.php 第 81 行.
NOTIC: [2] Invalid argument supplied for foreach() D:\xampp\htdocs\weixin_hhj\Application\Home\Controller\CartController.class.php 第 86 行.
NOTIC: [2] Invalid argument supplied for foreach() D:\xampp\htdocs\weixin_hhj\Application\Home\Controller\CartController.class.php 第 91 行.
INFO: [ view_parse ] --START--
INFO: [ template_filter ] --START--
INFO: Run Behavior\ContentReplaceBehavior [ RunTime:0.000500s ]
INFO: [ template_filter ] --END-- [ RunTime:0.001000s ]
NOTIC: [8] Undefined index: shop_orderphone1 D:\xampp\htdocs\weixin_hhj\Application\Runtime\Cache\Home\6f105010063b4e4da2af04cb5dd2d5a4.php 第 77 行.
NOTIC: [8] Undefined index: city_baiducode D:\xampp\htdocs\weixin_hhj\Application\Runtime\Cache\Home\6f105010063b4e4da2af04cb5dd2d5a4.php 第 448 行.
NOTIC: [8] Undefined index: city_baiducode D:\xampp\htdocs\weixin_hhj\Application\Runtime\Cache\Home\6f105010063b4e4da2af04cb5dd2d5a4.php 第 450 行.
NOTIC: [8] Undefined index: city_baiducode D:\xampp\htdocs\weixin_hhj\Application\Runtime\Cache\Home\6f105010063b4e4da2af04cb5dd2d5a4.php 第 452 行.
NOTIC: [8] Undefined index: city_baiducode D:\xampp\htdocs\weixin_hhj\Application\Runtime\Cache\Home\6f105010063b4e4da2af04cb5dd2d5a4.php 第 448 行.
NOTIC: [8] Undefined index: city_baiducode D:\xampp\htdocs\weixin_hhj\Application\Runtime\Cache\Home\6f105010063b4e4da2af04cb5dd2d5a4.php 第 450 行.
NOTIC: [8] Undefined index: city_baiducode D:\xampp\htdocs\weixin_hhj\Application\Runtime\Cache\Home\6f105010063b4e4da2af04cb5dd2d5a4.php 第 452 行.
NOTIC: [8] Undefined index: city_baiducode D:\xampp\htdocs\weixin_hhj\Application\Runtime\Cache\Home\6f105010063b4e4da2af04cb5dd2d5a4.php 第 448 行.
NOTIC: [8] Undefined index: city_baiducode D:\xampp\htdocs\weixin_hhj\Application\Runtime\Cache\Home\6f105010063b4e4da2af04cb5dd2d5a4.php 第 450 行.
NOTIC: [8] Undefined index: city_baiducode D:\xampp\htdocs\weixin_hhj\Application\Runtime\Cache\Home\6f105010063b4e4da2af04cb5dd2d5a4.php 第 452 行.
NOTIC: [8] Undefined index: city_baiducode D:\xampp\htdocs\weixin_hhj\Application\Runtime\Cache\Home\6f105010063b4e4da2af04cb5dd2d5a4.php 第 448 行.
NOTIC: [8] Undefined index: city_baiducode D:\xampp\htdocs\weixin_hhj\Application\Runtime\Cache\Home\6f105010063b4e4da2af04cb5dd2d5a4.php 第 450 行.
NOTIC: [8] Undefined index: city_baiducode D:\xampp\htdocs\weixin_hhj\Application\Runtime\Cache\Home\6f105010063b4e4da2af04cb5dd2d5a4.php 第 452 行.
NOTIC: [8] Undefined index: city_baiducode D:\xampp\htdocs\weixin_hhj\Application\Runtime\Cache\Home\6f105010063b4e4da2af04cb5dd2d5a4.php 第 448 行.
NOTIC: [8] Undefined index: city_baiducode D:\xampp\htdocs\weixin_hhj\Application\Runtime\Cache\Home\6f105010063b4e4da2af04cb5dd2d5a4.php 第 450 行.
NOTIC: [8] Undefined index: city_baiducode D:\xampp\htdocs\weixin_hhj\Application\Runtime\Cache\Home\6f105010063b4e4da2af04cb5dd2d5a4.php 第 452 行.
NOTIC: [8] Undefined index: city_baiducode D:\xampp\htdocs\weixin_hhj\Application\Runtime\Cache\Home\6f105010063b4e4da2af04cb5dd2d5a4.php 第 448 行.
NOTIC: [8] Undefined index: city_baiducode D:\xampp\htdocs\weixin_hhj\Application\Runtime\Cache\Home\6f105010063b4e4da2af04cb5dd2d5a4.php 第 450 行.
NOTIC: [8] Undefined index: city_baiducode D:\xampp\htdocs\weixin_hhj\Application\Runtime\Cache\Home\6f105010063b4e4da2af04cb5dd2d5a4.php 第 452 行.
NOTIC: [8] Undefined index: city_baiducode D:\xampp\htdocs\weixin_hhj\Application\Runtime\Cache\Home\6f105010063b4e4da2af04cb5dd2d5a4.php 第 448 行.
NOTIC: [8] Undefined index: city_baiducode D:\xampp\htdocs\weixin_hhj\Application\Runtime\Cache\Home\6f105010063b4e4da2af04cb5dd2d5a4.php 第 450 行.
NOTIC: [8] Undefined index: city_baiducode D:\xampp\htdocs\weixin_hhj\Application\Runtime\Cache\Home\6f105010063b4e4da2af04cb5dd2d5a4.php 第 452 行.
NOTIC: [8] Undefined index: city_baiducode D:\xampp\htdocs\weixin_hhj\Application\Runtime\Cache\Home\6f105010063b4e4da2af04cb5dd2d5a4.php 第 448 行.
NOTIC: [8] Undefined index: city_baiducode D:\xampp\htdocs\weixin_hhj\Application\Runtime\Cache\Home\6f105010063b4e4da2af04cb5dd2d5a4.php 第 450 行.
NOTIC: [8] Undefined index: city_baiducode D:\xampp\htdocs\weixin_hhj\Application\Runtime\Cache\Home\6f105010063b4e4da2af04cb5dd2d5a4.php 第 452 行.
INFO: Run Behavior\ParseTemplateBehavior [ RunTime:0.052007s ]
INFO: [ view_parse ] --END-- [ RunTime:0.052507s ]
INFO: [ view_filter ] --START--
INFO: Run Behavior\WriteHtmlCacheBehavior [ RunTime:0.001000s ]
INFO: [ view_filter ] --END-- [ RunTime:0.001000s ]
INFO: [ app_end ] --START--
INFO: Run Behavior\ShowPageTraceBehavior [ RunTime:0.002000s ]
INFO: [ app_end ] --END-- [ RunTime:0.002000s ]

[ 2016-12-26T18:31:56+08:00 ] 192.168.0.217 /min/index?f=/Public/js/index.js
INFO: [ app_init ] --START--
INFO: Run Behavior\BuildLiteBehavior [ RunTime:0.000500s ]
INFO: [ app_init ] --END-- [ RunTime:0.001500s ]
INFO: [ app_begin ] --START--
INFO: Run Behavior\ReadHtmlCacheBehavior [ RunTime:0.000500s ]
INFO: [ app_begin ] --END-- [ RunTime:0.000500s ]

[ 2016-12-26T18:31:56+08:00 ] 192.168.0.217 /min/index?f=/Public/js/lib/swiper.min.js
INFO: [ app_init ] --START--
INFO: Run Behavior\BuildLiteBehavior [ RunTime:0.000000s ]
INFO: [ app_init ] --END-- [ RunTime:0.000500s ]
INFO: [ app_begin ] --START--
INFO: Run Behavior\ReadHtmlCacheBehavior [ RunTime:0.000500s ]
INFO: [ app_begin ] --END-- [ RunTime:0.001000s ]

[ 2016-12-26T18:31:57+08:00 ] 192.168.0.217 /Sample/index
INFO: [ app_init ] --START--
INFO: Run Behavior\BuildLiteBehavior [ RunTime:0.000000s ]
INFO: [ app_init ] --END-- [ RunTime:0.000500s ]
INFO: [ app_begin ] --START--
INFO: Run Behavior\ReadHtmlCacheBehavior [ RunTime:0.000500s ]
INFO: [ app_begin ] --END-- [ RunTime:0.000500s ]
INFO: [ app_end ] --START--
INFO: Run Behavior\ShowPageTraceBehavior [ RunTime:0.001500s ]
INFO: [ app_end ] --END-- [ RunTime:0.001500s ]

[ 2016-12-26T18:31:57+08:00 ] 192.168.0.217 /index/get_user_xy
INFO: [ app_init ] --START--
INFO: Run Behavior\BuildLiteBehavior [ RunTime:0.000000s ]
INFO: [ app_init ] --END-- [ RunTime:0.000500s ]
INFO: [ app_begin ] --START--
INFO: Run Behavior\ReadHtmlCacheBehavior [ RunTime:0.000500s ]
INFO: [ app_begin ] --END-- [ RunTime:0.000500s ]
INFO: [ app_end ] --START--
INFO: Run Behavior\ShowPageTraceBehavior [ RunTime:0.001001s ]
INFO: [ app_end ] --END-- [ RunTime:0.001001s ]

[ 2016-12-26T18:31:57+08:00 ] 192.168.0.217 /min/maps/swiper.min.js.map
INFO: [ app_init ] --START--
INFO: Run Behavior\BuildLiteBehavior [ RunTime:0.000000s ]
INFO: [ app_init ] --END-- [ RunTime:0.000500s ]
INFO: [ app_begin ] --START--
INFO: Run Behavior\ReadHtmlCacheBehavior [ RunTime:0.000500s ]
INFO: [ app_begin ] --END-- [ RunTime:0.001000s ]
ERR: 非法操作:maps

[ 2016-12-26T18:31:57+08:00 ] 192.168.0.217 /index/get_untreated
INFO: [ app_init ] --START--
INFO: Run Behavior\BuildLiteBehavior [ RunTime:0.000000s ]
INFO: [ app_init ] --END-- [ RunTime:0.000500s ]
INFO: [ app_begin ] --START--
INFO: Run Behavior\ReadHtmlCacheBehavior [ RunTime:0.001000s ]
INFO: [ app_begin ] --END-- [ RunTime:0.001000s ]

[ 2016-12-26T18:32:15+08:00 ] 192.168.0.217 /index/index
INFO: [ app_init ] --START--
INFO: Run Behavior\BuildLiteBehavior [ RunTime:0.000000s ]
INFO: [ app_init ] --END-- [ RunTime:0.000500s ]
INFO: [ app_begin ] --START--
INFO: Run Behavior\ReadHtmlCacheBehavior [ RunTime:0.000500s ]
INFO: [ app_begin ] --END-- [ RunTime:0.001000s ]
NOTIC: [2] Invalid argument supplied for foreach() D:\xampp\htdocs\weixin_hhj\Application\Home\Controller\IndexController.class.php 第 26 行.
NOTIC: [8] Undefined variable: uid D:\xampp\htdocs\weixin_hhj\Application\Home\Controller\CategoryController.class.php 第 329 行.
NOTIC: [8] Undefined variable: token D:\xampp\htdocs\weixin_hhj\Application\Home\Controller\CategoryController.class.php 第 329 行.
NOTIC: [8] Undefined variable: shop_love_shop D:\xampp\htdocs\weixin_hhj\Application\Home\Controller\IndexController.class.php 第 73 行.
NOTIC: [8] Undefined variable: meiqia_data D:\xampp\htdocs\weixin_hhj\Application\Home\Controller\IndexController.class.php 第 81 行.
NOTIC: [8] Undefined index: openid D:\xampp\htdocs\weixin_hhj\Application\Home\Controller\IndexController.class.php 第 83 行.
INFO: [ view_parse ] --START--
INFO: [ template_filter ] --START--
INFO: Run Behavior\ContentReplaceBehavior [ RunTime:0.000500s ]
INFO: [ template_filter ] --END-- [ RunTime:0.000500s ]
NOTIC: [8] Undefined index: pic D:\xampp\htdocs\weixin_hhj\Application\Runtime\Cache\Home\2a94b8bda04ff446dcedd42276fc99ee.php 第 90 行.
NOTIC: [8] Undefined index: cat_name D:\xampp\htdocs\weixin_hhj\Application\Runtime\Cache\Home\2a94b8bda04ff446dcedd42276fc99ee.php 第 90 行.
NOTIC: [8] Undefined index: cat_name D:\xampp\htdocs\weixin_hhj\Application\Runtime\Cache\Home\2a94b8bda04ff446dcedd42276fc99ee.php 第 91 行.
NOTIC: [8] Undefined index: pic D:\xampp\htdocs\weixin_hhj\Application\Runtime\Cache\Home\2a94b8bda04ff446dcedd42276fc99ee.php 第 94 行.
NOTIC: [8] Undefined index: cat_name D:\xampp\htdocs\weixin_hhj\Application\Runtime\Cache\Home\2a94b8bda04ff446dcedd42276fc99ee.php 第 94 行.
NOTIC: [8] Undefined index: cat_name D:\xampp\htdocs\weixin_hhj\Application\Runtime\Cache\Home\2a94b8bda04ff446dcedd42276fc99ee.php 第 95 行.
NOTIC: [8] Undefined index: pic D:\xampp\htdocs\weixin_hhj\Application\Runtime\Cache\Home\2a94b8bda04ff446dcedd42276fc99ee.php 第 98 行.
NOTIC: [8] Undefined index: cat_name D:\xampp\htdocs\weixin_hhj\Application\Runtime\Cache\Home\2a94b8bda04ff446dcedd42276fc99ee.php 第 98 行.
NOTIC: [8] Undefined index: cat_name D:\xampp\htdocs\weixin_hhj\Application\Runtime\Cache\Home\2a94b8bda04ff446dcedd42276fc99ee.php 第 99 行.
NOTIC: [8] Undefined index: pic D:\xampp\htdocs\weixin_hhj\Application\Runtime\Cache\Home\2a94b8bda04ff446dcedd42276fc99ee.php 第 102 行.
NOTIC: [8] Undefined index: cat_name D:\xampp\htdocs\weixin_hhj\Application\Runtime\Cache\Home\2a94b8bda04ff446dcedd42276fc99ee.php 第 102 行.
NOTIC: [8] Undefined index: cat_name D:\xampp\htdocs\weixin_hhj\Application\Runtime\Cache\Home\2a94b8bda04ff446dcedd42276fc99ee.php 第 103 行.
NOTIC: [8] Undefined index: pic D:\xampp\htdocs\weixin_hhj\Application\Runtime\Cache\Home\2a94b8bda04ff446dcedd42276fc99ee.php 第 106 行.
NOTIC: [8] Undefined index: cat_name D:\xampp\htdocs\weixin_hhj\Application\Runtime\Cache\Home\2a94b8bda04ff446dcedd42276fc99ee.php 第 106 行.
NOTIC: [8] Undefined index: cat_name D:\xampp\htdocs\weixin_hhj\Application\Runtime\Cache\Home\2a94b8bda04ff446dcedd42276fc99ee.php 第 107 行.
INFO: Run Behavior\ParseTemplateBehavior [ RunTime:0.027004s ]
INFO: [ view_parse ] --END-- [ RunTime:0.027504s ]
INFO: [ view_filter ] --START--
INFO: Run Behavior\WriteHtmlCacheBehavior [ RunTime:0.000500s ]
INFO: [ view_filter ] --END-- [ RunTime:0.000500s ]
INFO: [ app_end ] --START--
INFO: Run Behavior\ShowPageTraceBehavior [ RunTime:0.001000s ]
INFO: [ app_end ] --END-- [ RunTime:0.001000s ]

[ 2016-12-26T18:32:16+08:00 ] 192.168.0.217 /Cart/index
INFO: [ app_init ] --START--
INFO: Run Behavior\BuildLiteBehavior [ RunTime:0.000000s ]
INFO: [ app_init ] --END-- [ RunTime:0.000500s ]
INFO: [ app_begin ] --START--
INFO: Run Behavior\ReadHtmlCacheBehavior [ RunTime:0.001000s ]
INFO: [ app_begin ] --END-- [ RunTime:0.001000s ]
NOTIC: [8] Undefined index: shop_id D:\xampp\htdocs\weixin_hhj\Application\Home\Controller\CartController.class.php 第 9 行.
NOTIC: [8] Undefined index: act_ticket D:\xampp\htdocs\weixin_hhj\Application\Home\Controller\CartController.class.php 第 10 行.
NOTIC: [8] Undefined index: goods_ticket D:\xampp\htdocs\weixin_hhj\Application\Home\Controller\CartController.class.php 第 11 行.
NOTIC: [8] Undefined index: distribution D:\xampp\htdocs\weixin_hhj\Application\Home\Controller\CartController.class.php 第 12 行.
NOTIC: [8] Undefined variable: address_id D:\xampp\htdocs\weixin_hhj\Application\Home\Controller\AddressController.class.php 第 470 行.
NOTIC: [2] Invalid argument supplied for foreach() D:\xampp\htdocs\weixin_hhj\Application\Home\Controller\CartController.class.php 第 86 行.
NOTIC: [2] Invalid argument supplied for foreach() D:\xampp\htdocs\weixin_hhj\Application\Home\Controller\CartController.class.php 第 91 行.
NOTIC: [2] Invalid argument supplied for foreach() D:\xampp\htdocs\weixin_hhj\Application\Home\Controller\CartController.class.php 第 81 行.
NOTIC: [2] Invalid argument supplied for foreach() D:\xampp\htdocs\weixin_hhj\Application\Home\Controller\CartController.class.php 第 86 行.
NOTIC: [2] Invalid argument supplied for foreach() D:\xampp\htdocs\weixin_hhj\Application\Home\Controller\CartController.class.php 第 91 行.
INFO: [ view_parse ] --START--
INFO: [ template_filter ] --START--
INFO: Run Behavior\ContentReplaceBehavior [ RunTime:0.000500s ]
INFO: [ template_filter ] --END-- [ RunTime:0.001000s ]
NOTIC: [8] Undefined index: shop_orderphone1 D:\xampp\htdocs\weixin_hhj\Application\Runtime\Cache\Home\6f105010063b4e4da2af04cb5dd2d5a4.php 第 77 行.
NOTIC: [8] Undefined index: city_baiducode D:\xampp\htdocs\weixin_hhj\Application\Runtime\Cache\Home\6f105010063b4e4da2af04cb5dd2d5a4.php 第 448 行.
NOTIC: [8] Undefined index: city_baiducode D:\xampp\htdocs\weixin_hhj\Application\Runtime\Cache\Home\6f105010063b4e4da2af04cb5dd2d5a4.php 第 450 行.
NOTIC: [8] Undefined index: city_baiducode D:\xampp\htdocs\weixin_hhj\Application\Runtime\Cache\Home\6f105010063b4e4da2af04cb5dd2d5a4.php 第 452 行.
NOTIC: [8] Undefined index: city_baiducode D:\xampp\htdocs\weixin_hhj\Application\Runtime\Cache\Home\6f105010063b4e4da2af04cb5dd2d5a4.php 第 448 行.
NOTIC: [8] Undefined index: city_baiducode D:\xampp\htdocs\weixin_hhj\Application\Runtime\Cache\Home\6f105010063b4e4da2af04cb5dd2d5a4.php 第 450 行.
NOTIC: [8] Undefined index: city_baiducode D:\xampp\htdocs\weixin_hhj\Application\Runtime\Cache\Home\6f105010063b4e4da2af04cb5dd2d5a4.php 第 452 行.
NOTIC: [8] Undefined index: city_baiducode D:\xampp\htdocs\weixin_hhj\Application\Runtime\Cache\Home\6f105010063b4e4da2af04cb5dd2d5a4.php 第 448 行.
NOTIC: [8] Undefined index: city_baiducode D:\xampp\htdocs\weixin_hhj\Application\Runtime\Cache\Home\6f105010063b4e4da2af04cb5dd2d5a4.php 第 450 行.
NOTIC: [8] Undefined index: city_baiducode D:\xampp\htdocs\weixin_hhj\Application\Runtime\Cache\Home\6f105010063b4e4da2af04cb5dd2d5a4.php 第 452 行.
NOTIC: [8] Undefined index: city_baiducode D:\xampp\htdocs\weixin_hhj\Application\Runtime\Cache\Home\6f105010063b4e4da2af04cb5dd2d5a4.php 第 448 行.
NOTIC: [8] Undefined index: city_baiducode D:\xampp\htdocs\weixin_hhj\Application\Runtime\Cache\Home\6f105010063b4e4da2af04cb5dd2d5a4.php 第 450 行.
NOTIC: [8] Undefined index: city_baiducode D:\xampp\htdocs\weixin_hhj\Application\Runtime\Cache\Home\6f105010063b4e4da2af04cb5dd2d5a4.php 第 452 行.
NOTIC: [8] Undefined index: city_baiducode D:\xampp\htdocs\weixin_hhj\Application\Runtime\Cache\Home\6f105010063b4e4da2af04cb5dd2d5a4.php 第 448 行.
NOTIC: [8] Undefined index: city_baiducode D:\xampp\htdocs\weixin_hhj\Application\Runtime\Cache\Home\6f105010063b4e4da2af04cb5dd2d5a4.php 第 450 行.
NOTIC: [8] Undefined index: city_baiducode D:\xampp\htdocs\weixin_hhj\Application\Runtime\Cache\Home\6f105010063b4e4da2af04cb5dd2d5a4.php 第 452 行.
NOTIC: [8] Undefined index: city_baiducode D:\xampp\htdocs\weixin_hhj\Application\Runtime\Cache\Home\6f105010063b4e4da2af04cb5dd2d5a4.php 第 448 行.
NOTIC: [8] Undefined index: city_baiducode D:\xampp\htdocs\weixin_hhj\Application\Runtime\Cache\Home\6f105010063b4e4da2af04cb5dd2d5a4.php 第 450 行.
NOTIC: [8] Undefined index: city_baiducode D:\xampp\htdocs\weixin_hhj\Application\Runtime\Cache\Home\6f105010063b4e4da2af04cb5dd2d5a4.php 第 452 行.
NOTIC: [8] Undefined index: city_baiducode D:\xampp\htdocs\weixin_hhj\Application\Runtime\Cache\Home\6f105010063b4e4da2af04cb5dd2d5a4.php 第 448 行.
NOTIC: [8] Undefined index: city_baiducode D:\xampp\htdocs\weixin_hhj\Application\Runtime\Cache\Home\6f105010063b4e4da2af04cb5dd2d5a4.php 第 450 行.
NOTIC: [8] Undefined index: city_baiducode D:\xampp\htdocs\weixin_hhj\Application\Runtime\Cache\Home\6f105010063b4e4da2af04cb5dd2d5a4.php 第 452 行.
NOTIC: [8] Undefined index: city_baiducode D:\xampp\htdocs\weixin_hhj\Application\Runtime\Cache\Home\6f105010063b4e4da2af04cb5dd2d5a4.php 第 448 行.
NOTIC: [8] Undefined index: city_baiducode D:\xampp\htdocs\weixin_hhj\Application\Runtime\Cache\Home\6f105010063b4e4da2af04cb5dd2d5a4.php 第 450 行.
NOTIC: [8] Undefined index: city_baiducode D:\xampp\htdocs\weixin_hhj\Application\Runtime\Cache\Home\6f105010063b4e4da2af04cb5dd2d5a4.php 第 452 行.
INFO: Run Behavior\ParseTemplateBehavior [ RunTime:0.044505s ]
INFO: [ view_parse ] --END-- [ RunTime:0.044505s ]
INFO: [ view_filter ] --START--
INFO: Run Behavior\WriteHtmlCacheBehavior [ RunTime:0.000500s ]
INFO: [ view_filter ] --END-- [ RunTime:0.000500s ]
INFO: [ app_end ] --START--
INFO: Run Behavior\ShowPageTraceBehavior [ RunTime:0.001000s ]
INFO: [ app_end ] --END-- [ RunTime:0.001500s ]

[ 2016-12-26T18:32:16+08:00 ] 192.168.0.217 /min/index?f=/Public/js/lib/swiper.min.js
INFO: [ app_init ] --START--
INFO: Run Behavior\BuildLiteBehavior [ RunTime:0.000000s ]
INFO: [ app_init ] --END-- [ RunTime:0.000500s ]
INFO: [ app_begin ] --START--
INFO: Run Behavior\ReadHtmlCacheBehavior [ RunTime:0.001000s ]
INFO: [ app_begin ] --END-- [ RunTime:0.001000s ]

[ 2016-12-26T18:32:16+08:00 ] 192.168.0.217 /min/index?f=/Public/js/index.js
INFO: [ app_init ] --START--
INFO: Run Behavior\BuildLiteBehavior [ RunTime:0.000000s ]
INFO: [ app_init ] --END-- [ RunTime:0.000500s ]
INFO: [ app_begin ] --START--
INFO: Run Behavior\ReadHtmlCacheBehavior [ RunTime:0.001000s ]
INFO: [ app_begin ] --END-- [ RunTime:0.001000s ]

[ 2016-12-26T18:32:16+08:00 ] 192.168.0.217 /min/maps/swiper.min.js.map
INFO: [ app_init ] --START--
INFO: Run Behavior\BuildLiteBehavior [ RunTime:0.000000s ]
INFO: [ app_init ] --END-- [ RunTime:0.000500s ]
INFO: [ app_begin ] --START--
INFO: Run Behavior\ReadHtmlCacheBehavior [ RunTime:0.000501s ]
INFO: [ app_begin ] --END-- [ RunTime:0.001001s ]
ERR: 非法操作:maps

[ 2016-12-26T18:32:16+08:00 ] 192.168.0.217 /min/index?f=/Public/js/index.js
INFO: [ app_init ] --START--
INFO: Run Behavior\BuildLiteBehavior [ RunTime:0.000000s ]
INFO: [ app_init ] --END-- [ RunTime:0.001500s ]
INFO: [ app_begin ] --START--
INFO: Run Behavior\ReadHtmlCacheBehavior [ RunTime:0.000500s ]
INFO: [ app_begin ] --END-- [ RunTime:0.001000s ]

[ 2016-12-26T18:32:16+08:00 ] 192.168.0.217 /Sample/index
INFO: [ app_init ] --START--
INFO: Run Behavior\BuildLiteBehavior [ RunTime:0.000500s ]
INFO: [ app_init ] --END-- [ RunTime:0.000500s ]
INFO: [ app_begin ] --START--
INFO: Run Behavior\ReadHtmlCacheBehavior [ RunTime:0.000500s ]
INFO: [ app_begin ] --END-- [ RunTime:0.000500s ]
INFO: [ app_end ] --START--
INFO: Run Behavior\ShowPageTraceBehavior [ RunTime:0.001000s ]
INFO: [ app_end ] --END-- [ RunTime:0.001000s ]

[ 2016-12-26T18:32:17+08:00 ] 192.168.0.217 /index/get_user_xy
INFO: [ app_init ] --START--
INFO: Run Behavior\BuildLiteBehavior [ RunTime:0.000000s ]
INFO: [ app_init ] --END-- [ RunTime:0.000500s ]
INFO: [ app_begin ] --START--
INFO: Run Behavior\ReadHtmlCacheBehavior [ RunTime:0.001000s ]
INFO: [ app_begin ] --END-- [ RunTime:0.001000s ]
INFO: [ app_end ] --START--
INFO: Run Behavior\ShowPageTraceBehavior [ RunTime:0.000500s ]
INFO: [ app_end ] --END-- [ RunTime:0.001000s ]

[ 2016-12-26T18:32:17+08:00 ] 192.168.0.217 /index/get_untreated
INFO: [ app_init ] --START--
INFO: Run Behavior\BuildLiteBehavior [ RunTime:0.000000s ]
INFO: [ app_init ] --END-- [ RunTime:0.000500s ]
INFO: [ app_begin ] --START--
INFO: Run Behavior\ReadHtmlCacheBehavior [ RunTime:0.000500s ]
INFO: [ app_begin ] --END-- [ RunTime:0.000500s ]

[ 2016-12-26T18:32:23+08:00 ] 192.168.0.217 /index/index
INFO: [ app_init ] --START--
INFO: Run Behavior\BuildLiteBehavior [ RunTime:0.000000s ]
INFO: [ app_init ] --END-- [ RunTime:0.000500s ]
INFO: [ app_begin ] --START--
INFO: Run Behavior\ReadHtmlCacheBehavior [ RunTime:0.000500s ]
INFO: [ app_begin ] --END-- [ RunTime:0.000500s ]
NOTIC: [2] Invalid argument supplied for foreach() D:\xampp\htdocs\weixin_hhj\Application\Home\Controller\IndexController.class.php 第 26 行.
NOTIC: [8] Undefined variable: uid D:\xampp\htdocs\weixin_hhj\Application\Home\Controller\CategoryController.class.php 第 329 行.
NOTIC: [8] Undefined variable: token D:\xampp\htdocs\weixin_hhj\Application\Home\Controller\CategoryController.class.php 第 329 行.
NOTIC: [8] Undefined variable: shop_love_shop D:\xampp\htdocs\weixin_hhj\Application\Home\Controller\IndexController.class.php 第 73 行.
NOTIC: [8] Undefined variable: meiqia_data D:\xampp\htdocs\weixin_hhj\Application\Home\Controller\IndexController.class.php 第 81 行.
NOTIC: [8] Undefined index: openid D:\xampp\htdocs\weixin_hhj\Application\Home\Controller\IndexController.class.php 第 83 行.
INFO: [ view_parse ] --START--
INFO: [ template_filter ] --START--
INFO: Run Behavior\ContentReplaceBehavior [ RunTime:0.000500s ]
INFO: [ template_filter ] --END-- [ RunTime:0.000500s ]
NOTIC: [8] Undefined index: pic D:\xampp\htdocs\weixin_hhj\Application\Runtime\Cache\Home\2a94b8bda04ff446dcedd42276fc99ee.php 第 90 行.
NOTIC: [8] Undefined index: cat_name D:\xampp\htdocs\weixin_hhj\Application\Runtime\Cache\Home\2a94b8bda04ff446dcedd42276fc99ee.php 第 90 行.
NOTIC: [8] Undefined index: cat_name D:\xampp\htdocs\weixin_hhj\Application\Runtime\Cache\Home\2a94b8bda04ff446dcedd42276fc99ee.php 第 91 行.
NOTIC: [8] Undefined index: pic D:\xampp\htdocs\weixin_hhj\Application\Runtime\Cache\Home\2a94b8bda04ff446dcedd42276fc99ee.php 第 94 行.
NOTIC: [8] Undefined index: cat_name D:\xampp\htdocs\weixin_hhj\Application\Runtime\Cache\Home\2a94b8bda04ff446dcedd42276fc99ee.php 第 94 行.
NOTIC: [8] Undefined index: cat_name D:\xampp\htdocs\weixin_hhj\Application\Runtime\Cache\Home\2a94b8bda04ff446dcedd42276fc99ee.php 第 95 行.
NOTIC: [8] Undefined index: pic D:\xampp\htdocs\weixin_hhj\Application\Runtime\Cache\Home\2a94b8bda04ff446dcedd42276fc99ee.php 第 98 行.
NOTIC: [8] Undefined index: cat_name D:\xampp\htdocs\weixin_hhj\Application\Runtime\Cache\Home\2a94b8bda04ff446dcedd42276fc99ee.php 第 98 行.
NOTIC: [8] Undefined index: cat_name D:\xampp\htdocs\weixin_hhj\Application\Runtime\Cache\Home\2a94b8bda04ff446dcedd42276fc99ee.php 第 99 行.
NOTIC: [8] Undefined index: pic D:\xampp\htdocs\weixin_hhj\Application\Runtime\Cache\Home\2a94b8bda04ff446dcedd42276fc99ee.php 第 102 行.
NOTIC: [8] Undefined index: cat_name D:\xampp\htdocs\weixin_hhj\Application\Runtime\Cache\Home\2a94b8bda04ff446dcedd42276fc99ee.php 第 102 行.
NOTIC: [8] Undefined index: cat_name D:\xampp\htdocs\weixin_hhj\Application\Runtime\Cache\Home\2a94b8bda04ff446dcedd42276fc99ee.php 第 103 行.
NOTIC: [8] Undefined index: pic D:\xampp\htdocs\weixin_hhj\Application\Runtime\Cache\Home\2a94b8bda04ff446dcedd42276fc99ee.php 第 106 行.
NOTIC: [8] Undefined index: cat_name D:\xampp\htdocs\weixin_hhj\Application\Runtime\Cache\Home\2a94b8bda04ff446dcedd42276fc99ee.php 第 106 行.
NOTIC: [8] Undefined index: cat_name D:\xampp\htdocs\weixin_hhj\Application\Runtime\Cache\Home\2a94b8bda04ff446dcedd42276fc99ee.php 第 107 行.
INFO: Run Behavior\ParseTemplateBehavior [ RunTime:0.029004s ]
INFO: [ view_parse ] --END-- [ RunTime:0.029004s ]
INFO: [ view_filter ] --START--
INFO: Run Behavior\WriteHtmlCacheBehavior [ RunTime:0.001000s ]
INFO: [ view_filter ] --END-- [ RunTime:0.001000s ]
INFO: [ app_end ] --START--
INFO: Run Behavior\ShowPageTraceBehavior [ RunTime:0.001500s ]
INFO: [ app_end ] --END-- [ RunTime:0.001500s ]

[ 2016-12-26T18:32:24+08:00 ] 192.168.0.217 /Cart/index
INFO: [ app_init ] --START--
INFO: Run Behavior\BuildLiteBehavior [ RunTime:0.000000s ]
INFO: [ app_init ] --END-- [ RunTime:0.000500s ]
INFO: [ app_begin ] --START--
INFO: Run Behavior\ReadHtmlCacheBehavior [ RunTime:0.000500s ]
INFO: [ app_begin ] --END-- [ RunTime:0.000500s ]
NOTIC: [8] Undefined index: shop_id D:\xampp\htdocs\weixin_hhj\Application\Home\Controller\CartController.class.php 第 9 行.
NOTIC: [8] Undefined index: act_ticket D:\xampp\htdocs\weixin_hhj\Application\Home\Controller\CartController.class.php 第 10 行.
NOTIC: [8] Undefined index: goods_ticket D:\xampp\htdocs\weixin_hhj\Application\Home\Controller\CartController.class.php 第 11 行.
NOTIC: [8] Undefined index: distribution D:\xampp\htdocs\weixin_hhj\Application\Home\Controller\CartController.class.php 第 12 行.
NOTIC: [8] Undefined variable: address_id D:\xampp\htdocs\weixin_hhj\Application\Home\Controller\AddressController.class.php 第 470 行.
NOTIC: [2] Invalid argument supplied for foreach() D:\xampp\htdocs\weixin_hhj\Application\Home\Controller\CartController.class.php 第 86 行.
NOTIC: [2] Invalid argument supplied for foreach() D:\xampp\htdocs\weixin_hhj\Application\Home\Controller\CartController.class.php 第 91 行.
NOTIC: [2] Invalid argument supplied for foreach() D:\xampp\htdocs\weixin_hhj\Application\Home\Controller\CartController.class.php 第 81 行.
NOTIC: [2] Invalid argument supplied for foreach() D:\xampp\htdocs\weixin_hhj\Application\Home\Controller\CartController.class.php 第 86 行.
NOTIC: [2] Invalid argument supplied for foreach() D:\xampp\htdocs\weixin_hhj\Application\Home\Controller\CartController.class.php 第 91 行.
INFO: [ view_parse ] --START--
INFO: [ template_filter ] --START--
INFO: Run Behavior\ContentReplaceBehavior [ RunTime:0.000500s ]
INFO: [ template_filter ] --END-- [ RunTime:0.000500s ]
NOTIC: [8] Undefined index: shop_orderphone1 D:\xampp\htdocs\weixin_hhj\Application\Runtime\Cache\Home\6f105010063b4e4da2af04cb5dd2d5a4.php 第 77 行.
NOTIC: [8] Undefined index: city_baiducode D:\xampp\htdocs\weixin_hhj\Application\Runtime\Cache\Home\6f105010063b4e4da2af04cb5dd2d5a4.php 第 448 行.
NOTIC: [8] Undefined index: city_baiducode D:\xampp\htdocs\weixin_hhj\Application\Runtime\Cache\Home\6f105010063b4e4da2af04cb5dd2d5a4.php 第 450 行.
NOTIC: [8] Undefined index: city_baiducode D:\xampp\htdocs\weixin_hhj\Application\Runtime\Cache\Home\6f105010063b4e4da2af04cb5dd2d5a4.php 第 452 行.
NOTIC: [8] Undefined index: city_baiducode D:\xampp\htdocs\weixin_hhj\Application\Runtime\Cache\Home\6f105010063b4e4da2af04cb5dd2d5a4.php 第 448 行.
NOTIC: [8] Undefined index: city_baiducode D:\xampp\htdocs\weixin_hhj\Application\Runtime\Cache\Home\6f105010063b4e4da2af04cb5dd2d5a4.php 第 450 行.
NOTIC: [8] Undefined index: city_baiducode D:\xampp\htdocs\weixin_hhj\Application\Runtime\Cache\Home\6f105010063b4e4da2af04cb5dd2d5a4.php 第 452 行.
NOTIC: [8] Undefined index: city_baiducode D:\xampp\htdocs\weixin_hhj\Application\Runtime\Cache\Home\6f105010063b4e4da2af04cb5dd2d5a4.php 第 448 行.
NOTIC: [8] Undefined index: city_baiducode D:\xampp\htdocs\weixin_hhj\Application\Runtime\Cache\Home\6f105010063b4e4da2af04cb5dd2d5a4.php 第 450 行.
NOTIC: [8] Undefined index: city_baiducode D:\xampp\htdocs\weixin_hhj\Application\Runtime\Cache\Home\6f105010063b4e4da2af04cb5dd2d5a4.php 第 452 行.
NOTIC: [8] Undefined index: city_baiducode D:\xampp\htdocs\weixin_hhj\Application\Runtime\Cache\Home\6f105010063b4e4da2af04cb5dd2d5a4.php 第 448 行.
NOTIC: [8] Undefined index: city_baiducode D:\xampp\htdocs\weixin_hhj\Application\Runtime\Cache\Home\6f105010063b4e4da2af04cb5dd2d5a4.php 第 450 行.
NOTIC: [8] Undefined index: city_baiducode D:\xampp\htdocs\weixin_hhj\Application\Runtime\Cache\Home\6f105010063b4e4da2af04cb5dd2d5a4.php 第 452 行.
NOTIC: [8] Undefined index: city_baiducode D:\xampp\htdocs\weixin_hhj\Application\Runtime\Cache\Home\6f105010063b4e4da2af04cb5dd2d5a4.php 第 448 行.
NOTIC: [8] Undefined index: city_baiducode D:\xampp\htdocs\weixin_hhj\Application\Runtime\Cache\Home\6f105010063b4e4da2af04cb5dd2d5a4.php 第 450 行.
NOTIC: [8] Undefined index: city_baiducode D:\xampp\htdocs\weixin_hhj\Application\Runtime\Cache\Home\6f105010063b4e4da2af04cb5dd2d5a4.php 第 452 行.
NOTIC: [8] Undefined index: city_baiducode D:\xampp\htdocs\weixin_hhj\Application\Runtime\Cache\Home\6f105010063b4e4da2af04cb5dd2d5a4.php 第 448 行.
NOTIC: [8] Undefined index: city_baiducode D:\xampp\htdocs\weixin_hhj\Application\Runtime\Cache\Home\6f105010063b4e4da2af04cb5dd2d5a4.php 第 450 行.
NOTIC: [8] Undefined index: city_baiducode D:\xampp\htdocs\weixin_hhj\Application\Runtime\Cache\Home\6f105010063b4e4da2af04cb5dd2d5a4.php 第 452 行.
NOTIC: [8] Undefined index: city_baiducode D:\xampp\htdocs\weixin_hhj\Application\Runtime\Cache\Home\6f105010063b4e4da2af04cb5dd2d5a4.php 第 448 行.
NOTIC: [8] Undefined index: city_baiducode D:\xampp\htdocs\weixin_hhj\Application\Runtime\Cache\Home\6f105010063b4e4da2af04cb5dd2d5a4.php 第 450 行.
NOTIC: [8] Undefined index: city_baiducode D:\xampp\htdocs\weixin_hhj\Application\Runtime\Cache\Home\6f105010063b4e4da2af04cb5dd2d5a4.php 第 452 行.
NOTIC: [8] Undefined index: city_baiducode D:\xampp\htdocs\weixin_hhj\Application\Runtime\Cache\Home\6f105010063b4e4da2af04cb5dd2d5a4.php 第 448 行.
NOTIC: [8] Undefined index: city_baiducode D:\xampp\htdocs\weixin_hhj\Application\Runtime\Cache\Home\6f105010063b4e4da2af04cb5dd2d5a4.php 第 450 行.
NOTIC: [8] Undefined index: city_baiducode D:\xampp\htdocs\weixin_hhj\Application\Runtime\Cache\Home\6f105010063b4e4da2af04cb5dd2d5a4.php 第 452 行.
INFO: Run Behavior\ParseTemplateBehavior [ RunTime:0.054007s ]
INFO: [ view_parse ] --END-- [ RunTime:0.054007s ]
INFO: [ view_filter ] --START--
INFO: Run Behavior\WriteHtmlCacheBehavior [ RunTime:0.000500s ]
INFO: [ view_filter ] --END-- [ RunTime:0.000500s ]
INFO: [ app_end ] --START--
INFO: Run Behavior\ShowPageTraceBehavior [ RunTime:0.001501s ]
INFO: [ app_end ] --END-- [ RunTime:0.002001s ]

[ 2016-12-26T18:32:24+08:00 ] 192.168.0.217 /min/index?f=/Public/js/lib/swiper.min.js
INFO: [ app_init ] --START--
INFO: Run Behavior\BuildLiteBehavior [ RunTime:0.000000s ]
INFO: [ app_init ] --END-- [ RunTime:0.000500s ]
INFO: [ app_begin ] --START--
INFO: Run Behavior\ReadHtmlCacheBehavior [ RunTime:0.001000s ]
INFO: [ app_begin ] --END-- [ RunTime:0.001000s ]

[ 2016-12-26T18:32:24+08:00 ] 192.168.0.217 /min/index?f=/Public/js/index.js
INFO: [ app_init ] --START--
INFO: Run Behavior\BuildLiteBehavior [ RunTime:0.000000s ]
INFO: [ app_init ] --END-- [ RunTime:0.000501s ]
INFO: [ app_begin ] --START--
INFO: Run Behavior\ReadHtmlCacheBehavior [ RunTime:0.000500s ]
INFO: [ app_begin ] --END-- [ RunTime:0.000500s ]

[ 2016-12-26T18:32:24+08:00 ] 192.168.0.217 /min/index?f=/Public/js/index.js
INFO: [ app_init ] --START--
INFO: Run Behavior\BuildLiteBehavior [ RunTime:0.000000s ]
INFO: [ app_init ] --END-- [ RunTime:0.000500s ]
INFO: [ app_begin ] --START--
INFO: Run Behavior\ReadHtmlCacheBehavior [ RunTime:0.001001s ]
INFO: [ app_begin ] --END-- [ RunTime:0.001001s ]

[ 2016-12-26T18:32:24+08:00 ] 192.168.0.217 /min/maps/swiper.min.js.map
INFO: [ app_init ] --START--
INFO: Run Behavior\BuildLiteBehavior [ RunTime:0.000000s ]
INFO: [ app_init ] --END-- [ RunTime:0.000500s ]
INFO: [ app_begin ] --START--
INFO: Run Behavior\ReadHtmlCacheBehavior [ RunTime:0.001000s ]
INFO: [ app_begin ] --END-- [ RunTime:0.001000s ]
ERR: 非法操作:maps

[ 2016-12-26T18:32:25+08:00 ] 192.168.0.217 /Sample/index
INFO: [ app_init ] --START--
INFO: Run Behavior\BuildLiteBehavior [ RunTime:0.000000s ]
INFO: [ app_init ] --END-- [ RunTime:0.000500s ]
INFO: [ app_begin ] --START--
INFO: Run Behavior\ReadHtmlCacheBehavior [ RunTime:0.001000s ]
INFO: [ app_begin ] --END-- [ RunTime:0.001000s ]
INFO: [ app_end ] --START--
INFO: Run Behavior\ShowPageTraceBehavior [ RunTime:0.002000s ]
INFO: [ app_end ] --END-- [ RunTime:0.002000s ]

[ 2016-12-26T18:32:25+08:00 ] 192.168.0.217 /index/get_user_xy
INFO: [ app_init ] --START--
INFO: Run Behavior\BuildLiteBehavior [ RunTime:0.000000s ]
INFO: [ app_init ] --END-- [ RunTime:0.000500s ]
INFO: [ app_begin ] --START--
INFO: Run Behavior\ReadHtmlCacheBehavior [ RunTime:0.001000s ]
INFO: [ app_begin ] --END-- [ RunTime:0.001000s ]
INFO: [ app_end ] --START--
INFO: Run Behavior\ShowPageTraceBehavior [ RunTime:0.002500s ]
INFO: [ app_end ] --END-- [ RunTime:0.002500s ]

[ 2016-12-26T18:32:25+08:00 ] 192.168.0.217 /index/get_untreated
INFO: [ app_init ] --START--
INFO: Run Behavior\BuildLiteBehavior [ RunTime:0.000000s ]
INFO: [ app_init ] --END-- [ RunTime:0.000500s ]
INFO: [ app_begin ] --START--
INFO: Run Behavior\ReadHtmlCacheBehavior [ RunTime:0.001000s ]
INFO: [ app_begin ] --END-- [ RunTime:0.001000s ]

[ 2016-12-26T18:33:01+08:00 ] 192.168.0.217 /Address/index
INFO: [ app_init ] --START--
INFO: Run Behavior\BuildLiteBehavior [ RunTime:0.000000s ]
INFO: [ app_init ] --END-- [ RunTime:0.000500s ]
INFO: [ app_begin ] --START--
INFO: Run Behavior\ReadHtmlCacheBehavior [ RunTime:0.001000s ]
INFO: [ app_begin ] --END-- [ RunTime:0.001000s ]
NOTIC: [8] Undefined index: type D:\xampp\htdocs\weixin_hhj\Application\Home\Controller\AddressController.class.php 第 11 行.
NOTIC: [8] Undefined index: x D:\xampp\htdocs\weixin_hhj\Application\Home\Controller\AddressController.class.php 第 30 行.
NOTIC: [8] Undefined index: y D:\xampp\htdocs\weixin_hhj\Application\Home\Controller\AddressController.class.php 第 31 行.
NOTIC: [8] Undefined index: hiden D:\xampp\htdocs\weixin_hhj\Application\Home\Controller\AddressController.class.php 第 84 行.
INFO: [ view_parse ] --START--
INFO: [ template_filter ] --START--
INFO: Run Behavior\ContentReplaceBehavior [ RunTime:0.000000s ]
INFO: [ template_filter ] --END-- [ RunTime:0.000000s ]
INFO: Run Behavior\ParseTemplateBehavior [ RunTime:0.019502s ]
INFO: [ view_parse ] --END-- [ RunTime:0.019502s ]
INFO: [ view_filter ] --START--
INFO: Run Behavior\WriteHtmlCacheBehavior [ RunTime:0.001000s ]
INFO: [ view_filter ] --END-- [ RunTime:0.001000s ]
INFO: [ app_end ] --START--
INFO: Run Behavior\ShowPageTraceBehavior [ RunTime:0.001001s ]
INFO: [ app_end ] --END-- [ RunTime:0.001001s ]

[ 2016-12-26T18:33:32+08:00 ] 192.168.0.217 /Address/setsession_data.html?x=115.825171991562&y=40.503728541943&district=%E6%9D%BE%E5%B1%B1%E5%9B%BD%E5%AE%B6%E7%BA%A7%E8%87%AA%E7%84%B6%E4%BF%9D%E6%8A%A4%E5%8C%BA&city_id=133&address_id=142452
INFO: [ app_init ] --START--
INFO: Run Behavior\BuildLiteBehavior [ RunTime:0.000000s ]
INFO: [ app_init ] --END-- [ RunTime:0.000500s ]
INFO: [ app_begin ] --START--
INFO: Run Behavior\ReadHtmlCacheBehavior [ RunTime:0.000501s ]
INFO: [ app_begin ] --END-- [ RunTime:0.001001s ]
NOTIC: [8] Undefined index: cityCode D:\xampp\htdocs\weixin_hhj\Application\Home\Controller\AddressController.class.php 第 214 行.
INFO: [ app_end ] --START--
INFO: Run Behavior\ShowPageTraceBehavior [ RunTime:0.001000s ]
INFO: [ app_end ] --END-- [ RunTime:0.001000s ]

[ 2016-12-26T18:33:33+08:00 ] 192.168.0.217 /index.php/index/index.html
INFO: [ app_init ] --START--
INFO: Run Behavior\BuildLiteBehavior [ RunTime:0.000000s ]
INFO: [ app_init ] --END-- [ RunTime:0.000500s ]
INFO: [ app_begin ] --START--
INFO: Run Behavior\ReadHtmlCacheBehavior [ RunTime:0.001000s ]
INFO: [ app_begin ] --END-- [ RunTime:0.001000s ]

[ 2016-12-26T18:33:36+08:00 ] 192.168.0.217 /index.php/index/index.html
INFO: [ app_init ] --START--
INFO: Run Behavior\BuildLiteBehavior [ RunTime:0.000000s ]
INFO: [ app_init ] --END-- [ RunTime:0.000500s ]
INFO: [ app_begin ] --START--
INFO: Run Behavior\ReadHtmlCacheBehavior [ RunTime:0.000500s ]
INFO: [ app_begin ] --END-- [ RunTime:0.000500s ]

[ 2016-12-26T18:34:07+08:00 ] 192.168.0.217 /index.php/index/index.html
INFO: [ app_init ] --START--
INFO: Run Behavior\BuildLiteBehavior [ RunTime:0.000000s ]
INFO: [ app_init ] --END-- [ RunTime:0.000500s ]
INFO: [ app_begin ] --START--
INFO: Run Behavior\ReadHtmlCacheBehavior [ RunTime:0.001000s ]
INFO: [ app_begin ] --END-- [ RunTime:0.001000s ]
NOTIC: [8] Undefined variable: uid D:\xampp\htdocs\weixin_hhj\Application\Home\Controller\CategoryController.class.php 第 280 行.
NOTIC: [8] Undefined variable: token D:\xampp\htdocs\weixin_hhj\Application\Home\Controller\CategoryController.class.php 第 280 行.
NOTIC: [8] Undefined variable: uid D:\xampp\htdocs\weixin_hhj\Application\Home\Controller\CategoryController.class.php 第 280 行.
NOTIC: [8] Undefined variable: token D:\xampp\htdocs\weixin_hhj\Application\Home\Controller\CategoryController.class.php 第 280 行.
NOTIC: [8] Undefined variable: uid D:\xampp\htdocs\weixin_hhj\Application\Home\Controller\CategoryController.class.php 第 280 行.
NOTIC: [8] Undefined variable: token D:\xampp\htdocs\weixin_hhj\Application\Home\Controller\CategoryController.class.php 第 280 行.
NOTIC: [8] Undefined variable: uid D:\xampp\htdocs\weixin_hhj\Application\Home\Controller\CategoryController.class.php 第 329 行.
NOTIC: [8] Undefined variable: token D:\xampp\htdocs\weixin_hhj\Application\Home\Controller\CategoryController.class.php 第 329 行.
NOTIC: [2] Illegal string offset 'user_id' D:\xampp\htdocs\weixin_hhj\Application\Home\Controller\UserController.class.php 第 17 行.
NOTIC: [8] Uninitialized string offset: 0 D:\xampp\htdocs\weixin_hhj\Application\Home\Controller\UserController.class.php 第 17 行.
NOTIC: [2] Illegal string offset 'token' D:\xampp\htdocs\weixin_hhj\Application\Home\Controller\UserController.class.php 第 17 行.
NOTIC: [8] Uninitialized string offset: 0 D:\xampp\htdocs\weixin_hhj\Application\Home\Controller\UserController.class.php 第 17 行.
NOTIC: [8] Undefined variable: shop_love_shop D:\xampp\htdocs\weixin_hhj\Application\Home\Controller\IndexController.class.php 第 73 行.
NOTIC: [8] Undefined variable: meiqia_data D:\xampp\htdocs\weixin_hhj\Application\Home\Controller\IndexController.class.php 第 81 行.
NOTIC: [8] Undefined index: openid D:\xampp\htdocs\weixin_hhj\Application\Home\Controller\IndexController.class.php 第 83 行.
INFO: [ view_parse ] --START--
INFO: [ template_filter ] --START--
INFO: Run Behavior\ContentReplaceBehavior [ RunTime:0.000000s ]
INFO: [ template_filter ] --END-- [ RunTime:0.002000s ]
NOTIC: [8] Undefined index: cat_type D:\xampp\htdocs\weixin_hhj\Application\Runtime\Cache\Home\2a94b8bda04ff446dcedd42276fc99ee.php 第 86 行.
INFO: Run Behavior\ParseTemplateBehavior [ RunTime:0.041006s ]
INFO: [ view_parse ] --END-- [ RunTime:0.041506s ]
INFO: [ view_filter ] --START--
INFO: Run Behavior\WriteHtmlCacheBehavior [ RunTime:0.000500s ]
INFO: [ view_filter ] --END-- [ RunTime:0.000500s ]
INFO: [ app_end ] --START--
INFO: Run Behavior\ShowPageTraceBehavior [ RunTime:0.001500s ]
INFO: [ app_end ] --END-- [ RunTime:0.001500s ]

[ 2016-12-26T18:34:07+08:00 ] 192.168.0.217 /min/index?f=/Public/js/lib/swiper.min.js
INFO: [ app_init ] --START--
INFO: Run Behavior\BuildLiteBehavior [ RunTime:0.000000s ]
INFO: [ app_init ] --END-- [ RunTime:0.000500s ]
INFO: [ app_begin ] --START--
INFO: Run Behavior\ReadHtmlCacheBehavior [ RunTime:0.001000s ]
INFO: [ app_begin ] --END-- [ RunTime:0.001000s ]

[ 2016-12-26T18:34:07+08:00 ] 192.168.0.217 /min/index?f=/Public/js/index.js
INFO: [ app_init ] --START--
INFO: Run Behavior\BuildLiteBehavior [ RunTime:0.000000s ]
INFO: [ app_init ] --END-- [ RunTime:0.000500s ]
INFO: [ app_begin ] --START--
INFO: Run Behavior\ReadHtmlCacheBehavior [ RunTime:0.000500s ]
INFO: [ app_begin ] --END-- [ RunTime:0.000500s ]

[ 2016-12-26T18:34:07+08:00 ] 192.168.0.217 /Cart/index
INFO: [ app_init ] --START--
INFO: Run Behavior\BuildLiteBehavior [ RunTime:0.000000s ]
INFO: [ app_init ] --END-- [ RunTime:0.000500s ]
INFO: [ app_begin ] --START--
INFO: Run Behavior\ReadHtmlCacheBehavior [ RunTime:0.001000s ]
INFO: [ app_begin ] --END-- [ RunTime:0.001000s ]
NOTIC: [8] Undefined index: shop_id D:\xampp\htdocs\weixin_hhj\Application\Home\Controller\CartController.class.php 第 9 行.
NOTIC: [8] Undefined index: act_ticket D:\xampp\htdocs\weixin_hhj\Application\Home\Controller\CartController.class.php 第 10 行.
NOTIC: [8] Undefined index: goods_ticket D:\xampp\htdocs\weixin_hhj\Application\Home\Controller\CartController.class.php 第 11 行.
NOTIC: [8] Undefined index: distribution D:\xampp\htdocs\weixin_hhj\Application\Home\Controller\CartController.class.php 第 12 行.
NOTIC: [2] Illegal string offset 'user_id' D:\xampp\htdocs\weixin_hhj\Application\Home\Controller\CartController.class.php 第 104 行.
NOTIC: [8] Uninitialized string offset: 0 D:\xampp\htdocs\weixin_hhj\Application\Home\Controller\CartController.class.php 第 104 行.
NOTIC: [2] Illegal string offset 'token' D:\xampp\htdocs\weixin_hhj\Application\Home\Controller\CartController.class.php 第 104 行.
NOTIC: [8] Uninitialized string offset: 0 D:\xampp\htdocs\weixin_hhj\Application\Home\Controller\CartController.class.php 第 104 行.
NOTIC: [8] Undefined variable: cart_data_info D:\xampp\htdocs\weixin_hhj\Application\Home\Controller\CartController.class.php 第 113 行.
NOTIC: [2] Illegal string offset 'user_id' D:\xampp\htdocs\weixin_hhj\Application\Home\Controller\CartController.class.php 第 22 行.
NOTIC: [8] Uninitialized string offset: 0 D:\xampp\htdocs\weixin_hhj\Application\Home\Controller\CartController.class.php 第 22 行.
NOTIC: [2] Illegal string offset 'token' D:\xampp\htdocs\weixin_hhj\Application\Home\Controller\CartController.class.php 第 22 行.
NOTIC: [8] Uninitialized string offset: 0 D:\xampp\htdocs\weixin_hhj\Application\Home\Controller\CartController.class.php 第 22 行.
NOTIC: [2] Invalid argument supplied for foreach() D:\xampp\htdocs\weixin_hhj\Application\Home\Controller\CartController.class.php 第 81 行.
NOTIC: [2] Invalid argument supplied for foreach() D:\xampp\htdocs\weixin_hhj\Application\Home\Controller\CartController.class.php 第 86 行.
NOTIC: [2] Invalid argument supplied for foreach() D:\xampp\htdocs\weixin_hhj\Application\Home\Controller\CartController.class.php 第 91 行.
NOTIC: [2] Invalid argument supplied for foreach() D:\xampp\htdocs\weixin_hhj\Application\Home\Controller\CartController.class.php 第 81 行.
NOTIC: [2] Invalid argument supplied for foreach() D:\xampp\htdocs\weixin_hhj\Application\Home\Controller\CartController.class.php 第 86 行.
NOTIC: [2] Invalid argument supplied for foreach() D:\xampp\htdocs\weixin_hhj\Application\Home\Controller\CartController.class.php 第 91 行.
NOTIC: [2] Invalid argument supplied for foreach() D:\xampp\htdocs\weixin_hhj\Application\Home\Controller\CartController.class.php 第 38 行.
INFO: [ view_parse ] --START--
INFO: [ template_filter ] --START--
INFO: Run Behavior\ContentReplaceBehavior [ RunTime:0.001000s ]
INFO: [ template_filter ] --END-- [ RunTime:0.001000s ]
INFO: Run Behavior\ParseTemplateBehavior [ RunTime:0.044005s ]
INFO: [ view_parse ] --END-- [ RunTime:0.044005s ]
INFO: [ view_filter ] --START--
INFO: Run Behavior\WriteHtmlCacheBehavior [ RunTime:0.001001s ]
INFO: [ view_filter ] --END-- [ RunTime:0.001501s ]
INFO: [ app_end ] --START--
INFO: Run Behavior\ShowPageTraceBehavior [ RunTime:0.002000s ]
INFO: [ app_end ] --END-- [ RunTime:0.002000s ]

[ 2016-12-26T18:34:07+08:00 ] 192.168.0.217 /Sample/index
INFO: [ app_init ] --START--
INFO: Run Behavior\BuildLiteBehavior [ RunTime:0.000000s ]
INFO: [ app_init ] --END-- [ RunTime:0.000500s ]
INFO: [ app_begin ] --START--
INFO: Run Behavior\ReadHtmlCacheBehavior [ RunTime:0.001000s ]
INFO: [ app_begin ] --END-- [ RunTime:0.001000s ]
INFO: [ app_end ] --START--
INFO: Run Behavior\ShowPageTraceBehavior [ RunTime:0.001001s ]
INFO: [ app_end ] --END-- [ RunTime:0.001001s ]

[ 2016-12-26T18:34:08+08:00 ] 192.168.0.217 /index/get_user_xy
INFO: [ app_init ] --START--
INFO: Run Behavior\BuildLiteBehavior [ RunTime:0.000000s ]
INFO: [ app_init ] --END-- [ RunTime:0.000500s ]
INFO: [ app_begin ] --START--
INFO: Run Behavior\ReadHtmlCacheBehavior [ RunTime:0.001000s ]
INFO: [ app_begin ] --END-- [ RunTime:0.001000s ]
INFO: [ app_end ] --START--
INFO: Run Behavior\ShowPageTraceBehavior [ RunTime:0.000500s ]
INFO: [ app_end ] --END-- [ RunTime:0.000500s ]

[ 2016-12-26T18:34:08+08:00 ] 192.168.0.217 /min/maps/swiper.min.js.map
INFO: [ app_init ] --START--
INFO: Run Behavior\BuildLiteBehavior [ RunTime:0.000000s ]
INFO: [ app_init ] --END-- [ RunTime:0.000500s ]
INFO: [ app_begin ] --START--
INFO: Run Behavior\ReadHtmlCacheBehavior [ RunTime:0.000500s ]
INFO: [ app_begin ] --END-- [ RunTime:0.001000s ]
ERR: 非法操作:maps

[ 2016-12-26T18:34:08+08:00 ] 192.168.0.217 /index/get_untreated
INFO: [ app_init ] --START--
INFO: Run Behavior\BuildLiteBehavior [ RunTime:0.000000s ]
INFO: [ app_init ] --END-- [ RunTime:0.000500s ]
INFO: [ app_begin ] --START--
INFO: Run Behavior\ReadHtmlCacheBehavior [ RunTime:0.001000s ]
INFO: [ app_begin ] --END-- [ RunTime:0.001000s ]

[ 2016-12-26T18:34:12+08:00 ] 192.168.0.217 /Address/is_ajax_login
INFO: [ app_init ] --START--
INFO: Run Behavior\BuildLiteBehavior [ RunTime:0.000000s ]
INFO: [ app_init ] --END-- [ RunTime:0.000000s ]
INFO: [ app_begin ] --START--
INFO: Run Behavior\ReadHtmlCacheBehavior [ RunTime:0.000500s ]
INFO: [ app_begin ] --END-- [ RunTime:0.000500s ]
NOTIC: [2] Illegal string offset 'user_id' D:\xampp\htdocs\weixin_hhj\Application\Home\Controller\IndexController.class.php 第 416 行.
NOTIC: [8] Uninitialized string offset: 0 D:\xampp\htdocs\weixin_hhj\Application\Home\Controller\IndexController.class.php 第 416 行.
NOTIC: [2] Illegal string offset 'token' D:\xampp\htdocs\weixin_hhj\Application\Home\Controller\IndexController.class.php 第 416 行.
NOTIC: [8] Uninitialized string offset: 0 D:\xampp\htdocs\weixin_hhj\Application\Home\Controller\IndexController.class.php 第 416 行.
INFO: [ app_end ] --START--
INFO: Run Behavior\ShowPageTraceBehavior [ RunTime:0.001000s ]
INFO: [ app_end ] --END-- [ RunTime:0.001500s ]

[ 2016-12-26T18:34:12+08:00 ] 192.168.0.217 /user/login.html
INFO: [ app_init ] --START--
INFO: Run Behavior\BuildLiteBehavior [ RunTime:0.000000s ]
INFO: [ app_init ] --END-- [ RunTime:0.001000s ]
INFO: [ app_begin ] --START--
INFO: Run Behavior\ReadHtmlCacheBehavior [ RunTime:0.001000s ]
INFO: [ app_begin ] --END-- [ RunTime:0.001500s ]
NOTIC: [8] Undefined index: mobile D:\xampp\htdocs\weixin_hhj\Application\Home\Controller\UserController.class.php 第 28 行.
INFO: [ view_parse ] --START--
INFO: [ template_filter ] --START--
INFO: Run Behavior\ContentReplaceBehavior [ RunTime:0.000000s ]
INFO: [ template_filter ] --END-- [ RunTime:0.000000s ]
INFO: Run Behavior\ParseTemplateBehavior [ RunTime:0.011002s ]
INFO: [ view_parse ] --END-- [ RunTime:0.011002s ]
INFO: [ view_filter ] --START--
INFO: Run Behavior\WriteHtmlCacheBehavior [ RunTime:0.001000s ]
INFO: [ view_filter ] --END-- [ RunTime:0.001000s ]
INFO: [ app_end ] --START--
INFO: Run Behavior\ShowPageTraceBehavior [ RunTime:0.001000s ]
INFO: [ app_end ] --END-- [ RunTime:0.001500s ]

[ 2016-12-26T18:34:12+08:00 ] 192.168.0.217 /Checkcode/index?font_size=20&width=150&height=40
INFO: [ app_init ] --START--
INFO: Run Behavior\BuildLiteBehavior [ RunTime:0.000000s ]
INFO: [ app_init ] --END-- [ RunTime:0.001001s ]
INFO: [ app_begin ] --START--
INFO: Run Behavior\ReadHtmlCacheBehavior [ RunTime:0.001000s ]
INFO: [ app_begin ] --END-- [ RunTime:0.001000s ]
INFO: [ app_end ] --START--
INFO: Run Behavior\ShowPageTraceBehavior [ RunTime:0.000500s ]
INFO: [ app_end ] --END-- [ RunTime:0.001500s ]

[ 2016-12-26T18:34:37+08:00 ] 192.168.0.217 /user/loginuser
INFO: [ app_init ] --START--
INFO: Run Behavior\BuildLiteBehavior [ RunTime:0.000000s ]
INFO: [ app_init ] --END-- [ RunTime:0.000500s ]
INFO: [ app_begin ] --START--
INFO: Run Behavior\ReadHtmlCacheBehavior [ RunTime:0.001000s ]
INFO: [ app_begin ] --END-- [ RunTime:0.001000s ]
NOTIC: [8] Undefined index: openid D:\xampp\htdocs\weixin_hhj\Application\Home\Controller\UserController.class.php 第 56 行.
INFO: [ app_end ] --START--
INFO: Run Behavior\ShowPageTraceBehavior [ RunTime:0.001000s ]
INFO: [ app_end ] --END-- [ RunTime:0.001000s ]

[ 2016-12-26T18:34:44+08:00 ] 192.168.0.217 /User/getmobile_code
INFO: [ app_init ] --START--
INFO: Run Behavior\BuildLiteBehavior [ RunTime:0.000000s ]
INFO: [ app_init ] --END-- [ RunTime:0.000500s ]
INFO: [ app_begin ] --START--
INFO: Run Behavior\ReadHtmlCacheBehavior [ RunTime:0.001000s ]
INFO: [ app_begin ] --END-- [ RunTime:0.001000s ]
INFO: [ app_end ] --START--
INFO: Run Behavior\ShowPageTraceBehavior [ RunTime:0.001001s ]
INFO: [ app_end ] --END-- [ RunTime:0.001001s ]

[ 2016-12-26T18:35:13+08:00 ] 192.168.0.217 /user/loginuser
INFO: [ app_init ] --START--
INFO: Run Behavior\BuildLiteBehavior [ RunTime:0.000000s ]
INFO: [ app_init ] --END-- [ RunTime:0.000500s ]
INFO: [ app_begin ] --START--
INFO: Run Behavior\ReadHtmlCacheBehavior [ RunTime:0.001000s ]
INFO: [ app_begin ] --END-- [ RunTime:0.001000s ]
NOTIC: [8] Undefined index: openid D:\xampp\htdocs\weixin_hhj\Application\Home\Controller\UserController.class.php 第 56 行.
NOTIC: [8] Undefined variable: address_id D:\xampp\htdocs\weixin_hhj\Application\Home\Controller\AddressController.class.php 第 470 行.
INFO: [ app_end ] --START--
INFO: Run Behavior\ShowPageTraceBehavior [ RunTime:0.001000s ]
INFO: [ app_end ] --END-- [ RunTime:0.001000s ]

[ 2016-12-26T18:35:14+08:00 ] 192.168.0.217 /index/index
INFO: [ app_init ] --START--
INFO: Run Behavior\BuildLiteBehavior [ RunTime:0.000000s ]
INFO: [ app_init ] --END-- [ RunTime:0.000500s ]
INFO: [ app_begin ] --START--
INFO: Run Behavior\ReadHtmlCacheBehavior [ RunTime:0.001000s ]
INFO: [ app_begin ] --END-- [ RunTime:0.001000s ]
NOTIC: [8] Undefined variable: uid D:\xampp\htdocs\weixin_hhj\Application\Home\Controller\CategoryController.class.php 第 280 行.
NOTIC: [8] Undefined variable: token D:\xampp\htdocs\weixin_hhj\Application\Home\Controller\CategoryController.class.php 第 280 行.
NOTIC: [8] Undefined variable: uid D:\xampp\htdocs\weixin_hhj\Application\Home\Controller\CategoryController.class.php 第 280 行.
NOTIC: [8] Undefined variable: token D:\xampp\htdocs\weixin_hhj\Application\Home\Controller\CategoryController.class.php 第 280 行.
NOTIC: [8] Undefined variable: uid D:\xampp\htdocs\weixin_hhj\Application\Home\Controller\CategoryController.class.php 第 280 行.
NOTIC: [8] Undefined variable: token D:\xampp\htdocs\weixin_hhj\Application\Home\Controller\CategoryController.class.php 第 280 行.
NOTIC: [8] Undefined variable: uid D:\xampp\htdocs\weixin_hhj\Application\Home\Controller\CategoryController.class.php 第 329 行.
NOTIC: [8] Undefined variable: token D:\xampp\htdocs\weixin_hhj\Application\Home\Controller\CategoryController.class.php 第 329 行.
NOTIC: [8] Undefined variable: shop_love_shop D:\xampp\htdocs\weixin_hhj\Application\Home\Controller\IndexController.class.php 第 73 行.
NOTIC: [8] Undefined variable: meiqia_data D:\xampp\htdocs\weixin_hhj\Application\Home\Controller\IndexController.class.php 第 81 行.
NOTIC: [8] Undefined index: openid D:\xampp\htdocs\weixin_hhj\Application\Home\Controller\IndexController.class.php 第 83 行.
INFO: [ view_parse ] --START--
INFO: [ template_filter ] --START--
INFO: Run Behavior\ContentReplaceBehavior [ RunTime:0.000500s ]
INFO: [ template_filter ] --END-- [ RunTime:0.000500s ]
NOTIC: [8] Undefined index: cat_type D:\xampp\htdocs\weixin_hhj\Application\Runtime\Cache\Home\2a94b8bda04ff446dcedd42276fc99ee.php 第 86 行.
INFO: Run Behavior\ParseTemplateBehavior [ RunTime:0.033004s ]
INFO: [ view_parse ] --END-- [ RunTime:0.033004s ]
INFO: [ view_filter ] --START--
INFO: Run Behavior\WriteHtmlCacheBehavior [ RunTime:0.001500s ]
INFO: [ view_filter ] --END-- [ RunTime:0.001500s ]
INFO: [ app_end ] --START--
INFO: Run Behavior\ShowPageTraceBehavior [ RunTime:0.002500s ]
INFO: [ app_end ] --END-- [ RunTime:0.003000s ]

[ 2016-12-26T18:35:15+08:00 ] 192.168.0.217 /Cart/index
INFO: [ app_init ] --START--
INFO: Run Behavior\BuildLiteBehavior [ RunTime:0.000000s ]
INFO: [ app_init ] --END-- [ RunTime:0.000500s ]
INFO: [ app_begin ] --START--
INFO: Run Behavior\ReadHtmlCacheBehavior [ RunTime:0.001000s ]
INFO: [ app_begin ] --END-- [ RunTime:0.001000s ]
NOTIC: [8] Undefined index: shop_id D:\xampp\htdocs\weixin_hhj\Application\Home\Controller\CartController.class.php 第 9 行.
NOTIC: [8] Undefined index: act_ticket D:\xampp\htdocs\weixin_hhj\Application\Home\Controller\CartController.class.php 第 10 行.
NOTIC: [8] Undefined index: goods_ticket D:\xampp\htdocs\weixin_hhj\Application\Home\Controller\CartController.class.php 第 11 行.
NOTIC: [8] Undefined index: distribution D:\xampp\htdocs\weixin_hhj\Application\Home\Controller\CartController.class.php 第 12 行.
NOTIC: [8] Undefined variable: address_id D:\xampp\htdocs\weixin_hhj\Application\Home\Controller\AddressController.class.php 第 470 行.
NOTIC: [2] Invalid argument supplied for foreach() D:\xampp\htdocs\weixin_hhj\Application\Home\Controller\CartController.class.php 第 81 行.
NOTIC: [2] Invalid argument supplied for foreach() D:\xampp\htdocs\weixin_hhj\Application\Home\Controller\CartController.class.php 第 86 行.
NOTIC: [2] Invalid argument supplied for foreach() D:\xampp\htdocs\weixin_hhj\Application\Home\Controller\CartController.class.php 第 91 行.
NOTIC: [2] Invalid argument supplied for foreach() D:\xampp\htdocs\weixin_hhj\Application\Home\Controller\CartController.class.php 第 91 行.
NOTIC: [2] Invalid argument supplied for foreach() D:\xampp\htdocs\weixin_hhj\Application\Home\Controller\CartController.class.php 第 38 行.
INFO: [ view_parse ] --START--
INFO: [ template_filter ] --START--
INFO: Run Behavior\ContentReplaceBehavior [ RunTime:0.000500s ]
INFO: [ template_filter ] --END-- [ RunTime:0.000500s ]
NOTIC: [8] Undefined index: shop_orderphone1 D:\xampp\htdocs\weixin_hhj\Application\Runtime\Cache\Home\6f105010063b4e4da2af04cb5dd2d5a4.php 第 77 行.
NOTIC: [8] Undefined index: city_baiducode D:\xampp\htdocs\weixin_hhj\Application\Runtime\Cache\Home\6f105010063b4e4da2af04cb5dd2d5a4.php 第 448 行.
NOTIC: [8] Undefined index: city_baiducode D:\xampp\htdocs\weixin_hhj\Application\Runtime\Cache\Home\6f105010063b4e4da2af04cb5dd2d5a4.php 第 450 行.
NOTIC: [8] Undefined index: city_baiducode D:\xampp\htdocs\weixin_hhj\Application\Runtime\Cache\Home\6f105010063b4e4da2af04cb5dd2d5a4.php 第 452 行.
NOTIC: [8] Undefined index: city_baiducode D:\xampp\htdocs\weixin_hhj\Application\Runtime\Cache\Home\6f105010063b4e4da2af04cb5dd2d5a4.php 第 448 行.
NOTIC: [8] Undefined index: city_baiducode D:\xampp\htdocs\weixin_hhj\Application\Runtime\Cache\Home\6f105010063b4e4da2af04cb5dd2d5a4.php 第 450 行.
NOTIC: [8] Undefined index: city_baiducode D:\xampp\htdocs\weixin_hhj\Application\Runtime\Cache\Home\6f105010063b4e4da2af04cb5dd2d5a4.php 第 452 行.
NOTIC: [8] Undefined index: city_baiducode D:\xampp\htdocs\weixin_hhj\Application\Runtime\Cache\Home\6f105010063b4e4da2af04cb5dd2d5a4.php 第 448 行.
NOTIC: [8] Undefined index: city_baiducode D:\xampp\htdocs\weixin_hhj\Application\Runtime\Cache\Home\6f105010063b4e4da2af04cb5dd2d5a4.php 第 450 行.
NOTIC: [8] Undefined index: city_baiducode D:\xampp\htdocs\weixin_hhj\Application\Runtime\Cache\Home\6f105010063b4e4da2af04cb5dd2d5a4.php 第 452 行.
NOTIC: [8] Undefined index: city_baiducode D:\xampp\htdocs\weixin_hhj\Application\Runtime\Cache\Home\6f105010063b4e4da2af04cb5dd2d5a4.php 第 448 行.
NOTIC: [8] Undefined index: city_baiducode D:\xampp\htdocs\weixin_hhj\Application\Runtime\Cache\Home\6f105010063b4e4da2af04cb5dd2d5a4.php 第 450 行.
NOTIC: [8] Undefined index: city_baiducode D:\xampp\htdocs\weixin_hhj\Application\Runtime\Cache\Home\6f105010063b4e4da2af04cb5dd2d5a4.php 第 452 行.
INFO: Run Behavior\ParseTemplateBehavior [ RunTime:0.073509s ]
INFO: [ view_parse ] --END-- [ RunTime:0.073509s ]
INFO: [ view_filter ] --START--
INFO: Run Behavior\WriteHtmlCacheBehavior [ RunTime:0.000500s ]
INFO: [ view_filter ] --END-- [ RunTime:0.000500s ]
INFO: [ app_end ] --START--
INFO: Run Behavior\ShowPageTraceBehavior [ RunTime:0.002501s ]
INFO: [ app_end ] --END-- [ RunTime:0.002501s ]

[ 2016-12-26T18:35:15+08:00 ] 192.168.0.217 /min/index?f=/Public/js/lib/swiper.min.js
INFO: [ app_init ] --START--
INFO: Run Behavior\BuildLiteBehavior [ RunTime:0.000000s ]
INFO: [ app_init ] --END-- [ RunTime:0.000500s ]
INFO: [ app_begin ] --START--
INFO: Run Behavior\ReadHtmlCacheBehavior [ RunTime:0.001501s ]
INFO: [ app_begin ] --END-- [ RunTime:0.001501s ]

[ 2016-12-26T18:35:16+08:00 ] 192.168.0.217 /min/index?f=/Public/js/index.js
INFO: [ app_init ] --START--
INFO: Run Behavior\BuildLiteBehavior [ RunTime:0.000000s ]
INFO: [ app_init ] --END-- [ RunTime:0.001000s ]
INFO: [ app_begin ] --START--
INFO: Run Behavior\ReadHtmlCacheBehavior [ RunTime:0.000500s ]
INFO: [ app_begin ] --END-- [ RunTime:0.000500s ]

[ 2016-12-26T18:35:16+08:00 ] 192.168.0.217 /min/maps/swiper.min.js.map
INFO: [ app_init ] --START--
INFO: Run Behavior\BuildLiteBehavior [ RunTime:0.000500s ]
INFO: [ app_init ] --END-- [ RunTime:0.001000s ]
INFO: [ app_begin ] --START--
INFO: Run Behavior\ReadHtmlCacheBehavior [ RunTime:0.000500s ]
INFO: [ app_begin ] --END-- [ RunTime:0.001000s ]
ERR: 非法操作:maps

[ 2016-12-26T18:35:16+08:00 ] 192.168.0.217 /Sample/index
INFO: [ app_init ] --START--
INFO: Run Behavior\BuildLiteBehavior [ RunTime:0.000000s ]
INFO: [ app_init ] --END-- [ RunTime:0.000000s ]
INFO: [ app_begin ] --START--
INFO: Run Behavior\ReadHtmlCacheBehavior [ RunTime:0.000500s ]
INFO: [ app_begin ] --END-- [ RunTime:0.000500s ]
INFO: [ app_end ] --START--
INFO: Run Behavior\ShowPageTraceBehavior [ RunTime:0.001000s ]
INFO: [ app_end ] --END-- [ RunTime:0.001000s ]

[ 2016-12-26T18:35:16+08:00 ] 192.168.0.217 /index/get_user_xy
INFO: [ app_init ] --START--
INFO: Run Behavior\BuildLiteBehavior [ RunTime:0.000000s ]
INFO: [ app_init ] --END-- [ RunTime:0.000500s ]
INFO: [ app_begin ] --START--
INFO: Run Behavior\ReadHtmlCacheBehavior [ RunTime:0.000500s ]
INFO: [ app_begin ] --END-- [ RunTime:0.001000s ]
INFO: [ app_end ] --START--
INFO: Run Behavior\ShowPageTraceBehavior [ RunTime:0.001000s ]
INFO: [ app_end ] --END-- [ RunTime:0.001000s ]

[ 2016-12-26T18:35:16+08:00 ] 192.168.0.217 /index/get_untreated
INFO: [ app_init ] --START--
INFO: Run Behavior\BuildLiteBehavior [ RunTime:0.000000s ]
INFO: [ app_init ] --END-- [ RunTime:0.000500s ]
INFO: [ app_begin ] --START--
INFO: Run Behavior\ReadHtmlCacheBehavior [ RunTime:0.001000s ]
INFO: [ app_begin ] --END-- [ RunTime:0.001000s ]

