[ 2016-12-29T09:31:46+08:00 ] 192.168.0.248 /
INFO: [ app_init ] --START--
INFO: Run Behavior\BuildLiteBehavior [ RunTime:0.000000s ]
INFO: [ app_init ] --END-- [ RunTime:0.055007s ]
INFO: [ app_begin ] --START--
INFO: Run Behavior\ReadHtmlCacheBehavior [ RunTime:0.011001s ]
INFO: [ app_begin ] --END-- [ RunTime:0.011001s ]
NOTIC: [8] Undefined index: code D:\xampp\htdocs\weixin_hhj\Application\Home\Controller\LoadController.class.php 第 13 行.
NOTIC: [8] Undefined index: state D:\xampp\htdocs\weixin_hhj\Application\Home\Controller\LoadController.class.php 第 14 行.
NOTIC: [8] Undefined index: openid D:\xampp\htdocs\weixin_hhj\Application\Home\Controller\LoadController.class.php 第 15 行.
INFO: [ view_parse ] --START--
INFO: [ template_filter ] --START--
INFO: Run Behavior\ContentReplaceBehavior [ RunTime:0.038005s ]
INFO: [ template_filter ] --END-- [ RunTime:0.038505s ]
INFO: Run Behavior\ParseTemplateBehavior [ RunTime:0.306039s ]
INFO: [ view_parse ] --END-- [ RunTime:0.306039s ]
INFO: [ view_filter ] --START--
INFO: Run Behavior\WriteHtmlCacheBehavior [ RunTime:0.045006s ]
INFO: [ view_filter ] --END-- [ RunTime:0.045006s ]
INFO: [ app_end ] --START--
INFO: Run Behavior\ShowPageTraceBehavior [ RunTime:0.010001s ]
INFO: [ app_end ] --END-- [ RunTime:0.010001s ]

[ 2016-12-29T09:31:46+08:00 ] 192.168.0.248 /index.php/User/login.html
INFO: [ app_init ] --START--
INFO: Run Behavior\BuildLiteBehavior [ RunTime:0.000000s ]
INFO: [ app_init ] --END-- [ RunTime:0.000501s ]
INFO: [ app_begin ] --START--
INFO: Run Behavior\ReadHtmlCacheBehavior [ RunTime:0.000500s ]
INFO: [ app_begin ] --END-- [ RunTime:0.000500s ]
NOTIC: [8] Undefined index: mobile D:\xampp\htdocs\weixin_hhj\Application\Home\Controller\UserController.class.php 第 28 行.
INFO: [ view_parse ] --START--
INFO: [ template_filter ] --START--
INFO: Run Behavior\ContentReplaceBehavior [ RunTime:0.000000s ]
INFO: [ template_filter ] --END-- [ RunTime:0.000000s ]
INFO: Run Behavior\ParseTemplateBehavior [ RunTime:0.072509s ]
INFO: [ view_parse ] --END-- [ RunTime:0.072509s ]
INFO: [ view_filter ] --START--
INFO: Run Behavior\WriteHtmlCacheBehavior [ RunTime:0.001000s ]
INFO: [ view_filter ] --END-- [ RunTime:0.001000s ]
INFO: [ app_end ] --START--
INFO: Run Behavior\ShowPageTraceBehavior [ RunTime:0.001001s ]
INFO: [ app_end ] --END-- [ RunTime:0.001001s ]

[ 2016-12-29T09:31:47+08:00 ] 192.168.0.248 /Checkcode/index?font_size=20&width=150&height=40
INFO: [ app_init ] --START--
INFO: Run Behavior\BuildLiteBehavior [ RunTime:0.000000s ]
INFO: [ app_init ] --END-- [ RunTime:0.001000s ]
INFO: [ app_begin ] --START--
INFO: Run Behavior\ReadHtmlCacheBehavior [ RunTime:0.001000s ]
INFO: [ app_begin ] --END-- [ RunTime:0.001000s ]
INFO: [ app_end ] --START--
INFO: Run Behavior\ShowPageTraceBehavior [ RunTime:0.001500s ]
INFO: [ app_end ] --END-- [ RunTime:0.002000s ]

[ 2016-12-29T09:31:47+08:00 ] 192.168.0.248 /favicon.ico
INFO: [ app_init ] --START--
INFO: Run Behavior\BuildLiteBehavior [ RunTime:0.000000s ]
INFO: [ app_init ] --END-- [ RunTime:0.000500s ]

[ 2016-12-29T09:31:59+08:00 ] 192.168.0.248 /User/getmobile_code
INFO: [ app_init ] --START--
INFO: Run Behavior\BuildLiteBehavior [ RunTime:0.000500s ]
INFO: [ app_init ] --END-- [ RunTime:0.000500s ]
INFO: [ app_begin ] --START--
INFO: Run Behavior\ReadHtmlCacheBehavior [ RunTime:0.000500s ]
INFO: [ app_begin ] --END-- [ RunTime:0.000500s ]
INFO: [ app_end ] --START--
INFO: Run Behavior\ShowPageTraceBehavior [ RunTime:0.000500s ]
INFO: [ app_end ] --END-- [ RunTime:0.001000s ]

[ 2016-12-29T09:59:21+08:00 ] 192.168.0.248 /Checkcode/index?font_size=20&width=150&height=40
INFO: [ app_init ] --START--
INFO: Run Behavior\BuildLiteBehavior [ RunTime:0.000000s ]
INFO: [ app_init ] --END-- [ RunTime:0.001000s ]
INFO: [ app_begin ] --START--
INFO: Run Behavior\ReadHtmlCacheBehavior [ RunTime:0.001000s ]
INFO: [ app_begin ] --END-- [ RunTime:0.001000s ]
INFO: [ app_end ] --START--
INFO: Run Behavior\ShowPageTraceBehavior [ RunTime:0.001000s ]
INFO: [ app_end ] --END-- [ RunTime:0.001000s ]

[ 2016-12-29T09:59:25+08:00 ] 192.168.0.248 /User/getmobile_code
INFO: [ app_init ] --START--
INFO: Run Behavior\BuildLiteBehavior [ RunTime:0.000000s ]
INFO: [ app_init ] --END-- [ RunTime:0.000500s ]
INFO: [ app_begin ] --START--
INFO: Run Behavior\ReadHtmlCacheBehavior [ RunTime:0.000500s ]
INFO: [ app_begin ] --END-- [ RunTime:0.000500s ]
INFO: [ app_end ] --START--
INFO: Run Behavior\ShowPageTraceBehavior [ RunTime:0.001000s ]
INFO: [ app_end ] --END-- [ RunTime:0.001000s ]

[ 2016-12-29T09:59:42+08:00 ] 192.168.0.248 /user/loginuser
INFO: [ app_init ] --START--
INFO: Run Behavior\BuildLiteBehavior [ RunTime:0.000000s ]
INFO: [ app_init ] --END-- [ RunTime:0.000500s ]
INFO: [ app_begin ] --START--
INFO: Run Behavior\ReadHtmlCacheBehavior [ RunTime:0.001500s ]
INFO: [ app_begin ] --END-- [ RunTime:0.001500s ]
NOTIC: [8] Undefined index: openid D:\xampp\htdocs\weixin_hhj\Application\Home\Controller\UserController.class.php 第 56 行.
NOTIC: [8] Undefined variable: address_id D:\xampp\htdocs\weixin_hhj\Application\Home\Controller\AddressController.class.php 第 470 行.
INFO: [ app_end ] --START--
INFO: Run Behavior\ShowPageTraceBehavior [ RunTime:0.001000s ]
INFO: [ app_end ] --END-- [ RunTime:0.001000s ]

[ 2016-12-29T09:59:45+08:00 ] 192.168.0.248 /index/index
INFO: [ app_init ] --START--
INFO: Run Behavior\BuildLiteBehavior [ RunTime:0.000000s ]
INFO: [ app_init ] --END-- [ RunTime:0.000000s ]
INFO: [ app_begin ] --START--
INFO: Run Behavior\ReadHtmlCacheBehavior [ RunTime:0.000500s ]
INFO: [ app_begin ] --END-- [ RunTime:0.000500s ]
NOTIC: [8] Undefined variable: uid D:\xampp\htdocs\weixin_hhj\Application\Home\Controller\CategoryController.class.php 第 280 行.
NOTIC: [8] Undefined variable: token D:\xampp\htdocs\weixin_hhj\Application\Home\Controller\CategoryController.class.php 第 280 行.
NOTIC: [8] Undefined variable: uid D:\xampp\htdocs\weixin_hhj\Application\Home\Controller\CategoryController.class.php 第 280 行.
NOTIC: [8] Undefined variable: token D:\xampp\htdocs\weixin_hhj\Application\Home\Controller\CategoryController.class.php 第 280 行.
NOTIC: [8] Undefined variable: uid D:\xampp\htdocs\weixin_hhj\Application\Home\Controller\CategoryController.class.php 第 280 行.
NOTIC: [8] Undefined variable: token D:\xampp\htdocs\weixin_hhj\Application\Home\Controller\CategoryController.class.php 第 280 行.
NOTIC: [8] Undefined variable: uid D:\xampp\htdocs\weixin_hhj\Application\Home\Controller\CategoryController.class.php 第 280 行.
NOTIC: [8] Undefined variable: token D:\xampp\htdocs\weixin_hhj\Application\Home\Controller\CategoryController.class.php 第 280 行.
NOTIC: [8] Undefined variable: uid D:\xampp\htdocs\weixin_hhj\Application\Home\Controller\CategoryController.class.php 第 280 行.
NOTIC: [8] Undefined variable: token D:\xampp\htdocs\weixin_hhj\Application\Home\Controller\CategoryController.class.php 第 280 行.
NOTIC: [8] Undefined variable: uid D:\xampp\htdocs\weixin_hhj\Application\Home\Controller\CategoryController.class.php 第 280 行.
NOTIC: [8] Undefined variable: token D:\xampp\htdocs\weixin_hhj\Application\Home\Controller\CategoryController.class.php 第 280 行.
NOTIC: [8] Undefined variable: uid D:\xampp\htdocs\weixin_hhj\Application\Home\Controller\CategoryController.class.php 第 280 行.
NOTIC: [8] Undefined variable: token D:\xampp\htdocs\weixin_hhj\Application\Home\Controller\CategoryController.class.php 第 280 行.
NOTIC: [8] Undefined variable: uid D:\xampp\htdocs\weixin_hhj\Application\Home\Controller\CategoryController.class.php 第 280 行.
NOTIC: [8] Undefined variable: token D:\xampp\htdocs\weixin_hhj\Application\Home\Controller\CategoryController.class.php 第 280 行.
NOTIC: [8] Undefined variable: uid D:\xampp\htdocs\weixin_hhj\Application\Home\Controller\CategoryController.class.php 第 329 行.
NOTIC: [8] Undefined variable: token D:\xampp\htdocs\weixin_hhj\Application\Home\Controller\CategoryController.class.php 第 329 行.
NOTIC: [8] Undefined index: user_current D:\xampp\htdocs\weixin_hhj\Application\Home\Controller\IndexController.class.php 第 37 行.
NOTIC: [8] Undefined variable: shop_love_shop D:\xampp\htdocs\weixin_hhj\Application\Home\Controller\IndexController.class.php 第 49 行.
NOTIC: [8] Undefined variable: meiqia_data D:\xampp\htdocs\weixin_hhj\Application\Home\Controller\IndexController.class.php 第 57 行.
NOTIC: [8] Undefined index: openid D:\xampp\htdocs\weixin_hhj\Application\Home\Controller\IndexController.class.php 第 59 行.
INFO: [ view_parse ] --START--
INFO: [ template_filter ] --START--
INFO: Run Behavior\ContentReplaceBehavior [ RunTime:0.000500s ]
INFO: [ template_filter ] --END-- [ RunTime:0.001000s ]
INFO: Run Behavior\ParseTemplateBehavior [ RunTime:0.086511s ]
INFO: [ view_parse ] --END-- [ RunTime:0.086511s ]
INFO: [ view_filter ] --START--
INFO: Run Behavior\WriteHtmlCacheBehavior [ RunTime:0.000500s ]
INFO: [ view_filter ] --END-- [ RunTime:0.000500s ]
INFO: [ app_end ] --START--
INFO: Run Behavior\ShowPageTraceBehavior [ RunTime:0.001000s ]
INFO: [ app_end ] --END-- [ RunTime:0.001000s ]

[ 2016-12-29T09:59:45+08:00 ] 192.168.0.248 /index.php/Load/index.html
INFO: [ app_init ] --START--
INFO: Run Behavior\BuildLiteBehavior [ RunTime:0.000000s ]
INFO: [ app_init ] --END-- [ RunTime:0.000500s ]
INFO: [ app_begin ] --START--
INFO: Run Behavior\ReadHtmlCacheBehavior [ RunTime:0.000500s ]
INFO: [ app_begin ] --END-- [ RunTime:0.000500s ]
NOTIC: [8] Undefined index: code D:\xampp\htdocs\weixin_hhj\Application\Home\Controller\LoadController.class.php 第 13 行.
NOTIC: [8] Undefined index: state D:\xampp\htdocs\weixin_hhj\Application\Home\Controller\LoadController.class.php 第 14 行.
NOTIC: [8] Undefined index: openid D:\xampp\htdocs\weixin_hhj\Application\Home\Controller\LoadController.class.php 第 15 行.
INFO: [ view_parse ] --START--
INFO: [ template_filter ] --START--
INFO: Run Behavior\ContentReplaceBehavior [ RunTime:0.000500s ]
INFO: [ template_filter ] --END-- [ RunTime:0.000500s ]
INFO: Run Behavior\ParseTemplateBehavior [ RunTime:0.008001s ]
INFO: [ view_parse ] --END-- [ RunTime:0.008001s ]
INFO: [ view_filter ] --START--
INFO: Run Behavior\WriteHtmlCacheBehavior [ RunTime:0.000501s ]
INFO: [ view_filter ] --END-- [ RunTime:0.000501s ]
INFO: [ app_end ] --START--
INFO: Run Behavior\ShowPageTraceBehavior [ RunTime:0.001000s ]
INFO: [ app_end ] --END-- [ RunTime:0.001000s ]

[ 2016-12-29T10:00:21+08:00 ] 192.168.0.248 /Index/getXY?x=116.40387396999994&y=39.91488915704603&district=%E5%8C%97%E4%BA%AC%E5%B8%82%E4%B8%9C%E5%9F%8E%E5%8C%BA%E4%B8%AD%E5%8D%8E%E8%B7%AF%E7%94%B210%E5%8F%B7&city_id=131
INFO: [ app_init ] --START--
INFO: Run Behavior\BuildLiteBehavior [ RunTime:0.000000s ]
INFO: [ app_init ] --END-- [ RunTime:0.001001s ]
INFO: [ app_begin ] --START--
INFO: Run Behavior\ReadHtmlCacheBehavior [ RunTime:0.001000s ]
INFO: [ app_begin ] --END-- [ RunTime:0.001000s ]
INFO: [ app_end ] --START--
INFO: Run Behavior\ShowPageTraceBehavior [ RunTime:0.001000s ]
INFO: [ app_end ] --END-- [ RunTime:0.001000s ]

[ 2016-12-29T10:00:21+08:00 ] 192.168.0.248 /Load/get_can_use
INFO: [ app_init ] --START--
INFO: Run Behavior\BuildLiteBehavior [ RunTime:0.000000s ]
INFO: [ app_init ] --END-- [ RunTime:0.001000s ]
INFO: [ app_begin ] --START--
INFO: Run Behavior\ReadHtmlCacheBehavior [ RunTime:0.000501s ]
INFO: [ app_begin ] --END-- [ RunTime:0.000501s ]

[ 2016-12-29T10:00:25+08:00 ] 192.168.0.248 /Index/index
INFO: [ app_init ] --START--
INFO: Run Behavior\BuildLiteBehavior [ RunTime:0.000000s ]
INFO: [ app_init ] --END-- [ RunTime:0.001000s ]
INFO: [ app_begin ] --START--
INFO: Run Behavior\ReadHtmlCacheBehavior [ RunTime:0.001000s ]
INFO: [ app_begin ] --END-- [ RunTime:0.001500s ]
NOTIC: [8] Undefined variable: uid D:\xampp\htdocs\weixin_hhj\Application\Home\Controller\CategoryController.class.php 第 280 行.
NOTIC: [8] Undefined variable: token D:\xampp\htdocs\weixin_hhj\Application\Home\Controller\CategoryController.class.php 第 280 行.
NOTIC: [8] Undefined variable: uid D:\xampp\htdocs\weixin_hhj\Application\Home\Controller\CategoryController.class.php 第 280 行.
NOTIC: [8] Undefined variable: token D:\xampp\htdocs\weixin_hhj\Application\Home\Controller\CategoryController.class.php 第 280 行.
NOTIC: [8] Undefined variable: uid D:\xampp\htdocs\weixin_hhj\Application\Home\Controller\CategoryController.class.php 第 280 行.
NOTIC: [8] Undefined variable: token D:\xampp\htdocs\weixin_hhj\Application\Home\Controller\CategoryController.class.php 第 280 行.
NOTIC: [8] Undefined variable: uid D:\xampp\htdocs\weixin_hhj\Application\Home\Controller\CategoryController.class.php 第 280 行.
NOTIC: [8] Undefined variable: token D:\xampp\htdocs\weixin_hhj\Application\Home\Controller\CategoryController.class.php 第 280 行.
NOTIC: [8] Undefined variable: uid D:\xampp\htdocs\weixin_hhj\Application\Home\Controller\CategoryController.class.php 第 280 行.
NOTIC: [8] Undefined variable: token D:\xampp\htdocs\weixin_hhj\Application\Home\Controller\CategoryController.class.php 第 280 行.
NOTIC: [8] Undefined variable: uid D:\xampp\htdocs\weixin_hhj\Application\Home\Controller\CategoryController.class.php 第 280 行.
NOTIC: [8] Undefined variable: token D:\xampp\htdocs\weixin_hhj\Application\Home\Controller\CategoryController.class.php 第 280 行.
NOTIC: [8] Undefined variable: uid D:\xampp\htdocs\weixin_hhj\Application\Home\Controller\CategoryController.class.php 第 280 行.
NOTIC: [8] Undefined variable: token D:\xampp\htdocs\weixin_hhj\Application\Home\Controller\CategoryController.class.php 第 280 行.
NOTIC: [8] Undefined variable: uid D:\xampp\htdocs\weixin_hhj\Application\Home\Controller\CategoryController.class.php 第 280 行.
NOTIC: [8] Undefined variable: token D:\xampp\htdocs\weixin_hhj\Application\Home\Controller\CategoryController.class.php 第 280 行.
NOTIC: [8] Undefined variable: uid D:\xampp\htdocs\weixin_hhj\Application\Home\Controller\CategoryController.class.php 第 329 行.
NOTIC: [8] Undefined variable: token D:\xampp\htdocs\weixin_hhj\Application\Home\Controller\CategoryController.class.php 第 329 行.
NOTIC: [8] Undefined variable: shop_love_shop D:\xampp\htdocs\weixin_hhj\Application\Home\Controller\IndexController.class.php 第 49 行.
NOTIC: [8] Undefined variable: meiqia_data D:\xampp\htdocs\weixin_hhj\Application\Home\Controller\IndexController.class.php 第 57 行.
NOTIC: [8] Undefined index: openid D:\xampp\htdocs\weixin_hhj\Application\Home\Controller\IndexController.class.php 第 59 行.
INFO: [ view_parse ] --START--
INFO: [ template_filter ] --START--
INFO: Run Behavior\ContentReplaceBehavior [ RunTime:0.000000s ]
INFO: [ template_filter ] --END-- [ RunTime:0.000000s ]
INFO: Run Behavior\ParseTemplateBehavior [ RunTime:0.025003s ]
INFO: [ view_parse ] --END-- [ RunTime:0.025003s ]
INFO: [ view_filter ] --START--
INFO: Run Behavior\WriteHtmlCacheBehavior [ RunTime:0.000500s ]
INFO: [ view_filter ] --END-- [ RunTime:0.000500s ]
INFO: [ app_end ] --START--
INFO: Run Behavior\ShowPageTraceBehavior [ RunTime:0.001500s ]
INFO: [ app_end ] --END-- [ RunTime:0.001500s ]

[ 2016-12-29T10:00:26+08:00 ] 192.168.0.248 /min/index?f=/Public/js/index.js
INFO: [ app_init ] --START--
INFO: Run Behavior\BuildLiteBehavior [ RunTime:0.000000s ]
INFO: [ app_init ] --END-- [ RunTime:0.000500s ]
INFO: [ app_begin ] --START--
INFO: Run Behavior\ReadHtmlCacheBehavior [ RunTime:0.000500s ]
INFO: [ app_begin ] --END-- [ RunTime:0.001000s ]
NOTIC: [2] file_put_contents(/tmp/minify_index.js_5c2c7098d8134c191d702a0d0e4d52d9): failed to open stream: No such file or directory D:\xampp\htdocs\weixin_hhj\ThinkPHP\Library\Vendor\minify\lib\Minify\Cache\File.php 第 33 行.
NOTIC: [2] fopen(/tmp/minify_index.js_5c2c7098d8134c191d702a0d0e4d52d9): failed to open stream: No such file or directory D:\xampp\htdocs\weixin_hhj\ThinkPHP\Library\Vendor\minify\lib\Minify\Cache\File.php 第 100 行.
NOTIC: [2] unlink(/tmp/minify_index.js_5c2c7098d8134c191d702a0d0e4d52d9): No such file or directory D:\xampp\htdocs\weixin_hhj\ThinkPHP\Library\Vendor\minify\lib\Minify\Cache\File.php 第 38 行.
NOTIC: [2] file_put_contents(/tmp/minify_index.js_5c2c7098d8134c191d702a0d0e4d52d9.gz): failed to open stream: No such file or directory D:\xampp\htdocs\weixin_hhj\ThinkPHP\Library\Vendor\minify\lib\Minify\Cache\File.php 第 33 行.
NOTIC: [2] fopen(/tmp/minify_index.js_5c2c7098d8134c191d702a0d0e4d52d9.gz): failed to open stream: No such file or directory D:\xampp\htdocs\weixin_hhj\ThinkPHP\Library\Vendor\minify\lib\Minify\Cache\File.php 第 100 行.
NOTIC: [2] unlink(/tmp/minify_index.js_5c2c7098d8134c191d702a0d0e4d52d9.gz): No such file or directory D:\xampp\htdocs\weixin_hhj\ThinkPHP\Library\Vendor\minify\lib\Minify\Cache\File.php 第 38 行.

[ 2016-12-29T10:00:26+08:00 ] 192.168.0.248 /min/index?f=/Public/js/lib/swiper.min.js
INFO: [ app_init ] --START--
INFO: Run Behavior\BuildLiteBehavior [ RunTime:0.000000s ]
INFO: [ app_init ] --END-- [ RunTime:0.000500s ]
INFO: [ app_begin ] --START--
INFO: Run Behavior\ReadHtmlCacheBehavior [ RunTime:0.000500s ]
INFO: [ app_begin ] --END-- [ RunTime:0.000500s ]
NOTIC: [2] file_put_contents(/tmp/minify_swiper.min.js_573b58ff956987ff900a2f00099319f7): failed to open stream: No such file or directory D:\xampp\htdocs\weixin_hhj\ThinkPHP\Library\Vendor\minify\lib\Minify\Cache\File.php 第 33 行.
NOTIC: [2] fopen(/tmp/minify_swiper.min.js_573b58ff956987ff900a2f00099319f7): failed to open stream: No such file or directory D:\xampp\htdocs\weixin_hhj\ThinkPHP\Library\Vendor\minify\lib\Minify\Cache\File.php 第 100 行.
NOTIC: [2] unlink(/tmp/minify_swiper.min.js_573b58ff956987ff900a2f00099319f7): No such file or directory D:\xampp\htdocs\weixin_hhj\ThinkPHP\Library\Vendor\minify\lib\Minify\Cache\File.php 第 38 行.
NOTIC: [2] file_put_contents(/tmp/minify_swiper.min.js_573b58ff956987ff900a2f00099319f7.gz): failed to open stream: No such file or directory D:\xampp\htdocs\weixin_hhj\ThinkPHP\Library\Vendor\minify\lib\Minify\Cache\File.php 第 33 行.
NOTIC: [2] fopen(/tmp/minify_swiper.min.js_573b58ff956987ff900a2f00099319f7.gz): failed to open stream: No such file or directory D:\xampp\htdocs\weixin_hhj\ThinkPHP\Library\Vendor\minify\lib\Minify\Cache\File.php 第 100 行.
NOTIC: [2] unlink(/tmp/minify_swiper.min.js_573b58ff956987ff900a2f00099319f7.gz): No such file or directory D:\xampp\htdocs\weixin_hhj\ThinkPHP\Library\Vendor\minify\lib\Minify\Cache\File.php 第 38 行.

[ 2016-12-29T10:00:27+08:00 ] 192.168.0.248 /Cart/index
INFO: [ app_init ] --START--
INFO: Run Behavior\BuildLiteBehavior [ RunTime:0.000500s ]
INFO: [ app_init ] --END-- [ RunTime:0.000500s ]
INFO: [ app_begin ] --START--
INFO: Run Behavior\ReadHtmlCacheBehavior [ RunTime:0.000500s ]
INFO: [ app_begin ] --END-- [ RunTime:0.000500s ]
NOTIC: [8] Undefined index: shop_id D:\xampp\htdocs\weixin_hhj\Application\Home\Controller\CartController.class.php 第 9 行.
NOTIC: [8] Undefined index: act_ticket D:\xampp\htdocs\weixin_hhj\Application\Home\Controller\CartController.class.php 第 10 行.
NOTIC: [8] Undefined index: goods_ticket D:\xampp\htdocs\weixin_hhj\Application\Home\Controller\CartController.class.php 第 11 行.
NOTIC: [8] Undefined index: distribution D:\xampp\htdocs\weixin_hhj\Application\Home\Controller\CartController.class.php 第 12 行.
NOTIC: [8] Undefined variable: address_id D:\xampp\htdocs\weixin_hhj\Application\Home\Controller\AddressController.class.php 第 470 行.
NOTIC: [2] Invalid argument supplied for foreach() D:\xampp\htdocs\weixin_hhj\Application\Home\Controller\CartController.class.php 第 81 行.
NOTIC: [2] Invalid argument supplied for foreach() D:\xampp\htdocs\weixin_hhj\Application\Home\Controller\CartController.class.php 第 86 行.
NOTIC: [2] Invalid argument supplied for foreach() D:\xampp\htdocs\weixin_hhj\Application\Home\Controller\CartController.class.php 第 91 行.
NOTIC: [2] Invalid argument supplied for foreach() D:\xampp\htdocs\weixin_hhj\Application\Home\Controller\CartController.class.php 第 91 行.
NOTIC: [2] Invalid argument supplied for foreach() D:\xampp\htdocs\weixin_hhj\Application\Home\Controller\CartController.class.php 第 38 行.
INFO: [ view_parse ] --START--
INFO: [ template_filter ] --START--
INFO: Run Behavior\ContentReplaceBehavior [ RunTime:0.000500s ]
INFO: [ template_filter ] --END-- [ RunTime:0.000500s ]
NOTIC: [8] Undefined index: shop_orderphone1 D:\xampp\htdocs\weixin_hhj\Application\Runtime\Cache\Home\6f105010063b4e4da2af04cb5dd2d5a4.php 第 77 行.
NOTIC: [8] Undefined index: city_baiducode D:\xampp\htdocs\weixin_hhj\Application\Runtime\Cache\Home\6f105010063b4e4da2af04cb5dd2d5a4.php 第 491 行.
NOTIC: [8] Undefined index: city_baiducode D:\xampp\htdocs\weixin_hhj\Application\Runtime\Cache\Home\6f105010063b4e4da2af04cb5dd2d5a4.php 第 493 行.
NOTIC: [8] Undefined index: city_baiducode D:\xampp\htdocs\weixin_hhj\Application\Runtime\Cache\Home\6f105010063b4e4da2af04cb5dd2d5a4.php 第 495 行.
NOTIC: [8] Undefined index: city_baiducode D:\xampp\htdocs\weixin_hhj\Application\Runtime\Cache\Home\6f105010063b4e4da2af04cb5dd2d5a4.php 第 491 行.
NOTIC: [8] Undefined index: city_baiducode D:\xampp\htdocs\weixin_hhj\Application\Runtime\Cache\Home\6f105010063b4e4da2af04cb5dd2d5a4.php 第 493 行.
NOTIC: [8] Undefined index: city_baiducode D:\xampp\htdocs\weixin_hhj\Application\Runtime\Cache\Home\6f105010063b4e4da2af04cb5dd2d5a4.php 第 495 行.
NOTIC: [8] Undefined index: city_baiducode D:\xampp\htdocs\weixin_hhj\Application\Runtime\Cache\Home\6f105010063b4e4da2af04cb5dd2d5a4.php 第 491 行.
NOTIC: [8] Undefined index: city_baiducode D:\xampp\htdocs\weixin_hhj\Application\Runtime\Cache\Home\6f105010063b4e4da2af04cb5dd2d5a4.php 第 493 行.
NOTIC: [8] Undefined index: city_baiducode D:\xampp\htdocs\weixin_hhj\Application\Runtime\Cache\Home\6f105010063b4e4da2af04cb5dd2d5a4.php 第 495 行.
NOTIC: [8] Undefined index: city_baiducode D:\xampp\htdocs\weixin_hhj\Application\Runtime\Cache\Home\6f105010063b4e4da2af04cb5dd2d5a4.php 第 491 行.
NOTIC: [8] Undefined index: city_baiducode D:\xampp\htdocs\weixin_hhj\Application\Runtime\Cache\Home\6f105010063b4e4da2af04cb5dd2d5a4.php 第 493 行.
NOTIC: [8] Undefined index: city_baiducode D:\xampp\htdocs\weixin_hhj\Application\Runtime\Cache\Home\6f105010063b4e4da2af04cb5dd2d5a4.php 第 495 行.
INFO: Run Behavior\ParseTemplateBehavior [ RunTime:0.078010s ]
INFO: [ view_parse ] --END-- [ RunTime:0.078010s ]
INFO: [ view_filter ] --START--
INFO: Run Behavior\WriteHtmlCacheBehavior [ RunTime:0.001000s ]
INFO: [ view_filter ] --END-- [ RunTime:0.001500s ]
INFO: [ app_end ] --START--
INFO: Run Behavior\ShowPageTraceBehavior [ RunTime:0.001000s ]
INFO: [ app_end ] --END-- [ RunTime:0.001000s ]

[ 2016-12-29T10:00:28+08:00 ] 192.168.0.248 /Sample/index
INFO: [ app_init ] --START--
INFO: Run Behavior\BuildLiteBehavior [ RunTime:0.000000s ]
INFO: [ app_init ] --END-- [ RunTime:0.000500s ]
INFO: [ app_begin ] --START--
INFO: Run Behavior\ReadHtmlCacheBehavior [ RunTime:0.001000s ]
INFO: [ app_begin ] --END-- [ RunTime:0.001000s ]
INFO: [ app_end ] --START--
INFO: Run Behavior\ShowPageTraceBehavior [ RunTime:0.001000s ]
INFO: [ app_end ] --END-- [ RunTime:0.001000s ]

[ 2016-12-29T10:00:28+08:00 ] 192.168.0.248 /index/get_user_xy
INFO: [ app_init ] --START--
INFO: Run Behavior\BuildLiteBehavior [ RunTime:0.000000s ]
INFO: [ app_init ] --END-- [ RunTime:0.000500s ]
INFO: [ app_begin ] --START--
INFO: Run Behavior\ReadHtmlCacheBehavior [ RunTime:0.000500s ]
INFO: [ app_begin ] --END-- [ RunTime:0.001500s ]
INFO: [ app_end ] --START--
INFO: Run Behavior\ShowPageTraceBehavior [ RunTime:0.001000s ]
INFO: [ app_end ] --END-- [ RunTime:0.001000s ]

[ 2016-12-29T10:00:28+08:00 ] 192.168.0.248 /min/maps/swiper.min.js.map
INFO: [ app_init ] --START--
INFO: Run Behavior\BuildLiteBehavior [ RunTime:0.000000s ]
INFO: [ app_init ] --END-- [ RunTime:0.000501s ]
INFO: [ app_begin ] --START--
INFO: Run Behavior\ReadHtmlCacheBehavior [ RunTime:0.001000s ]
INFO: [ app_begin ] --END-- [ RunTime:0.001000s ]
ERR: 非法操作:maps

[ 2016-12-29T10:00:28+08:00 ] 192.168.0.248 /index/get_untreated
INFO: [ app_init ] --START--
INFO: Run Behavior\BuildLiteBehavior [ RunTime:0.000000s ]
INFO: [ app_init ] --END-- [ RunTime:0.001000s ]
INFO: [ app_begin ] --START--
INFO: Run Behavior\ReadHtmlCacheBehavior [ RunTime:0.001000s ]
INFO: [ app_begin ] --END-- [ RunTime:0.001000s ]

