[ 2017-01-13T09:20:21+08:00 ] 127.0.0.1 /OrderConfirmLog/log_list
INFO: [ app_init ] --START--
INFO: Run Behavior\BuildLiteBehavior [ RunTime:0.000000s ]
INFO: [ app_init ] --END-- [ RunTime:0.008501s ]
INFO: [ app_begin ] --START--
INFO: Run Behavior\ReadHtmlCacheBehavior [ RunTime:0.011502s ]
INFO: [ app_begin ] --END-- [ RunTime:0.011502s ]
INFO: [ view_parse ] --START--
INFO: [ template_filter ] --START--
INFO: Run Behavior\ContentReplaceBehavior [ RunTime:0.000000s ]
INFO: [ template_filter ] --END-- [ RunTime:0.000000s ]
INFO: Run Behavior\ParseTemplateBehavior [ RunTime:0.111015s ]
INFO: [ view_parse ] --END-- [ RunTime:0.111015s ]
INFO: [ view_filter ] --START--
INFO: Run Behavior\WriteHtmlCacheBehavior [ RunTime:0.015502s ]
INFO: [ view_filter ] --END-- [ RunTime:0.015502s ]
INFO: [ app_end ] --START--
INFO: Run Behavior\ShowPageTraceBehavior [ RunTime:0.010001s ]
INFO: [ app_end ] --END-- [ RunTime:0.010001s ]

[ 2017-01-13T09:20:22+08:00 ] 127.0.0.1 /favicon.ico
INFO: [ app_init ] --START--
INFO: Run Behavior\BuildLiteBehavior [ RunTime:0.000000s ]
INFO: [ app_init ] --END-- [ RunTime:0.000500s ]

[ 2017-01-13T09:23:05+08:00 ] 127.0.0.1 /
INFO: [ app_init ] --START--
INFO: Run Behavior\BuildLiteBehavior [ RunTime:0.000000s ]
INFO: [ app_init ] --END-- [ RunTime:0.001000s ]
INFO: [ app_begin ] --START--
INFO: Run Behavior\ReadHtmlCacheBehavior [ RunTime:0.000500s ]
INFO: [ app_begin ] --END-- [ RunTime:0.000500s ]
NOTIC: [8] Undefined index: code D:\xampp\htdocs\weixin_hhj\Application\Home\Controller\LoadController.class.php 第 13 行.
NOTIC: [8] Undefined index: state D:\xampp\htdocs\weixin_hhj\Application\Home\Controller\LoadController.class.php 第 14 行.
NOTIC: [8] Undefined index: openid D:\xampp\htdocs\weixin_hhj\Application\Home\Controller\LoadController.class.php 第 15 行.
INFO: [ view_parse ] --START--
INFO: [ template_filter ] --START--
INFO: Run Behavior\ContentReplaceBehavior [ RunTime:0.000000s ]
INFO: [ template_filter ] --END-- [ RunTime:0.000000s ]
INFO: Run Behavior\ParseTemplateBehavior [ RunTime:0.024503s ]
INFO: [ view_parse ] --END-- [ RunTime:0.024503s ]
INFO: [ view_filter ] --START--
INFO: Run Behavior\WriteHtmlCacheBehavior [ RunTime:0.000500s ]
INFO: [ view_filter ] --END-- [ RunTime:0.000500s ]
INFO: [ app_end ] --START--
INFO: Run Behavior\ShowPageTraceBehavior [ RunTime:0.001000s ]
INFO: [ app_end ] --END-- [ RunTime:0.001000s ]

[ 2017-01-13T09:23:05+08:00 ] 127.0.0.1 /index.php/User/login.html
INFO: [ app_init ] --START--
INFO: Run Behavior\BuildLiteBehavior [ RunTime:0.000000s ]
INFO: [ app_init ] --END-- [ RunTime:0.000500s ]
INFO: [ app_begin ] --START--
INFO: Run Behavior\ReadHtmlCacheBehavior [ RunTime:0.000500s ]
INFO: [ app_begin ] --END-- [ RunTime:0.000500s ]
NOTIC: [8] Undefined index: mobile D:\xampp\htdocs\weixin_hhj\Application\Home\Controller\UserController.class.php 第 28 行.
INFO: [ view_parse ] --START--
INFO: [ template_filter ] --START--
INFO: Run Behavior\ContentReplaceBehavior [ RunTime:0.000000s ]
INFO: [ template_filter ] --END-- [ RunTime:0.000000s ]
INFO: Run Behavior\ParseTemplateBehavior [ RunTime:0.047507s ]
INFO: [ view_parse ] --END-- [ RunTime:0.047507s ]
INFO: [ view_filter ] --START--
INFO: Run Behavior\WriteHtmlCacheBehavior [ RunTime:0.000500s ]
INFO: [ view_filter ] --END-- [ RunTime:0.001000s ]
INFO: [ app_end ] --START--
INFO: Run Behavior\ShowPageTraceBehavior [ RunTime:0.001000s ]
INFO: [ app_end ] --END-- [ RunTime:0.001000s ]

[ 2017-01-13T09:23:05+08:00 ] 127.0.0.1 /Checkcode/index?font_size=20&width=150&height=40
INFO: [ app_init ] --START--
INFO: Run Behavior\BuildLiteBehavior [ RunTime:0.000000s ]
INFO: [ app_init ] --END-- [ RunTime:0.000500s ]
INFO: [ app_begin ] --START--
INFO: Run Behavior\ReadHtmlCacheBehavior [ RunTime:0.001000s ]
INFO: [ app_begin ] --END-- [ RunTime:0.001000s ]
INFO: [ app_end ] --START--
INFO: Run Behavior\ShowPageTraceBehavior [ RunTime:0.001000s ]
INFO: [ app_end ] --END-- [ RunTime:0.001000s ]

[ 2017-01-13T10:20:30+08:00 ] 127.0.0.1 /User/getmobile_code
INFO: [ app_init ] --START--
INFO: Run Behavior\BuildLiteBehavior [ RunTime:0.000000s ]
INFO: [ app_init ] --END-- [ RunTime:0.009501s ]
INFO: [ app_begin ] --START--
INFO: Run Behavior\ReadHtmlCacheBehavior [ RunTime:0.011501s ]
INFO: [ app_begin ] --END-- [ RunTime:0.011501s ]

[ 2017-01-13T10:20:31+08:00 ] 127.0.0.1 /Checkcode/index?font_size=20&width=150&height=40
INFO: [ app_init ] --START--
INFO: Run Behavior\BuildLiteBehavior [ RunTime:0.000500s ]
INFO: [ app_init ] --END-- [ RunTime:0.002000s ]
INFO: [ app_begin ] --START--
INFO: Run Behavior\ReadHtmlCacheBehavior [ RunTime:0.000501s ]
INFO: [ app_begin ] --END-- [ RunTime:0.000501s ]
INFO: [ app_end ] --START--
INFO: Run Behavior\ShowPageTraceBehavior [ RunTime:0.010001s ]
INFO: [ app_end ] --END-- [ RunTime:0.010001s ]

[ 2017-01-13T10:20:45+08:00 ] 127.0.0.1 /User/getmobile_code
INFO: [ app_init ] --START--
INFO: Run Behavior\BuildLiteBehavior [ RunTime:0.000000s ]
INFO: [ app_init ] --END-- [ RunTime:0.000500s ]
INFO: [ app_begin ] --START--
INFO: Run Behavior\ReadHtmlCacheBehavior [ RunTime:0.001000s ]
INFO: [ app_begin ] --END-- [ RunTime:0.001000s ]
INFO: [ app_end ] --START--
INFO: Run Behavior\ShowPageTraceBehavior [ RunTime:0.000500s ]
INFO: [ app_end ] --END-- [ RunTime:0.000500s ]

[ 2017-01-13T10:21:23+08:00 ] 127.0.0.1 /user/loginuser
INFO: [ app_init ] --START--
INFO: Run Behavior\BuildLiteBehavior [ RunTime:0.000000s ]
INFO: [ app_init ] --END-- [ RunTime:0.000500s ]
INFO: [ app_begin ] --START--
INFO: Run Behavior\ReadHtmlCacheBehavior [ RunTime:0.000500s ]
INFO: [ app_begin ] --END-- [ RunTime:0.001000s ]
NOTIC: [8] Undefined index: openid D:\xampp\htdocs\weixin_hhj\Application\Home\Controller\UserController.class.php 第 56 行.
NOTIC: [8] Undefined variable: address_id D:\xampp\htdocs\weixin_hhj\Application\Home\Controller\AddressController.class.php 第 470 行.
INFO: [ app_end ] --START--
INFO: Run Behavior\ShowPageTraceBehavior [ RunTime:0.001500s ]
INFO: [ app_end ] --END-- [ RunTime:0.002000s ]

[ 2017-01-13T10:21:24+08:00 ] 127.0.0.1 /index/index
INFO: [ app_init ] --START--
INFO: Run Behavior\BuildLiteBehavior [ RunTime:0.000500s ]
INFO: [ app_init ] --END-- [ RunTime:0.000500s ]
INFO: [ app_begin ] --START--
INFO: Run Behavior\ReadHtmlCacheBehavior [ RunTime:0.000500s ]
INFO: [ app_begin ] --END-- [ RunTime:0.000500s ]
NOTIC: [8] Undefined variable: uid D:\xampp\htdocs\weixin_hhj\Application\Home\Controller\CategoryController.class.php 第 280 行.
NOTIC: [8] Undefined variable: token D:\xampp\htdocs\weixin_hhj\Application\Home\Controller\CategoryController.class.php 第 280 行.
NOTIC: [8] Undefined variable: uid D:\xampp\htdocs\weixin_hhj\Application\Home\Controller\CategoryController.class.php 第 280 行.
NOTIC: [8] Undefined variable: token D:\xampp\htdocs\weixin_hhj\Application\Home\Controller\CategoryController.class.php 第 280 行.
NOTIC: [8] Undefined variable: uid D:\xampp\htdocs\weixin_hhj\Application\Home\Controller\CategoryController.class.php 第 280 行.
NOTIC: [8] Undefined variable: token D:\xampp\htdocs\weixin_hhj\Application\Home\Controller\CategoryController.class.php 第 280 行.
NOTIC: [2] array_multisort(): Argument #1 is expected to be an array or a sort flag D:\xampp\htdocs\weixin_hhj\Application\Common\Common\function.php 第 191 行.
NOTIC: [2] array_multisort(): Argument #1 is expected to be an array or a sort flag D:\xampp\htdocs\weixin_hhj\Application\Common\Common\function.php 第 191 行.
NOTIC: [2] array_multisort(): Argument #1 is expected to be an array or a sort flag D:\xampp\htdocs\weixin_hhj\Application\Common\Common\function.php 第 191 行.
NOTIC: [8] Undefined variable: uid D:\xampp\htdocs\weixin_hhj\Application\Home\Controller\CategoryController.class.php 第 329 行.
NOTIC: [8] Undefined variable: token D:\xampp\htdocs\weixin_hhj\Application\Home\Controller\CategoryController.class.php 第 329 行.
NOTIC: [8] Undefined index: user_current D:\xampp\htdocs\weixin_hhj\Application\Home\Controller\IndexController.class.php 第 64 行.
NOTIC: [8] Undefined index: city_province D:\xampp\htdocs\weixin_hhj\Application\Home\Controller\IndexController.class.php 第 68 行.
NOTIC: [8] Undefined variable: uid D:\xampp\htdocs\weixin_hhj\Application\Home\Controller\IndexController.class.php 第 547 行.
NOTIC: [8] Undefined variable: token D:\xampp\htdocs\weixin_hhj\Application\Home\Controller\IndexController.class.php 第 547 行.
NOTIC: [2] Invalid argument supplied for foreach() D:\xampp\htdocs\weixin_hhj\Application\Home\Controller\IndexController.class.php 第 96 行.
NOTIC: [8] Undefined index: city_province D:\xampp\htdocs\weixin_hhj\Application\Home\Controller\IndexController.class.php 第 70 行.
NOTIC: [8] Undefined variable: uid D:\xampp\htdocs\weixin_hhj\Application\Home\Controller\IndexController.class.php 第 547 行.
NOTIC: [8] Undefined variable: token D:\xampp\htdocs\weixin_hhj\Application\Home\Controller\IndexController.class.php 第 547 行.
NOTIC: [2] Invalid argument supplied for foreach() D:\xampp\htdocs\weixin_hhj\Application\Home\Controller\IndexController.class.php 第 96 行.
NOTIC: [8] Undefined variable: shop_love_shop D:\xampp\htdocs\weixin_hhj\Application\Home\Controller\IndexController.class.php 第 78 行.
NOTIC: [8] Undefined variable: meiqia_data D:\xampp\htdocs\weixin_hhj\Application\Home\Controller\IndexController.class.php 第 86 行.
NOTIC: [8] Undefined index: openid D:\xampp\htdocs\weixin_hhj\Application\Home\Controller\IndexController.class.php 第 88 行.
INFO: [ view_parse ] --START--
INFO: [ template_filter ] --START--
INFO: Run Behavior\ContentReplaceBehavior [ RunTime:0.000500s ]
INFO: [ template_filter ] --END-- [ RunTime:0.000500s ]
NOTIC: [8] Undefined index: url_type D:\xampp\htdocs\weixin_hhj\Application\Runtime\Cache\Home\2a94b8bda04ff446dcedd42276fc99ee.php 第 80 行.
INFO: Run Behavior\ParseTemplateBehavior [ RunTime:0.077010s ]
INFO: [ view_parse ] --END-- [ RunTime:0.077510s ]
INFO: [ view_filter ] --START--
INFO: Run Behavior\WriteHtmlCacheBehavior [ RunTime:0.015002s ]
INFO: [ view_filter ] --END-- [ RunTime:0.015502s ]
INFO: [ app_end ] --START--
INFO: Run Behavior\ShowPageTraceBehavior [ RunTime:0.001000s ]
INFO: [ app_end ] --END-- [ RunTime:0.001500s ]

[ 2017-01-13T10:21:24+08:00 ] 127.0.0.1 /index.php/Load/index.html
INFO: [ app_init ] --START--
INFO: Run Behavior\BuildLiteBehavior [ RunTime:0.000000s ]
INFO: [ app_init ] --END-- [ RunTime:0.000500s ]
INFO: [ app_begin ] --START--
INFO: Run Behavior\ReadHtmlCacheBehavior [ RunTime:0.000500s ]
INFO: [ app_begin ] --END-- [ RunTime:0.000500s ]
NOTIC: [8] Undefined index: code D:\xampp\htdocs\weixin_hhj\Application\Home\Controller\LoadController.class.php 第 13 行.
NOTIC: [8] Undefined index: state D:\xampp\htdocs\weixin_hhj\Application\Home\Controller\LoadController.class.php 第 14 行.
NOTIC: [8] Undefined index: openid D:\xampp\htdocs\weixin_hhj\Application\Home\Controller\LoadController.class.php 第 15 行.
INFO: [ view_parse ] --START--
INFO: [ template_filter ] --START--
INFO: Run Behavior\ContentReplaceBehavior [ RunTime:0.000000s ]
INFO: [ template_filter ] --END-- [ RunTime:0.000000s ]
INFO: Run Behavior\ParseTemplateBehavior [ RunTime:0.022003s ]
INFO: [ view_parse ] --END-- [ RunTime:0.022003s ]
INFO: [ view_filter ] --START--
INFO: Run Behavior\WriteHtmlCacheBehavior [ RunTime:0.000500s ]
INFO: [ view_filter ] --END-- [ RunTime:0.000500s ]
INFO: [ app_end ] --START--
INFO: Run Behavior\ShowPageTraceBehavior [ RunTime:0.001000s ]
INFO: [ app_end ] --END-- [ RunTime:0.001000s ]

[ 2017-01-13T10:21:32+08:00 ] 127.0.0.1 /Index/getXY?x=116.40387396999994&y=39.91488915704603&district=%E5%8C%97%E4%BA%AC%E5%B8%82%E4%B8%9C%E5%9F%8E%E5%8C%BA%E4%B8%AD%E5%8D%8E%E8%B7%AF%E7%94%B210%E5%8F%B7&city_id=131
INFO: [ app_init ] --START--
INFO: Run Behavior\BuildLiteBehavior [ RunTime:0.000000s ]
INFO: [ app_init ] --END-- [ RunTime:0.001500s ]
INFO: [ app_begin ] --START--
INFO: Run Behavior\ReadHtmlCacheBehavior [ RunTime:0.001001s ]
INFO: [ app_begin ] --END-- [ RunTime:0.001001s ]
INFO: [ app_end ] --START--
INFO: Run Behavior\ShowPageTraceBehavior [ RunTime:0.001500s ]
INFO: [ app_end ] --END-- [ RunTime:0.001500s ]

[ 2017-01-13T10:21:32+08:00 ] 127.0.0.1 /Load/get_can_use
INFO: [ app_init ] --START--
INFO: Run Behavior\BuildLiteBehavior [ RunTime:0.000000s ]
INFO: [ app_init ] --END-- [ RunTime:0.000500s ]
INFO: [ app_begin ] --START--
INFO: Run Behavior\ReadHtmlCacheBehavior [ RunTime:0.000500s ]
INFO: [ app_begin ] --END-- [ RunTime:0.000500s ]

[ 2017-01-13T10:21:32+08:00 ] 127.0.0.1 /Coupon/index
INFO: [ app_init ] --START--
INFO: Run Behavior\BuildLiteBehavior [ RunTime:0.000000s ]
INFO: [ app_init ] --END-- [ RunTime:0.000500s ]
INFO: [ app_begin ] --START--
INFO: Run Behavior\ReadHtmlCacheBehavior [ RunTime:0.001000s ]
INFO: [ app_begin ] --END-- [ RunTime:0.001000s ]
NOTIC: [8] Undefined index: openid D:\xampp\htdocs\weixin_hhj\Application\Home\Controller\CommonController.class.php 第 58 行.
INFO: [ view_parse ] --START--
INFO: [ template_filter ] --START--
INFO: Run Behavior\ContentReplaceBehavior [ RunTime:0.000000s ]
INFO: [ template_filter ] --END-- [ RunTime:0.000000s ]
INFO: Run Behavior\ParseTemplateBehavior [ RunTime:0.043505s ]
INFO: [ view_parse ] --END-- [ RunTime:0.044005s ]
INFO: [ view_filter ] --START--
INFO: Run Behavior\WriteHtmlCacheBehavior [ RunTime:0.002001s ]
INFO: [ view_filter ] --END-- [ RunTime:0.002501s ]
INFO: [ app_end ] --START--
INFO: Run Behavior\ShowPageTraceBehavior [ RunTime:0.001500s ]
INFO: [ app_end ] --END-- [ RunTime:0.001500s ]

[ 2017-01-13T10:21:36+08:00 ] 127.0.0.1 /Index/index.html
INFO: [ app_init ] --START--
INFO: Run Behavior\BuildLiteBehavior [ RunTime:0.000000s ]
INFO: [ app_init ] --END-- [ RunTime:0.000500s ]
INFO: [ app_begin ] --START--
INFO: Run Behavior\ReadHtmlCacheBehavior [ RunTime:0.000500s ]
INFO: [ app_begin ] --END-- [ RunTime:0.000500s ]
NOTIC: [8] Undefined variable: uid D:\xampp\htdocs\weixin_hhj\Application\Home\Controller\CategoryController.class.php 第 280 行.
NOTIC: [8] Undefined variable: token D:\xampp\htdocs\weixin_hhj\Application\Home\Controller\CategoryController.class.php 第 280 行.
NOTIC: [8] Undefined variable: uid D:\xampp\htdocs\weixin_hhj\Application\Home\Controller\CategoryController.class.php 第 280 行.
NOTIC: [8] Undefined variable: token D:\xampp\htdocs\weixin_hhj\Application\Home\Controller\CategoryController.class.php 第 280 行.
NOTIC: [8] Undefined variable: uid D:\xampp\htdocs\weixin_hhj\Application\Home\Controller\CategoryController.class.php 第 280 行.
NOTIC: [8] Undefined variable: token D:\xampp\htdocs\weixin_hhj\Application\Home\Controller\CategoryController.class.php 第 280 行.
NOTIC: [2] array_multisort(): Argument #1 is expected to be an array or a sort flag D:\xampp\htdocs\weixin_hhj\Application\Common\Common\function.php 第 191 行.
NOTIC: [2] array_multisort(): Argument #1 is expected to be an array or a sort flag D:\xampp\htdocs\weixin_hhj\Application\Common\Common\function.php 第 191 行.
NOTIC: [2] array_multisort(): Argument #1 is expected to be an array or a sort flag D:\xampp\htdocs\weixin_hhj\Application\Common\Common\function.php 第 191 行.
NOTIC: [8] Undefined variable: uid D:\xampp\htdocs\weixin_hhj\Application\Home\Controller\CategoryController.class.php 第 329 行.
NOTIC: [8] Undefined variable: token D:\xampp\htdocs\weixin_hhj\Application\Home\Controller\CategoryController.class.php 第 329 行.
NOTIC: [8] Undefined variable: uid D:\xampp\htdocs\weixin_hhj\Application\Home\Controller\IndexController.class.php 第 547 行.
NOTIC: [8] Undefined variable: token D:\xampp\htdocs\weixin_hhj\Application\Home\Controller\IndexController.class.php 第 547 行.
NOTIC: [8] Undefined variable: uid D:\xampp\htdocs\weixin_hhj\Application\Home\Controller\IndexController.class.php 第 547 行.
NOTIC: [8] Undefined variable: token D:\xampp\htdocs\weixin_hhj\Application\Home\Controller\IndexController.class.php 第 547 行.
NOTIC: [8] Undefined variable: shop_love_shop D:\xampp\htdocs\weixin_hhj\Application\Home\Controller\IndexController.class.php 第 78 行.
NOTIC: [8] Undefined variable: meiqia_data D:\xampp\htdocs\weixin_hhj\Application\Home\Controller\IndexController.class.php 第 86 行.
NOTIC: [8] Undefined index: openid D:\xampp\htdocs\weixin_hhj\Application\Home\Controller\IndexController.class.php 第 88 行.
INFO: [ view_parse ] --START--
INFO: [ template_filter ] --START--
INFO: Run Behavior\ContentReplaceBehavior [ RunTime:0.000000s ]
INFO: [ template_filter ] --END-- [ RunTime:0.000000s ]
NOTIC: [8] Undefined index: url_type D:\xampp\htdocs\weixin_hhj\Application\Runtime\Cache\Home\2a94b8bda04ff446dcedd42276fc99ee.php 第 80 行.
NOTIC: [8] Undefined index: alert D:\xampp\htdocs\weixin_hhj\Application\Runtime\Cache\Home\2a94b8bda04ff446dcedd42276fc99ee.php 第 93 行.
NOTIC: [8] Undefined index: alert D:\xampp\htdocs\weixin_hhj\Application\Runtime\Cache\Home\2a94b8bda04ff446dcedd42276fc99ee.php 第 99 行.
NOTIC: [8] Undefined index: alert D:\xampp\htdocs\weixin_hhj\Application\Runtime\Cache\Home\2a94b8bda04ff446dcedd42276fc99ee.php 第 102 行.
NOTIC: [8] Undefined index: alert D:\xampp\htdocs\weixin_hhj\Application\Runtime\Cache\Home\2a94b8bda04ff446dcedd42276fc99ee.php 第 107 行.
NOTIC: [8] Undefined index: alert D:\xampp\htdocs\weixin_hhj\Application\Runtime\Cache\Home\2a94b8bda04ff446dcedd42276fc99ee.php 第 110 行.
NOTIC: [8] Undefined index: alert D:\xampp\htdocs\weixin_hhj\Application\Runtime\Cache\Home\2a94b8bda04ff446dcedd42276fc99ee.php 第 120 行.
NOTIC: [8] Undefined index: alert D:\xampp\htdocs\weixin_hhj\Application\Runtime\Cache\Home\2a94b8bda04ff446dcedd42276fc99ee.php 第 120 行.
INFO: Run Behavior\ParseTemplateBehavior [ RunTime:0.048007s ]
INFO: [ view_parse ] --END-- [ RunTime:0.048007s ]
INFO: [ view_filter ] --START--
INFO: Run Behavior\WriteHtmlCacheBehavior [ RunTime:0.000500s ]
INFO: [ view_filter ] --END-- [ RunTime:0.000500s ]
INFO: [ app_end ] --START--
INFO: Run Behavior\ShowPageTraceBehavior [ RunTime:0.000500s ]
INFO: [ app_end ] --END-- [ RunTime:0.000500s ]

[ 2017-01-13T10:21:37+08:00 ] 127.0.0.1 /min/index?f=/Public/js/index.js
INFO: [ app_init ] --START--
INFO: Run Behavior\BuildLiteBehavior [ RunTime:0.000000s ]
INFO: [ app_init ] --END-- [ RunTime:0.000500s ]
INFO: [ app_begin ] --START--
INFO: Run Behavior\ReadHtmlCacheBehavior [ RunTime:0.000500s ]
INFO: [ app_begin ] --END-- [ RunTime:0.000500s ]

[ 2017-01-13T10:21:37+08:00 ] 127.0.0.1 /min/index?f=/Public/js/lib/swiper.min.js
INFO: [ app_init ] --START--
INFO: Run Behavior\BuildLiteBehavior [ RunTime:0.000000s ]
INFO: [ app_init ] --END-- [ RunTime:0.000500s ]
INFO: [ app_begin ] --START--
INFO: Run Behavior\ReadHtmlCacheBehavior [ RunTime:0.001000s ]
INFO: [ app_begin ] --END-- [ RunTime:0.001000s ]

[ 2017-01-13T10:21:37+08:00 ] 127.0.0.1 /Cart/index
INFO: [ app_init ] --START--
INFO: Run Behavior\BuildLiteBehavior [ RunTime:0.000000s ]
INFO: [ app_init ] --END-- [ RunTime:0.000500s ]
INFO: [ app_begin ] --START--
INFO: Run Behavior\ReadHtmlCacheBehavior [ RunTime:0.000500s ]
INFO: [ app_begin ] --END-- [ RunTime:0.000500s ]
NOTIC: [8] Undefined index: shop_id D:\xampp\htdocs\weixin_hhj\Application\Home\Controller\CartController.class.php 第 9 行.
NOTIC: [8] Undefined index: act_ticket D:\xampp\htdocs\weixin_hhj\Application\Home\Controller\CartController.class.php 第 10 行.
NOTIC: [8] Undefined index: goods_ticket D:\xampp\htdocs\weixin_hhj\Application\Home\Controller\CartController.class.php 第 11 行.
NOTIC: [8] Undefined index: distribution D:\xampp\htdocs\weixin_hhj\Application\Home\Controller\CartController.class.php 第 12 行.
NOTIC: [8] Undefined variable: address_id D:\xampp\htdocs\weixin_hhj\Application\Home\Controller\AddressController.class.php 第 470 行.
NOTIC: [2] Invalid argument supplied for foreach() D:\xampp\htdocs\weixin_hhj\Application\Home\Controller\CartController.class.php 第 110 行.
NOTIC: [2] Invalid argument supplied for foreach() D:\xampp\htdocs\weixin_hhj\Application\Home\Controller\CartController.class.php 第 115 行.
NOTIC: [8] Undefined index: goods_list D:\xampp\htdocs\weixin_hhj\Application\Home\Controller\CartController.class.php 第 105 行.
NOTIC: [2] Invalid argument supplied for foreach() D:\xampp\htdocs\weixin_hhj\Application\Home\Controller\CartController.class.php 第 105 行.
NOTIC: [2] Invalid argument supplied for foreach() D:\xampp\htdocs\weixin_hhj\Application\Home\Controller\CartController.class.php 第 115 行.
INFO: [ view_parse ] --START--
INFO: [ template_filter ] --START--
INFO: Run Behavior\ContentReplaceBehavior [ RunTime:0.000501s ]
INFO: [ template_filter ] --END-- [ RunTime:0.000501s ]
NOTIC: [8] Undefined index: shop_orderphone1 D:\xampp\htdocs\weixin_hhj\Application\Runtime\Cache\Home\6f105010063b4e4da2af04cb5dd2d5a4.php 第 67 行.
NOTIC: [8] Undefined index: goods_list D:\xampp\htdocs\weixin_hhj\Application\Runtime\Cache\Home\6f105010063b4e4da2af04cb5dd2d5a4.php 第 267 行.
NOTIC: [8] Undefined index: city_baiducode D:\xampp\htdocs\weixin_hhj\Application\Runtime\Cache\Home\6f105010063b4e4da2af04cb5dd2d5a4.php 第 438 行.
NOTIC: [8] Undefined index: city_baiducode D:\xampp\htdocs\weixin_hhj\Application\Runtime\Cache\Home\6f105010063b4e4da2af04cb5dd2d5a4.php 第 440 行.
NOTIC: [8] Undefined index: city_baiducode D:\xampp\htdocs\weixin_hhj\Application\Runtime\Cache\Home\6f105010063b4e4da2af04cb5dd2d5a4.php 第 442 行.
NOTIC: [8] Undefined index: city_baiducode D:\xampp\htdocs\weixin_hhj\Application\Runtime\Cache\Home\6f105010063b4e4da2af04cb5dd2d5a4.php 第 438 行.
NOTIC: [8] Undefined index: city_baiducode D:\xampp\htdocs\weixin_hhj\Application\Runtime\Cache\Home\6f105010063b4e4da2af04cb5dd2d5a4.php 第 440 行.
NOTIC: [8] Undefined index: city_baiducode D:\xampp\htdocs\weixin_hhj\Application\Runtime\Cache\Home\6f105010063b4e4da2af04cb5dd2d5a4.php 第 442 行.
NOTIC: [8] Undefined index: city_baiducode D:\xampp\htdocs\weixin_hhj\Application\Runtime\Cache\Home\6f105010063b4e4da2af04cb5dd2d5a4.php 第 438 行.
NOTIC: [8] Undefined index: city_baiducode D:\xampp\htdocs\weixin_hhj\Application\Runtime\Cache\Home\6f105010063b4e4da2af04cb5dd2d5a4.php 第 440 行.
NOTIC: [8] Undefined index: city_baiducode D:\xampp\htdocs\weixin_hhj\Application\Runtime\Cache\Home\6f105010063b4e4da2af04cb5dd2d5a4.php 第 442 行.
NOTIC: [8] Undefined index: city_baiducode D:\xampp\htdocs\weixin_hhj\Application\Runtime\Cache\Home\6f105010063b4e4da2af04cb5dd2d5a4.php 第 438 行.
NOTIC: [8] Undefined index: city_baiducode D:\xampp\htdocs\weixin_hhj\Application\Runtime\Cache\Home\6f105010063b4e4da2af04cb5dd2d5a4.php 第 440 行.
NOTIC: [8] Undefined index: city_baiducode D:\xampp\htdocs\weixin_hhj\Application\Runtime\Cache\Home\6f105010063b4e4da2af04cb5dd2d5a4.php 第 442 行.
NOTIC: [8] Undefined index: city_baiducode D:\xampp\htdocs\weixin_hhj\Application\Runtime\Cache\Home\6f105010063b4e4da2af04cb5dd2d5a4.php 第 438 行.
NOTIC: [8] Undefined index: city_baiducode D:\xampp\htdocs\weixin_hhj\Application\Runtime\Cache\Home\6f105010063b4e4da2af04cb5dd2d5a4.php 第 440 行.
NOTIC: [8] Undefined index: city_baiducode D:\xampp\htdocs\weixin_hhj\Application\Runtime\Cache\Home\6f105010063b4e4da2af04cb5dd2d5a4.php 第 442 行.
NOTIC: [8] Undefined index: city_baiducode D:\xampp\htdocs\weixin_hhj\Application\Runtime\Cache\Home\6f105010063b4e4da2af04cb5dd2d5a4.php 第 438 行.
NOTIC: [8] Undefined index: city_baiducode D:\xampp\htdocs\weixin_hhj\Application\Runtime\Cache\Home\6f105010063b4e4da2af04cb5dd2d5a4.php 第 440 行.
NOTIC: [8] Undefined index: city_baiducode D:\xampp\htdocs\weixin_hhj\Application\Runtime\Cache\Home\6f105010063b4e4da2af04cb5dd2d5a4.php 第 442 行.
NOTIC: [8] Undefined index: city_baiducode D:\xampp\htdocs\weixin_hhj\Application\Runtime\Cache\Home\6f105010063b4e4da2af04cb5dd2d5a4.php 第 438 行.
NOTIC: [8] Undefined index: city_baiducode D:\xampp\htdocs\weixin_hhj\Application\Runtime\Cache\Home\6f105010063b4e4da2af04cb5dd2d5a4.php 第 440 行.
NOTIC: [8] Undefined index: city_baiducode D:\xampp\htdocs\weixin_hhj\Application\Runtime\Cache\Home\6f105010063b4e4da2af04cb5dd2d5a4.php 第 442 行.
INFO: Run Behavior\ParseTemplateBehavior [ RunTime:0.085011s ]
INFO: [ view_parse ] --END-- [ RunTime:0.085011s ]
INFO: [ view_filter ] --START--
INFO: Run Behavior\WriteHtmlCacheBehavior [ RunTime:0.001000s ]
INFO: [ view_filter ] --END-- [ RunTime:0.001000s ]
INFO: [ app_end ] --START--
INFO: Run Behavior\ShowPageTraceBehavior [ RunTime:0.001501s ]
INFO: [ app_end ] --END-- [ RunTime:0.001501s ]

[ 2017-01-13T10:21:39+08:00 ] 127.0.0.1 /Sample/index
INFO: [ app_init ] --START--
INFO: Run Behavior\BuildLiteBehavior [ RunTime:0.000000s ]
INFO: [ app_init ] --END-- [ RunTime:0.000500s ]
INFO: [ app_begin ] --START--
INFO: Run Behavior\ReadHtmlCacheBehavior [ RunTime:0.003001s ]
INFO: [ app_begin ] --END-- [ RunTime:0.003001s ]
INFO: [ app_end ] --START--
INFO: Run Behavior\ShowPageTraceBehavior [ RunTime:0.001001s ]
INFO: [ app_end ] --END-- [ RunTime:0.002001s ]

[ 2017-01-13T10:21:39+08:00 ] 127.0.0.1 /index/get_user_xy
INFO: [ app_init ] --START--
INFO: Run Behavior\BuildLiteBehavior [ RunTime:0.000000s ]
INFO: [ app_init ] --END-- [ RunTime:0.000500s ]
INFO: [ app_begin ] --START--
INFO: Run Behavior\ReadHtmlCacheBehavior [ RunTime:0.099012s ]
INFO: [ app_begin ] --END-- [ RunTime:0.099012s ]
INFO: [ app_end ] --START--
INFO: Run Behavior\ShowPageTraceBehavior [ RunTime:0.002000s ]
INFO: [ app_end ] --END-- [ RunTime:0.002000s ]

[ 2017-01-13T10:21:39+08:00 ] 127.0.0.1 /min/maps/swiper.min.js.map
INFO: [ app_init ] --START--
INFO: Run Behavior\BuildLiteBehavior [ RunTime:0.000000s ]
INFO: [ app_init ] --END-- [ RunTime:0.000500s ]
INFO: [ app_begin ] --START--
INFO: Run Behavior\ReadHtmlCacheBehavior [ RunTime:0.001000s ]
INFO: [ app_begin ] --END-- [ RunTime:0.001000s ]
ERR: 非法操作:maps

[ 2017-01-13T10:21:39+08:00 ] 127.0.0.1 /index/get_untreated
INFO: [ app_init ] --START--
INFO: Run Behavior\BuildLiteBehavior [ RunTime:0.000000s ]
INFO: [ app_init ] --END-- [ RunTime:0.000500s ]
INFO: [ app_begin ] --START--
INFO: Run Behavior\ReadHtmlCacheBehavior [ RunTime:0.000500s ]
INFO: [ app_begin ] --END-- [ RunTime:0.000500s ]

[ 2017-01-13T10:37:10+08:00 ] 127.0.0.1 /Address/is_ajax_login
INFO: [ app_init ] --START--
INFO: Run Behavior\BuildLiteBehavior [ RunTime:0.000000s ]
INFO: [ app_init ] --END-- [ RunTime:0.001000s ]
INFO: [ app_begin ] --START--
INFO: Run Behavior\ReadHtmlCacheBehavior [ RunTime:0.001001s ]
INFO: [ app_begin ] --END-- [ RunTime:0.001001s ]
INFO: [ app_end ] --START--
INFO: Run Behavior\ShowPageTraceBehavior [ RunTime:0.001000s ]
INFO: [ app_end ] --END-- [ RunTime:0.001000s ]

[ 2017-01-13T10:41:02+08:00 ] 127.0.0.1 /Address/is_ajax_login
INFO: [ app_init ] --START--
INFO: Run Behavior\BuildLiteBehavior [ RunTime:0.000000s ]
INFO: [ app_init ] --END-- [ RunTime:0.001000s ]
INFO: [ app_begin ] --START--
INFO: Run Behavior\ReadHtmlCacheBehavior [ RunTime:0.001000s ]
INFO: [ app_begin ] --END-- [ RunTime:0.001000s ]
INFO: [ app_end ] --START--
INFO: Run Behavior\ShowPageTraceBehavior [ RunTime:0.001001s ]
INFO: [ app_end ] --END-- [ RunTime:0.001001s ]

[ 2017-01-13T10:41:02+08:00 ] 127.0.0.1 /Collection/index
INFO: [ app_init ] --START--
INFO: Run Behavior\BuildLiteBehavior [ RunTime:0.000000s ]
INFO: [ app_init ] --END-- [ RunTime:0.000500s ]
INFO: [ app_begin ] --START--
INFO: Run Behavior\ReadHtmlCacheBehavior [ RunTime:0.000500s ]
INFO: [ app_begin ] --END-- [ RunTime:0.000500s ]
INFO: [ app_end ] --START--
INFO: Run Behavior\ShowPageTraceBehavior [ RunTime:0.001000s ]
INFO: [ app_end ] --END-- [ RunTime:0.001000s ]

[ 2017-01-13T10:41:05+08:00 ] 127.0.0.1 /Address/is_ajax_login
INFO: [ app_init ] --START--
INFO: Run Behavior\BuildLiteBehavior [ RunTime:0.000000s ]
INFO: [ app_init ] --END-- [ RunTime:0.000000s ]
INFO: [ app_begin ] --START--
INFO: Run Behavior\ReadHtmlCacheBehavior [ RunTime:0.001000s ]
INFO: [ app_begin ] --END-- [ RunTime:0.001000s ]
INFO: [ app_end ] --START--
INFO: Run Behavior\ShowPageTraceBehavior [ RunTime:0.001000s ]
INFO: [ app_end ] --END-- [ RunTime:0.001000s ]

[ 2017-01-13T10:41:08+08:00 ] 127.0.0.1 /Address/is_ajax_login
INFO: [ app_init ] --START--
INFO: Run Behavior\BuildLiteBehavior [ RunTime:0.000000s ]
INFO: [ app_init ] --END-- [ RunTime:0.000500s ]
INFO: [ app_begin ] --START--
INFO: Run Behavior\ReadHtmlCacheBehavior [ RunTime:0.000500s ]
INFO: [ app_begin ] --END-- [ RunTime:0.000500s ]
INFO: [ app_end ] --START--
INFO: Run Behavior\ShowPageTraceBehavior [ RunTime:0.019002s ]
INFO: [ app_end ] --END-- [ RunTime:0.019002s ]

[ 2017-01-13T10:41:08+08:00 ] 127.0.0.1 /Collection/index
INFO: [ app_init ] --START--
INFO: Run Behavior\BuildLiteBehavior [ RunTime:0.000000s ]
INFO: [ app_init ] --END-- [ RunTime:0.000500s ]
INFO: [ app_begin ] --START--
INFO: Run Behavior\ReadHtmlCacheBehavior [ RunTime:0.000500s ]
INFO: [ app_begin ] --END-- [ RunTime:0.000500s ]
INFO: [ app_end ] --START--
INFO: Run Behavior\ShowPageTraceBehavior [ RunTime:0.001000s ]
INFO: [ app_end ] --END-- [ RunTime:0.001000s ]

[ 2017-01-13T10:41:12+08:00 ] 127.0.0.1 /Shop/shop_list
INFO: [ app_init ] --START--
INFO: Run Behavior\BuildLiteBehavior [ RunTime:0.000000s ]
INFO: [ app_init ] --END-- [ RunTime:0.000500s ]
INFO: [ app_begin ] --START--
INFO: Run Behavior\ReadHtmlCacheBehavior [ RunTime:0.000500s ]
INFO: [ app_begin ] --END-- [ RunTime:0.000500s ]
NOTIC: [8] Undefined index: city_id D:\xampp\htdocs\weixin_hhj\Application\Home\Controller\ShopController.class.php 第 14 行.
NOTIC: [8] Undefined index: area_id D:\xampp\htdocs\weixin_hhj\Application\Home\Controller\ShopController.class.php 第 15 行.
INFO: [ app_end ] --START--
INFO: Run Behavior\ShowPageTraceBehavior [ RunTime:0.002000s ]
INFO: [ app_end ] --END-- [ RunTime:0.002000s ]

[ 2017-01-13T10:42:35+08:00 ] 127.0.0.1 /Address/is_ajax_login
INFO: [ app_init ] --START--
INFO: Run Behavior\BuildLiteBehavior [ RunTime:0.000000s ]
INFO: [ app_init ] --END-- [ RunTime:0.000500s ]
INFO: [ app_begin ] --START--
INFO: Run Behavior\ReadHtmlCacheBehavior [ RunTime:0.000500s ]
INFO: [ app_begin ] --END-- [ RunTime:0.000500s ]
INFO: [ app_end ] --START--
INFO: Run Behavior\ShowPageTraceBehavior [ RunTime:0.002001s ]
INFO: [ app_end ] --END-- [ RunTime:0.002501s ]

[ 2017-01-13T10:42:35+08:00 ] 127.0.0.1 /Address/is_ajax_login
INFO: [ app_init ] --START--
INFO: Run Behavior\BuildLiteBehavior [ RunTime:0.000000s ]
INFO: [ app_init ] --END-- [ RunTime:0.000000s ]
INFO: [ app_begin ] --START--
INFO: Run Behavior\ReadHtmlCacheBehavior [ RunTime:0.000500s ]
INFO: [ app_begin ] --END-- [ RunTime:0.001000s ]
INFO: [ app_end ] --START--
INFO: Run Behavior\ShowPageTraceBehavior [ RunTime:0.001001s ]
INFO: [ app_end ] --END-- [ RunTime:0.001001s ]

[ 2017-01-13T10:42:35+08:00 ] 127.0.0.1 /Collection/index
INFO: [ app_init ] --START--
INFO: Run Behavior\BuildLiteBehavior [ RunTime:0.000000s ]
INFO: [ app_init ] --END-- [ RunTime:0.000500s ]
INFO: [ app_begin ] --START--
INFO: Run Behavior\ReadHtmlCacheBehavior [ RunTime:0.001000s ]
INFO: [ app_begin ] --END-- [ RunTime:0.001000s ]
INFO: [ app_end ] --START--
INFO: Run Behavior\ShowPageTraceBehavior [ RunTime:0.001001s ]
INFO: [ app_end ] --END-- [ RunTime:0.001001s ]

[ 2017-01-13T10:42:36+08:00 ] 127.0.0.1 /Address/is_ajax_login
INFO: [ app_init ] --START--
INFO: Run Behavior\BuildLiteBehavior [ RunTime:0.000500s ]
INFO: [ app_init ] --END-- [ RunTime:0.000500s ]
INFO: [ app_begin ] --START--
INFO: Run Behavior\ReadHtmlCacheBehavior [ RunTime:0.000500s ]
INFO: [ app_begin ] --END-- [ RunTime:0.000500s ]
INFO: [ app_end ] --START--
INFO: Run Behavior\ShowPageTraceBehavior [ RunTime:0.000500s ]
INFO: [ app_end ] --END-- [ RunTime:0.000500s ]

[ 2017-01-13T10:42:38+08:00 ] 127.0.0.1 /Coupon/index.html
INFO: [ app_init ] --START--
INFO: Run Behavior\BuildLiteBehavior [ RunTime:0.000000s ]
INFO: [ app_init ] --END-- [ RunTime:0.000500s ]
INFO: [ app_begin ] --START--
INFO: Run Behavior\ReadHtmlCacheBehavior [ RunTime:0.000500s ]
INFO: [ app_begin ] --END-- [ RunTime:0.000500s ]
NOTIC: [8] Undefined index: openid D:\xampp\htdocs\weixin_hhj\Application\Home\Controller\CommonController.class.php 第 58 行.
INFO: [ view_parse ] --START--
INFO: [ template_filter ] --START--
INFO: Run Behavior\ContentReplaceBehavior [ RunTime:0.000000s ]
INFO: [ template_filter ] --END-- [ RunTime:0.000000s ]
INFO: Run Behavior\ParseTemplateBehavior [ RunTime:0.029004s ]
INFO: [ view_parse ] --END-- [ RunTime:0.029004s ]
INFO: [ view_filter ] --START--
INFO: Run Behavior\WriteHtmlCacheBehavior [ RunTime:0.001000s ]
INFO: [ view_filter ] --END-- [ RunTime:0.001000s ]
INFO: [ app_end ] --START--
INFO: Run Behavior\ShowPageTraceBehavior [ RunTime:0.003001s ]
INFO: [ app_end ] --END-- [ RunTime:0.003001s ]

[ 2017-01-13T10:42:40+08:00 ] 127.0.0.1 /Index/index.html
INFO: [ app_init ] --START--
INFO: Run Behavior\BuildLiteBehavior [ RunTime:0.000000s ]
INFO: [ app_init ] --END-- [ RunTime:0.000500s ]
INFO: [ app_begin ] --START--
INFO: Run Behavior\ReadHtmlCacheBehavior [ RunTime:0.001000s ]
INFO: [ app_begin ] --END-- [ RunTime:0.001000s ]
NOTIC: [8] Undefined variable: uid D:\xampp\htdocs\weixin_hhj\Application\Home\Controller\CategoryController.class.php 第 280 行.
NOTIC: [8] Undefined variable: token D:\xampp\htdocs\weixin_hhj\Application\Home\Controller\CategoryController.class.php 第 280 行.
NOTIC: [8] Undefined variable: uid D:\xampp\htdocs\weixin_hhj\Application\Home\Controller\CategoryController.class.php 第 280 行.
NOTIC: [8] Undefined variable: token D:\xampp\htdocs\weixin_hhj\Application\Home\Controller\CategoryController.class.php 第 280 行.
NOTIC: [8] Undefined variable: uid D:\xampp\htdocs\weixin_hhj\Application\Home\Controller\CategoryController.class.php 第 280 行.
NOTIC: [8] Undefined variable: token D:\xampp\htdocs\weixin_hhj\Application\Home\Controller\CategoryController.class.php 第 280 行.
NOTIC: [2] array_multisort(): Argument #1 is expected to be an array or a sort flag D:\xampp\htdocs\weixin_hhj\Application\Common\Common\function.php 第 191 行.
NOTIC: [2] array_multisort(): Argument #1 is expected to be an array or a sort flag D:\xampp\htdocs\weixin_hhj\Application\Common\Common\function.php 第 191 行.
NOTIC: [2] array_multisort(): Argument #1 is expected to be an array or a sort flag D:\xampp\htdocs\weixin_hhj\Application\Common\Common\function.php 第 191 行.
NOTIC: [8] Undefined variable: uid D:\xampp\htdocs\weixin_hhj\Application\Home\Controller\CategoryController.class.php 第 329 行.
NOTIC: [8] Undefined variable: token D:\xampp\htdocs\weixin_hhj\Application\Home\Controller\CategoryController.class.php 第 329 行.
NOTIC: [8] Undefined variable: uid D:\xampp\htdocs\weixin_hhj\Application\Home\Controller\IndexController.class.php 第 547 行.
NOTIC: [8] Undefined variable: token D:\xampp\htdocs\weixin_hhj\Application\Home\Controller\IndexController.class.php 第 547 行.
NOTIC: [8] Undefined variable: uid D:\xampp\htdocs\weixin_hhj\Application\Home\Controller\IndexController.class.php 第 547 行.
NOTIC: [8] Undefined variable: token D:\xampp\htdocs\weixin_hhj\Application\Home\Controller\IndexController.class.php 第 547 行.
NOTIC: [8] Undefined variable: shop_love_shop D:\xampp\htdocs\weixin_hhj\Application\Home\Controller\IndexController.class.php 第 78 行.
NOTIC: [8] Undefined variable: meiqia_data D:\xampp\htdocs\weixin_hhj\Application\Home\Controller\IndexController.class.php 第 86 行.
NOTIC: [8] Undefined index: openid D:\xampp\htdocs\weixin_hhj\Application\Home\Controller\IndexController.class.php 第 88 行.
INFO: [ view_parse ] --START--
INFO: [ template_filter ] --START--
INFO: Run Behavior\ContentReplaceBehavior [ RunTime:0.000000s ]
INFO: [ template_filter ] --END-- [ RunTime:0.000500s ]
NOTIC: [8] Undefined index: url_type D:\xampp\htdocs\weixin_hhj\Application\Runtime\Cache\Home\2a94b8bda04ff446dcedd42276fc99ee.php 第 80 行.
NOTIC: [8] Undefined index: alert D:\xampp\htdocs\weixin_hhj\Application\Runtime\Cache\Home\2a94b8bda04ff446dcedd42276fc99ee.php 第 93 行.
NOTIC: [8] Undefined index: alert D:\xampp\htdocs\weixin_hhj\Application\Runtime\Cache\Home\2a94b8bda04ff446dcedd42276fc99ee.php 第 99 行.
NOTIC: [8] Undefined index: alert D:\xampp\htdocs\weixin_hhj\Application\Runtime\Cache\Home\2a94b8bda04ff446dcedd42276fc99ee.php 第 102 行.
NOTIC: [8] Undefined index: alert D:\xampp\htdocs\weixin_hhj\Application\Runtime\Cache\Home\2a94b8bda04ff446dcedd42276fc99ee.php 第 107 行.
NOTIC: [8] Undefined index: alert D:\xampp\htdocs\weixin_hhj\Application\Runtime\Cache\Home\2a94b8bda04ff446dcedd42276fc99ee.php 第 110 行.
NOTIC: [8] Undefined index: alert D:\xampp\htdocs\weixin_hhj\Application\Runtime\Cache\Home\2a94b8bda04ff446dcedd42276fc99ee.php 第 120 行.
NOTIC: [8] Undefined index: alert D:\xampp\htdocs\weixin_hhj\Application\Runtime\Cache\Home\2a94b8bda04ff446dcedd42276fc99ee.php 第 120 行.
INFO: Run Behavior\ParseTemplateBehavior [ RunTime:0.040005s ]
INFO: [ view_parse ] --END-- [ RunTime:0.040005s ]
INFO: [ view_filter ] --START--
INFO: Run Behavior\WriteHtmlCacheBehavior [ RunTime:0.000500s ]
INFO: [ view_filter ] --END-- [ RunTime:0.000500s ]
INFO: [ app_end ] --START--
INFO: Run Behavior\ShowPageTraceBehavior [ RunTime:0.000500s ]
INFO: [ app_end ] --END-- [ RunTime:0.000500s ]

[ 2017-01-13T10:42:41+08:00 ] 127.0.0.1 /min/index?f=/Public/js/lib/swiper.min.js
INFO: [ app_init ] --START--
INFO: Run Behavior\BuildLiteBehavior [ RunTime:0.000000s ]
INFO: [ app_init ] --END-- [ RunTime:0.000501s ]
INFO: [ app_begin ] --START--
INFO: Run Behavior\ReadHtmlCacheBehavior [ RunTime:0.000500s ]
INFO: [ app_begin ] --END-- [ RunTime:0.000500s ]

[ 2017-01-13T10:42:41+08:00 ] 127.0.0.1 /min/index?f=/Public/js/index.js
INFO: [ app_init ] --START--
INFO: Run Behavior\BuildLiteBehavior [ RunTime:0.000000s ]
INFO: [ app_init ] --END-- [ RunTime:0.000500s ]
INFO: [ app_begin ] --START--
INFO: Run Behavior\ReadHtmlCacheBehavior [ RunTime:0.000500s ]
INFO: [ app_begin ] --END-- [ RunTime:0.000500s ]

[ 2017-01-13T10:42:41+08:00 ] 127.0.0.1 /Cart/index
INFO: [ app_init ] --START--
INFO: Run Behavior\BuildLiteBehavior [ RunTime:0.000000s ]
INFO: [ app_init ] --END-- [ RunTime:0.000500s ]
INFO: [ app_begin ] --START--
INFO: Run Behavior\ReadHtmlCacheBehavior [ RunTime:0.001000s ]
INFO: [ app_begin ] --END-- [ RunTime:0.001000s ]
NOTIC: [8] Undefined index: shop_id D:\xampp\htdocs\weixin_hhj\Application\Home\Controller\CartController.class.php 第 9 行.
NOTIC: [8] Undefined index: act_ticket D:\xampp\htdocs\weixin_hhj\Application\Home\Controller\CartController.class.php 第 10 行.
NOTIC: [8] Undefined index: goods_ticket D:\xampp\htdocs\weixin_hhj\Application\Home\Controller\CartController.class.php 第 11 行.
NOTIC: [8] Undefined index: distribution D:\xampp\htdocs\weixin_hhj\Application\Home\Controller\CartController.class.php 第 12 行.
NOTIC: [8] Undefined variable: address_id D:\xampp\htdocs\weixin_hhj\Application\Home\Controller\AddressController.class.php 第 470 行.
NOTIC: [2] Invalid argument supplied for foreach() D:\xampp\htdocs\weixin_hhj\Application\Home\Controller\CartController.class.php 第 110 行.
NOTIC: [2] Invalid argument supplied for foreach() D:\xampp\htdocs\weixin_hhj\Application\Home\Controller\CartController.class.php 第 115 行.
NOTIC: [8] Undefined index: goods_list D:\xampp\htdocs\weixin_hhj\Application\Home\Controller\CartController.class.php 第 105 行.
NOTIC: [2] Invalid argument supplied for foreach() D:\xampp\htdocs\weixin_hhj\Application\Home\Controller\CartController.class.php 第 105 行.
NOTIC: [2] Invalid argument supplied for foreach() D:\xampp\htdocs\weixin_hhj\Application\Home\Controller\CartController.class.php 第 115 行.
INFO: [ view_parse ] --START--
INFO: [ template_filter ] --START--
INFO: Run Behavior\ContentReplaceBehavior [ RunTime:0.000500s ]
INFO: [ template_filter ] --END-- [ RunTime:0.000500s ]
NOTIC: [8] Undefined index: shop_orderphone1 D:\xampp\htdocs\weixin_hhj\Application\Runtime\Cache\Home\6f105010063b4e4da2af04cb5dd2d5a4.php 第 67 行.
NOTIC: [8] Undefined index: goods_list D:\xampp\htdocs\weixin_hhj\Application\Runtime\Cache\Home\6f105010063b4e4da2af04cb5dd2d5a4.php 第 267 行.
NOTIC: [8] Undefined index: city_baiducode D:\xampp\htdocs\weixin_hhj\Application\Runtime\Cache\Home\6f105010063b4e4da2af04cb5dd2d5a4.php 第 438 行.
NOTIC: [8] Undefined index: city_baiducode D:\xampp\htdocs\weixin_hhj\Application\Runtime\Cache\Home\6f105010063b4e4da2af04cb5dd2d5a4.php 第 440 行.
NOTIC: [8] Undefined index: city_baiducode D:\xampp\htdocs\weixin_hhj\Application\Runtime\Cache\Home\6f105010063b4e4da2af04cb5dd2d5a4.php 第 442 行.
NOTIC: [8] Undefined index: city_baiducode D:\xampp\htdocs\weixin_hhj\Application\Runtime\Cache\Home\6f105010063b4e4da2af04cb5dd2d5a4.php 第 438 行.
NOTIC: [8] Undefined index: city_baiducode D:\xampp\htdocs\weixin_hhj\Application\Runtime\Cache\Home\6f105010063b4e4da2af04cb5dd2d5a4.php 第 440 行.
NOTIC: [8] Undefined index: city_baiducode D:\xampp\htdocs\weixin_hhj\Application\Runtime\Cache\Home\6f105010063b4e4da2af04cb5dd2d5a4.php 第 442 行.
NOTIC: [8] Undefined index: city_baiducode D:\xampp\htdocs\weixin_hhj\Application\Runtime\Cache\Home\6f105010063b4e4da2af04cb5dd2d5a4.php 第 438 行.
NOTIC: [8] Undefined index: city_baiducode D:\xampp\htdocs\weixin_hhj\Application\Runtime\Cache\Home\6f105010063b4e4da2af04cb5dd2d5a4.php 第 440 行.
NOTIC: [8] Undefined index: city_baiducode D:\xampp\htdocs\weixin_hhj\Application\Runtime\Cache\Home\6f105010063b4e4da2af04cb5dd2d5a4.php 第 442 行.
NOTIC: [8] Undefined index: city_baiducode D:\xampp\htdocs\weixin_hhj\Application\Runtime\Cache\Home\6f105010063b4e4da2af04cb5dd2d5a4.php 第 438 行.
NOTIC: [8] Undefined index: city_baiducode D:\xampp\htdocs\weixin_hhj\Application\Runtime\Cache\Home\6f105010063b4e4da2af04cb5dd2d5a4.php 第 440 行.
NOTIC: [8] Undefined index: city_baiducode D:\xampp\htdocs\weixin_hhj\Application\Runtime\Cache\Home\6f105010063b4e4da2af04cb5dd2d5a4.php 第 442 行.
NOTIC: [8] Undefined index: city_baiducode D:\xampp\htdocs\weixin_hhj\Application\Runtime\Cache\Home\6f105010063b4e4da2af04cb5dd2d5a4.php 第 438 行.
NOTIC: [8] Undefined index: city_baiducode D:\xampp\htdocs\weixin_hhj\Application\Runtime\Cache\Home\6f105010063b4e4da2af04cb5dd2d5a4.php 第 440 行.
NOTIC: [8] Undefined index: city_baiducode D:\xampp\htdocs\weixin_hhj\Application\Runtime\Cache\Home\6f105010063b4e4da2af04cb5dd2d5a4.php 第 442 行.
NOTIC: [8] Undefined index: city_baiducode D:\xampp\htdocs\weixin_hhj\Application\Runtime\Cache\Home\6f105010063b4e4da2af04cb5dd2d5a4.php 第 438 行.
NOTIC: [8] Undefined index: city_baiducode D:\xampp\htdocs\weixin_hhj\Application\Runtime\Cache\Home\6f105010063b4e4da2af04cb5dd2d5a4.php 第 440 行.
NOTIC: [8] Undefined index: city_baiducode D:\xampp\htdocs\weixin_hhj\Application\Runtime\Cache\Home\6f105010063b4e4da2af04cb5dd2d5a4.php 第 442 行.
NOTIC: [8] Undefined index: city_baiducode D:\xampp\htdocs\weixin_hhj\Application\Runtime\Cache\Home\6f105010063b4e4da2af04cb5dd2d5a4.php 第 438 行.
NOTIC: [8] Undefined index: city_baiducode D:\xampp\htdocs\weixin_hhj\Application\Runtime\Cache\Home\6f105010063b4e4da2af04cb5dd2d5a4.php 第 440 行.
NOTIC: [8] Undefined index: city_baiducode D:\xampp\htdocs\weixin_hhj\Application\Runtime\Cache\Home\6f105010063b4e4da2af04cb5dd2d5a4.php 第 442 行.
INFO: Run Behavior\ParseTemplateBehavior [ RunTime:0.065508s ]
INFO: [ view_parse ] --END-- [ RunTime:0.065508s ]
INFO: [ view_filter ] --START--
INFO: Run Behavior\WriteHtmlCacheBehavior [ RunTime:0.001001s ]
INFO: [ view_filter ] --END-- [ RunTime:0.001001s ]
INFO: [ app_end ] --START--
INFO: Run Behavior\ShowPageTraceBehavior [ RunTime:0.002500s ]
INFO: [ app_end ] --END-- [ RunTime:0.002500s ]

[ 2017-01-13T10:42:41+08:00 ] 127.0.0.1 /index/get_user_xy
INFO: [ app_init ] --START--
INFO: Run Behavior\BuildLiteBehavior [ RunTime:0.000000s ]
INFO: [ app_init ] --END-- [ RunTime:0.000501s ]
INFO: [ app_begin ] --START--
INFO: Run Behavior\ReadHtmlCacheBehavior [ RunTime:0.001000s ]
INFO: [ app_begin ] --END-- [ RunTime:0.001000s ]
INFO: [ app_end ] --START--
INFO: Run Behavior\ShowPageTraceBehavior [ RunTime:0.001000s ]
INFO: [ app_end ] --END-- [ RunTime:0.001000s ]

[ 2017-01-13T10:42:42+08:00 ] 127.0.0.1 /Sample/index
INFO: [ app_init ] --START--
INFO: Run Behavior\BuildLiteBehavior [ RunTime:0.000000s ]
INFO: [ app_init ] --END-- [ RunTime:0.001000s ]
INFO: [ app_begin ] --START--
INFO: Run Behavior\ReadHtmlCacheBehavior [ RunTime:0.002501s ]
INFO: [ app_begin ] --END-- [ RunTime:0.002501s ]
INFO: [ app_end ] --START--
INFO: Run Behavior\ShowPageTraceBehavior [ RunTime:0.001000s ]
INFO: [ app_end ] --END-- [ RunTime:0.001000s ]

[ 2017-01-13T10:42:42+08:00 ] 127.0.0.1 /min/maps/swiper.min.js.map
INFO: [ app_init ] --START--
INFO: Run Behavior\BuildLiteBehavior [ RunTime:0.000000s ]
INFO: [ app_init ] --END-- [ RunTime:0.000500s ]
INFO: [ app_begin ] --START--
INFO: Run Behavior\ReadHtmlCacheBehavior [ RunTime:0.000500s ]
INFO: [ app_begin ] --END-- [ RunTime:0.000500s ]
ERR: 非法操作:maps

[ 2017-01-13T10:42:42+08:00 ] 127.0.0.1 /index/get_untreated
INFO: [ app_init ] --START--
INFO: Run Behavior\BuildLiteBehavior [ RunTime:0.000000s ]
INFO: [ app_init ] --END-- [ RunTime:0.000500s ]
INFO: [ app_begin ] --START--
INFO: Run Behavior\ReadHtmlCacheBehavior [ RunTime:0.001000s ]
INFO: [ app_begin ] --END-- [ RunTime:0.001000s ]

[ 2017-01-13T10:42:44+08:00 ] 127.0.0.1 /Address/is_ajax_login
INFO: [ app_init ] --START--
INFO: Run Behavior\BuildLiteBehavior [ RunTime:0.000000s ]
INFO: [ app_init ] --END-- [ RunTime:0.000500s ]
INFO: [ app_begin ] --START--
INFO: Run Behavior\ReadHtmlCacheBehavior [ RunTime:0.001000s ]
INFO: [ app_begin ] --END-- [ RunTime:0.001500s ]
INFO: [ app_end ] --START--
INFO: Run Behavior\ShowPageTraceBehavior [ RunTime:0.001000s ]
INFO: [ app_end ] --END-- [ RunTime:0.001500s ]

[ 2017-01-13T10:42:46+08:00 ] 127.0.0.1 /System/message.html
INFO: [ app_init ] --START--
INFO: Run Behavior\BuildLiteBehavior [ RunTime:0.000000s ]
INFO: [ app_init ] --END-- [ RunTime:0.000500s ]
INFO: [ app_begin ] --START--
INFO: Run Behavior\ReadHtmlCacheBehavior [ RunTime:0.001000s ]
INFO: [ app_begin ] --END-- [ RunTime:0.001000s ]
NOTIC: [8] Undefined index: openid D:\xampp\htdocs\weixin_hhj\Application\Home\Controller\CommonController.class.php 第 58 行.
NOTIC: [2] Invalid argument supplied for foreach() D:\xampp\htdocs\weixin_hhj\Application\Home\Controller\SystemController.class.php 第 16 行.
NOTIC: [2] Invalid argument supplied for foreach() D:\xampp\htdocs\weixin_hhj\Application\Home\Controller\SystemController.class.php 第 19 行.
INFO: [ view_parse ] --START--
INFO: [ template_filter ] --START--
INFO: Run Behavior\ContentReplaceBehavior [ RunTime:0.000000s ]
INFO: [ template_filter ] --END-- [ RunTime:0.000000s ]
INFO: Run Behavior\ParseTemplateBehavior [ RunTime:0.039005s ]
INFO: [ view_parse ] --END-- [ RunTime:0.039005s ]
INFO: [ view_filter ] --START--
INFO: Run Behavior\WriteHtmlCacheBehavior [ RunTime:0.001000s ]
INFO: [ view_filter ] --END-- [ RunTime:0.001500s ]
INFO: [ app_end ] --START--
INFO: Run Behavior\ShowPageTraceBehavior [ RunTime:0.001501s ]
INFO: [ app_end ] --END-- [ RunTime:0.001501s ]

[ 2017-01-13T10:42:47+08:00 ] 127.0.0.1 /System/message.html
INFO: [ app_init ] --START--
INFO: Run Behavior\BuildLiteBehavior [ RunTime:0.000500s ]
INFO: [ app_init ] --END-- [ RunTime:0.001000s ]
INFO: [ app_begin ] --START--
INFO: Run Behavior\ReadHtmlCacheBehavior [ RunTime:0.001500s ]
INFO: [ app_begin ] --END-- [ RunTime:0.001500s ]
NOTIC: [8] Undefined index: openid D:\xampp\htdocs\weixin_hhj\Application\Home\Controller\CommonController.class.php 第 58 行.
NOTIC: [2] Invalid argument supplied for foreach() D:\xampp\htdocs\weixin_hhj\Application\Home\Controller\SystemController.class.php 第 16 行.
NOTIC: [2] Invalid argument supplied for foreach() D:\xampp\htdocs\weixin_hhj\Application\Home\Controller\SystemController.class.php 第 19 行.
INFO: [ view_parse ] --START--
INFO: [ template_filter ] --START--
INFO: Run Behavior\ContentReplaceBehavior [ RunTime:0.000000s ]
INFO: [ template_filter ] --END-- [ RunTime:0.000000s ]
INFO: Run Behavior\ParseTemplateBehavior [ RunTime:0.022003s ]
INFO: [ view_parse ] --END-- [ RunTime:0.022003s ]
INFO: [ view_filter ] --START--
INFO: Run Behavior\WriteHtmlCacheBehavior [ RunTime:0.001500s ]
INFO: [ view_filter ] --END-- [ RunTime:0.001500s ]
INFO: [ app_end ] --START--
INFO: Run Behavior\ShowPageTraceBehavior [ RunTime:0.001500s ]
INFO: [ app_end ] --END-- [ RunTime:0.001500s ]

[ 2017-01-13T10:42:51+08:00 ] 127.0.0.1 /Index/index
INFO: [ app_init ] --START--
INFO: Run Behavior\BuildLiteBehavior [ RunTime:0.000000s ]
INFO: [ app_init ] --END-- [ RunTime:0.000500s ]
INFO: [ app_begin ] --START--
INFO: Run Behavior\ReadHtmlCacheBehavior [ RunTime:0.001000s ]
INFO: [ app_begin ] --END-- [ RunTime:0.001000s ]
NOTIC: [8] Undefined variable: uid D:\xampp\htdocs\weixin_hhj\Application\Home\Controller\CategoryController.class.php 第 280 行.
NOTIC: [8] Undefined variable: token D:\xampp\htdocs\weixin_hhj\Application\Home\Controller\CategoryController.class.php 第 280 行.
NOTIC: [8] Undefined variable: uid D:\xampp\htdocs\weixin_hhj\Application\Home\Controller\CategoryController.class.php 第 280 行.
NOTIC: [8] Undefined variable: token D:\xampp\htdocs\weixin_hhj\Application\Home\Controller\CategoryController.class.php 第 280 行.
NOTIC: [8] Undefined variable: uid D:\xampp\htdocs\weixin_hhj\Application\Home\Controller\CategoryController.class.php 第 280 行.
NOTIC: [8] Undefined variable: token D:\xampp\htdocs\weixin_hhj\Application\Home\Controller\CategoryController.class.php 第 280 行.
NOTIC: [2] array_multisort(): Argument #1 is expected to be an array or a sort flag D:\xampp\htdocs\weixin_hhj\Application\Common\Common\function.php 第 191 行.
NOTIC: [2] array_multisort(): Argument #1 is expected to be an array or a sort flag D:\xampp\htdocs\weixin_hhj\Application\Common\Common\function.php 第 191 行.
NOTIC: [2] array_multisort(): Argument #1 is expected to be an array or a sort flag D:\xampp\htdocs\weixin_hhj\Application\Common\Common\function.php 第 191 行.
NOTIC: [8] Undefined variable: uid D:\xampp\htdocs\weixin_hhj\Application\Home\Controller\CategoryController.class.php 第 329 行.
NOTIC: [8] Undefined variable: token D:\xampp\htdocs\weixin_hhj\Application\Home\Controller\CategoryController.class.php 第 329 行.
NOTIC: [8] Undefined variable: uid D:\xampp\htdocs\weixin_hhj\Application\Home\Controller\IndexController.class.php 第 547 行.
NOTIC: [8] Undefined variable: token D:\xampp\htdocs\weixin_hhj\Application\Home\Controller\IndexController.class.php 第 547 行.
NOTIC: [8] Undefined variable: uid D:\xampp\htdocs\weixin_hhj\Application\Home\Controller\IndexController.class.php 第 547 行.
NOTIC: [8] Undefined variable: token D:\xampp\htdocs\weixin_hhj\Application\Home\Controller\IndexController.class.php 第 547 行.
NOTIC: [8] Undefined variable: shop_love_shop D:\xampp\htdocs\weixin_hhj\Application\Home\Controller\IndexController.class.php 第 78 行.
NOTIC: [8] Undefined variable: meiqia_data D:\xampp\htdocs\weixin_hhj\Application\Home\Controller\IndexController.class.php 第 86 行.
NOTIC: [8] Undefined index: openid D:\xampp\htdocs\weixin_hhj\Application\Home\Controller\IndexController.class.php 第 88 行.
INFO: [ view_parse ] --START--
INFO: [ template_filter ] --START--
INFO: Run Behavior\ContentReplaceBehavior [ RunTime:0.000500s ]
INFO: [ template_filter ] --END-- [ RunTime:0.000500s ]
NOTIC: [8] Undefined index: url_type D:\xampp\htdocs\weixin_hhj\Application\Runtime\Cache\Home\2a94b8bda04ff446dcedd42276fc99ee.php 第 80 行.
NOTIC: [8] Undefined index: alert D:\xampp\htdocs\weixin_hhj\Application\Runtime\Cache\Home\2a94b8bda04ff446dcedd42276fc99ee.php 第 93 行.
NOTIC: [8] Undefined index: alert D:\xampp\htdocs\weixin_hhj\Application\Runtime\Cache\Home\2a94b8bda04ff446dcedd42276fc99ee.php 第 99 行.
NOTIC: [8] Undefined index: alert D:\xampp\htdocs\weixin_hhj\Application\Runtime\Cache\Home\2a94b8bda04ff446dcedd42276fc99ee.php 第 102 行.
NOTIC: [8] Undefined index: alert D:\xampp\htdocs\weixin_hhj\Application\Runtime\Cache\Home\2a94b8bda04ff446dcedd42276fc99ee.php 第 107 行.
NOTIC: [8] Undefined index: alert D:\xampp\htdocs\weixin_hhj\Application\Runtime\Cache\Home\2a94b8bda04ff446dcedd42276fc99ee.php 第 110 行.
NOTIC: [8] Undefined index: alert D:\xampp\htdocs\weixin_hhj\Application\Runtime\Cache\Home\2a94b8bda04ff446dcedd42276fc99ee.php 第 120 行.
NOTIC: [8] Undefined index: alert D:\xampp\htdocs\weixin_hhj\Application\Runtime\Cache\Home\2a94b8bda04ff446dcedd42276fc99ee.php 第 120 行.
INFO: Run Behavior\ParseTemplateBehavior [ RunTime:0.041005s ]
INFO: [ view_parse ] --END-- [ RunTime:0.041005s ]
INFO: [ view_filter ] --START--
INFO: Run Behavior\WriteHtmlCacheBehavior [ RunTime:0.001000s ]
INFO: [ view_filter ] --END-- [ RunTime:0.001000s ]
INFO: [ app_end ] --START--
INFO: Run Behavior\ShowPageTraceBehavior [ RunTime:0.006501s ]
INFO: [ app_end ] --END-- [ RunTime:0.006501s ]

[ 2017-01-13T10:42:51+08:00 ] 127.0.0.1 /min/index?f=/Public/js/lib/swiper.min.js
INFO: [ app_init ] --START--
INFO: Run Behavior\BuildLiteBehavior [ RunTime:0.000000s ]
INFO: [ app_init ] --END-- [ RunTime:0.001000s ]
INFO: [ app_begin ] --START--
INFO: Run Behavior\ReadHtmlCacheBehavior [ RunTime:0.001000s ]
INFO: [ app_begin ] --END-- [ RunTime:0.001000s ]

[ 2017-01-13T10:42:51+08:00 ] 127.0.0.1 /min/index?f=/Public/js/index.js
INFO: [ app_init ] --START--
INFO: Run Behavior\BuildLiteBehavior [ RunTime:0.000000s ]
INFO: [ app_init ] --END-- [ RunTime:0.000500s ]
INFO: [ app_begin ] --START--
INFO: Run Behavior\ReadHtmlCacheBehavior [ RunTime:0.001000s ]
INFO: [ app_begin ] --END-- [ RunTime:0.001000s ]

[ 2017-01-13T10:42:52+08:00 ] 127.0.0.1 /Cart/index
INFO: [ app_init ] --START--
INFO: Run Behavior\BuildLiteBehavior [ RunTime:0.000000s ]
INFO: [ app_init ] --END-- [ RunTime:0.000500s ]
INFO: [ app_begin ] --START--
INFO: Run Behavior\ReadHtmlCacheBehavior [ RunTime:0.001500s ]
INFO: [ app_begin ] --END-- [ RunTime:0.001500s ]
NOTIC: [8] Undefined index: shop_id D:\xampp\htdocs\weixin_hhj\Application\Home\Controller\CartController.class.php 第 9 行.
NOTIC: [8] Undefined index: act_ticket D:\xampp\htdocs\weixin_hhj\Application\Home\Controller\CartController.class.php 第 10 行.
NOTIC: [8] Undefined index: goods_ticket D:\xampp\htdocs\weixin_hhj\Application\Home\Controller\CartController.class.php 第 11 行.
NOTIC: [8] Undefined index: distribution D:\xampp\htdocs\weixin_hhj\Application\Home\Controller\CartController.class.php 第 12 行.
NOTIC: [8] Undefined variable: address_id D:\xampp\htdocs\weixin_hhj\Application\Home\Controller\AddressController.class.php 第 470 行.
NOTIC: [2] Invalid argument supplied for foreach() D:\xampp\htdocs\weixin_hhj\Application\Home\Controller\CartController.class.php 第 110 行.
NOTIC: [2] Invalid argument supplied for foreach() D:\xampp\htdocs\weixin_hhj\Application\Home\Controller\CartController.class.php 第 115 行.
NOTIC: [8] Undefined index: goods_list D:\xampp\htdocs\weixin_hhj\Application\Home\Controller\CartController.class.php 第 105 行.
NOTIC: [2] Invalid argument supplied for foreach() D:\xampp\htdocs\weixin_hhj\Application\Home\Controller\CartController.class.php 第 105 行.
NOTIC: [2] Invalid argument supplied for foreach() D:\xampp\htdocs\weixin_hhj\Application\Home\Controller\CartController.class.php 第 115 行.
INFO: [ view_parse ] --START--
INFO: [ template_filter ] --START--
INFO: Run Behavior\ContentReplaceBehavior [ RunTime:0.000500s ]
INFO: [ template_filter ] --END-- [ RunTime:0.000500s ]
NOTIC: [8] Undefined index: shop_orderphone1 D:\xampp\htdocs\weixin_hhj\Application\Runtime\Cache\Home\6f105010063b4e4da2af04cb5dd2d5a4.php 第 67 行.
NOTIC: [8] Undefined index: goods_list D:\xampp\htdocs\weixin_hhj\Application\Runtime\Cache\Home\6f105010063b4e4da2af04cb5dd2d5a4.php 第 267 行.
NOTIC: [8] Undefined index: city_baiducode D:\xampp\htdocs\weixin_hhj\Application\Runtime\Cache\Home\6f105010063b4e4da2af04cb5dd2d5a4.php 第 438 行.
NOTIC: [8] Undefined index: city_baiducode D:\xampp\htdocs\weixin_hhj\Application\Runtime\Cache\Home\6f105010063b4e4da2af04cb5dd2d5a4.php 第 440 行.
NOTIC: [8] Undefined index: city_baiducode D:\xampp\htdocs\weixin_hhj\Application\Runtime\Cache\Home\6f105010063b4e4da2af04cb5dd2d5a4.php 第 442 行.
NOTIC: [8] Undefined index: city_baiducode D:\xampp\htdocs\weixin_hhj\Application\Runtime\Cache\Home\6f105010063b4e4da2af04cb5dd2d5a4.php 第 438 行.
NOTIC: [8] Undefined index: city_baiducode D:\xampp\htdocs\weixin_hhj\Application\Runtime\Cache\Home\6f105010063b4e4da2af04cb5dd2d5a4.php 第 440 行.
NOTIC: [8] Undefined index: city_baiducode D:\xampp\htdocs\weixin_hhj\Application\Runtime\Cache\Home\6f105010063b4e4da2af04cb5dd2d5a4.php 第 442 行.
NOTIC: [8] Undefined index: city_baiducode D:\xampp\htdocs\weixin_hhj\Application\Runtime\Cache\Home\6f105010063b4e4da2af04cb5dd2d5a4.php 第 438 行.
NOTIC: [8] Undefined index: city_baiducode D:\xampp\htdocs\weixin_hhj\Application\Runtime\Cache\Home\6f105010063b4e4da2af04cb5dd2d5a4.php 第 440 行.
NOTIC: [8] Undefined index: city_baiducode D:\xampp\htdocs\weixin_hhj\Application\Runtime\Cache\Home\6f105010063b4e4da2af04cb5dd2d5a4.php 第 442 行.
NOTIC: [8] Undefined index: city_baiducode D:\xampp\htdocs\weixin_hhj\Application\Runtime\Cache\Home\6f105010063b4e4da2af04cb5dd2d5a4.php 第 438 行.
NOTIC: [8] Undefined index: city_baiducode D:\xampp\htdocs\weixin_hhj\Application\Runtime\Cache\Home\6f105010063b4e4da2af04cb5dd2d5a4.php 第 440 行.
NOTIC: [8] Undefined index: city_baiducode D:\xampp\htdocs\weixin_hhj\Application\Runtime\Cache\Home\6f105010063b4e4da2af04cb5dd2d5a4.php 第 442 行.
NOTIC: [8] Undefined index: city_baiducode D:\xampp\htdocs\weixin_hhj\Application\Runtime\Cache\Home\6f105010063b4e4da2af04cb5dd2d5a4.php 第 438 行.
NOTIC: [8] Undefined index: city_baiducode D:\xampp\htdocs\weixin_hhj\Application\Runtime\Cache\Home\6f105010063b4e4da2af04cb5dd2d5a4.php 第 440 行.
NOTIC: [8] Undefined index: city_baiducode D:\xampp\htdocs\weixin_hhj\Application\Runtime\Cache\Home\6f105010063b4e4da2af04cb5dd2d5a4.php 第 442 行.
NOTIC: [8] Undefined index: city_baiducode D:\xampp\htdocs\weixin_hhj\Application\Runtime\Cache\Home\6f105010063b4e4da2af04cb5dd2d5a4.php 第 438 行.
NOTIC: [8] Undefined index: city_baiducode D:\xampp\htdocs\weixin_hhj\Application\Runtime\Cache\Home\6f105010063b4e4da2af04cb5dd2d5a4.php 第 440 行.
NOTIC: [8] Undefined index: city_baiducode D:\xampp\htdocs\weixin_hhj\Application\Runtime\Cache\Home\6f105010063b4e4da2af04cb5dd2d5a4.php 第 442 行.
NOTIC: [8] Undefined index: city_baiducode D:\xampp\htdocs\weixin_hhj\Application\Runtime\Cache\Home\6f105010063b4e4da2af04cb5dd2d5a4.php 第 438 行.
NOTIC: [8] Undefined index: city_baiducode D:\xampp\htdocs\weixin_hhj\Application\Runtime\Cache\Home\6f105010063b4e4da2af04cb5dd2d5a4.php 第 440 行.
NOTIC: [8] Undefined index: city_baiducode D:\xampp\htdocs\weixin_hhj\Application\Runtime\Cache\Home\6f105010063b4e4da2af04cb5dd2d5a4.php 第 442 行.
INFO: Run Behavior\ParseTemplateBehavior [ RunTime:0.069008s ]
INFO: [ view_parse ] --END-- [ RunTime:0.069008s ]
INFO: [ view_filter ] --START--
INFO: Run Behavior\WriteHtmlCacheBehavior [ RunTime:0.001000s ]
INFO: [ view_filter ] --END-- [ RunTime:0.001000s ]
INFO: [ app_end ] --START--
INFO: Run Behavior\ShowPageTraceBehavior [ RunTime:0.002001s ]
INFO: [ app_end ] --END-- [ RunTime:0.002001s ]

[ 2017-01-13T10:42:52+08:00 ] 127.0.0.1 /min/maps/swiper.min.js.map
INFO: [ app_init ] --START--
INFO: Run Behavior\BuildLiteBehavior [ RunTime:0.000000s ]
INFO: [ app_init ] --END-- [ RunTime:0.001000s ]
INFO: [ app_begin ] --START--
INFO: Run Behavior\ReadHtmlCacheBehavior [ RunTime:0.001001s ]
INFO: [ app_begin ] --END-- [ RunTime:0.001501s ]
ERR: 非法操作:maps

[ 2017-01-13T10:42:52+08:00 ] 127.0.0.1 /index/get_user_xy
INFO: [ app_init ] --START--
INFO: Run Behavior\BuildLiteBehavior [ RunTime:0.000000s ]
INFO: [ app_init ] --END-- [ RunTime:0.000500s ]
INFO: [ app_begin ] --START--
INFO: Run Behavior\ReadHtmlCacheBehavior [ RunTime:0.001500s ]
INFO: [ app_begin ] --END-- [ RunTime:0.001500s ]
INFO: [ app_end ] --START--
INFO: Run Behavior\ShowPageTraceBehavior [ RunTime:0.001000s ]
INFO: [ app_end ] --END-- [ RunTime:0.001000s ]

[ 2017-01-13T10:42:52+08:00 ] 127.0.0.1 /Sample/index
INFO: [ app_init ] --START--
INFO: Run Behavior\BuildLiteBehavior [ RunTime:0.000000s ]
INFO: [ app_init ] --END-- [ RunTime:0.000500s ]
INFO: [ app_begin ] --START--
INFO: Run Behavior\ReadHtmlCacheBehavior [ RunTime:0.001000s ]
INFO: [ app_begin ] --END-- [ RunTime:0.001000s ]
INFO: [ app_end ] --START--
INFO: Run Behavior\ShowPageTraceBehavior [ RunTime:0.002500s ]
INFO: [ app_end ] --END-- [ RunTime:0.002500s ]

[ 2017-01-13T10:42:53+08:00 ] 127.0.0.1 /index/get_untreated
INFO: [ app_init ] --START--
INFO: Run Behavior\BuildLiteBehavior [ RunTime:0.000000s ]
INFO: [ app_init ] --END-- [ RunTime:0.000500s ]
INFO: [ app_begin ] --START--
INFO: Run Behavior\ReadHtmlCacheBehavior [ RunTime:0.001500s ]
INFO: [ app_begin ] --END-- [ RunTime:0.001500s ]

[ 2017-01-13T10:44:51+08:00 ] 127.0.0.1 /Address/is_ajax_login
INFO: [ app_init ] --START--
INFO: Run Behavior\BuildLiteBehavior [ RunTime:0.000000s ]
INFO: [ app_init ] --END-- [ RunTime:0.001000s ]
INFO: [ app_begin ] --START--
INFO: Run Behavior\ReadHtmlCacheBehavior [ RunTime:0.001000s ]
INFO: [ app_begin ] --END-- [ RunTime:0.001000s ]
INFO: [ app_end ] --START--
INFO: Run Behavior\ShowPageTraceBehavior [ RunTime:0.001000s ]
INFO: [ app_end ] --END-- [ RunTime:0.001500s ]

[ 2017-01-13T10:44:51+08:00 ] 127.0.0.1 /Address/is_ajax_login
INFO: [ app_init ] --START--
INFO: Run Behavior\BuildLiteBehavior [ RunTime:0.000000s ]
INFO: [ app_init ] --END-- [ RunTime:0.000500s ]
INFO: [ app_begin ] --START--
INFO: Run Behavior\ReadHtmlCacheBehavior [ RunTime:0.001000s ]
INFO: [ app_begin ] --END-- [ RunTime:0.001000s ]
INFO: [ app_end ] --START--
INFO: Run Behavior\ShowPageTraceBehavior [ RunTime:0.001000s ]
INFO: [ app_end ] --END-- [ RunTime:0.001500s ]

[ 2017-01-13T10:44:51+08:00 ] 127.0.0.1 /Collection/index
INFO: [ app_init ] --START--
INFO: Run Behavior\BuildLiteBehavior [ RunTime:0.000000s ]
INFO: [ app_init ] --END-- [ RunTime:0.000500s ]
INFO: [ app_begin ] --START--
INFO: Run Behavior\ReadHtmlCacheBehavior [ RunTime:0.001500s ]
INFO: [ app_begin ] --END-- [ RunTime:0.001500s ]
INFO: [ app_end ] --START--
INFO: Run Behavior\ShowPageTraceBehavior [ RunTime:0.001500s ]
INFO: [ app_end ] --END-- [ RunTime:0.001500s ]

[ 2017-01-13T10:44:52+08:00 ] 127.0.0.1 /Address/is_ajax_login
INFO: [ app_init ] --START--
INFO: Run Behavior\BuildLiteBehavior [ RunTime:0.000000s ]
INFO: [ app_init ] --END-- [ RunTime:0.000500s ]
INFO: [ app_begin ] --START--
INFO: Run Behavior\ReadHtmlCacheBehavior [ RunTime:0.001000s ]
INFO: [ app_begin ] --END-- [ RunTime:0.001500s ]
INFO: [ app_end ] --START--
INFO: Run Behavior\ShowPageTraceBehavior [ RunTime:0.001000s ]
INFO: [ app_end ] --END-- [ RunTime:0.001500s ]

[ 2017-01-13T10:45:03+08:00 ] 127.0.0.1 /Shop/shop_list
INFO: [ app_init ] --START--
INFO: Run Behavior\BuildLiteBehavior [ RunTime:0.000000s ]
INFO: [ app_init ] --END-- [ RunTime:0.000500s ]
INFO: [ app_begin ] --START--
INFO: Run Behavior\ReadHtmlCacheBehavior [ RunTime:0.001000s ]
INFO: [ app_begin ] --END-- [ RunTime:0.001000s ]
NOTIC: [8] Undefined index: city_id D:\xampp\htdocs\weixin_hhj\Application\Home\Controller\ShopController.class.php 第 14 行.
NOTIC: [8] Undefined index: area_id D:\xampp\htdocs\weixin_hhj\Application\Home\Controller\ShopController.class.php 第 15 行.
INFO: [ app_end ] --START--
INFO: Run Behavior\ShowPageTraceBehavior [ RunTime:0.002500s ]
INFO: [ app_end ] --END-- [ RunTime:0.002500s ]

[ 2017-01-13T10:45:04+08:00 ] 127.0.0.1 /Address/is_ajax_login
INFO: [ app_init ] --START--
INFO: Run Behavior\BuildLiteBehavior [ RunTime:0.000000s ]
INFO: [ app_init ] --END-- [ RunTime:0.002000s ]
INFO: [ app_begin ] --START--
INFO: Run Behavior\ReadHtmlCacheBehavior [ RunTime:0.001000s ]
INFO: [ app_begin ] --END-- [ RunTime:0.001000s ]
INFO: [ app_end ] --START--
INFO: Run Behavior\ShowPageTraceBehavior [ RunTime:0.001000s ]
INFO: [ app_end ] --END-- [ RunTime:0.001500s ]

[ 2017-01-13T10:45:05+08:00 ] 127.0.0.1 /Address/is_ajax_login
INFO: [ app_init ] --START--
INFO: Run Behavior\BuildLiteBehavior [ RunTime:0.000000s ]
INFO: [ app_init ] --END-- [ RunTime:0.000500s ]
INFO: [ app_begin ] --START--
INFO: Run Behavior\ReadHtmlCacheBehavior [ RunTime:0.000500s ]
INFO: [ app_begin ] --END-- [ RunTime:0.000500s ]
INFO: [ app_end ] --START--
INFO: Run Behavior\ShowPageTraceBehavior [ RunTime:0.001500s ]
INFO: [ app_end ] --END-- [ RunTime:0.001500s ]

[ 2017-01-13T10:45:05+08:00 ] 127.0.0.1 /Collection/index
INFO: [ app_init ] --START--
INFO: Run Behavior\BuildLiteBehavior [ RunTime:0.000000s ]
INFO: [ app_init ] --END-- [ RunTime:0.000500s ]
INFO: [ app_begin ] --START--
INFO: Run Behavior\ReadHtmlCacheBehavior [ RunTime:0.000500s ]
INFO: [ app_begin ] --END-- [ RunTime:0.001000s ]
INFO: [ app_end ] --START--
INFO: Run Behavior\ShowPageTraceBehavior [ RunTime:0.001001s ]
INFO: [ app_end ] --END-- [ RunTime:0.001001s ]

[ 2017-01-13T10:45:06+08:00 ] 127.0.0.1 /Address/is_ajax_login
INFO: [ app_init ] --START--
INFO: Run Behavior\BuildLiteBehavior [ RunTime:0.000000s ]
INFO: [ app_init ] --END-- [ RunTime:0.000500s ]
INFO: [ app_begin ] --START--
INFO: Run Behavior\ReadHtmlCacheBehavior [ RunTime:0.001001s ]
INFO: [ app_begin ] --END-- [ RunTime:0.001001s ]
INFO: [ app_end ] --START--
INFO: Run Behavior\ShowPageTraceBehavior [ RunTime:0.001500s ]
INFO: [ app_end ] --END-- [ RunTime:0.001500s ]

[ 2017-01-13T11:30:12+08:00 ] 127.0.0.1 /index/get_user_xy
INFO: [ app_init ] --START--
INFO: Run Behavior\BuildLiteBehavior [ RunTime:0.000000s ]
INFO: [ app_init ] --END-- [ RunTime:0.198526s ]
INFO: [ app_begin ] --START--
INFO: Run Behavior\ReadHtmlCacheBehavior [ RunTime:0.023003s ]
INFO: [ app_begin ] --END-- [ RunTime:0.023003s ]
INFO: [ app_end ] --START--
INFO: Run Behavior\ShowPageTraceBehavior [ RunTime:0.015502s ]
INFO: [ app_end ] --END-- [ RunTime:0.015502s ]

[ 2017-01-13T11:30:12+08:00 ] 127.0.0.1 /Sample/index
INFO: [ app_init ] --START--
INFO: Run Behavior\BuildLiteBehavior [ RunTime:0.000000s ]
INFO: [ app_init ] --END-- [ RunTime:0.198526s ]
INFO: [ app_begin ] --START--
INFO: Run Behavior\ReadHtmlCacheBehavior [ RunTime:0.023003s ]
INFO: [ app_begin ] --END-- [ RunTime:0.023003s ]
INFO: [ app_end ] --START--
INFO: Run Behavior\ShowPageTraceBehavior [ RunTime:0.001501s ]
INFO: [ app_end ] --END-- [ RunTime:0.001501s ]

[ 2017-01-13T11:30:14+08:00 ] 127.0.0.1 /favicon.ico
INFO: [ app_init ] --START--
INFO: Run Behavior\BuildLiteBehavior [ RunTime:0.000000s ]
INFO: [ app_init ] --END-- [ RunTime:0.000500s ]

[ 2017-01-13T11:30:14+08:00 ] 127.0.0.1 /index/get_untreated
INFO: [ app_init ] --START--
INFO: Run Behavior\BuildLiteBehavior [ RunTime:0.000000s ]
INFO: [ app_init ] --END-- [ RunTime:0.000500s ]
INFO: [ app_begin ] --START--
INFO: Run Behavior\ReadHtmlCacheBehavior [ RunTime:0.000500s ]
INFO: [ app_begin ] --END-- [ RunTime:0.001000s ]

[ 2017-01-13T14:18:07+08:00 ] 127.0.0.1 /min/maps/swiper.min.js.map
INFO: [ app_init ] --START--
INFO: Run Behavior\BuildLiteBehavior [ RunTime:0.000000s ]
INFO: [ app_init ] --END-- [ RunTime:0.036005s ]
INFO: [ app_begin ] --START--
INFO: Run Behavior\ReadHtmlCacheBehavior [ RunTime:0.011001s ]
INFO: [ app_begin ] --END-- [ RunTime:0.011001s ]
ERR: 非法操作:maps

