[ 2017-01-20T09:33:20+08:00 ] 127.0.0.1 /
INFO: [ app_init ] --START--
INFO: Run Behavior\BuildLiteBehavior [ RunTime:0.000000s ]
INFO: [ app_init ] --END-- [ RunTime:0.078010s ]
INFO: [ app_begin ] --START--
INFO: Run Behavior\ReadHtmlCacheBehavior [ RunTime:0.011001s ]
INFO: [ app_begin ] --END-- [ RunTime:0.011001s ]
NOTIC: [8] Undefined index: code D:\xampp\htdocs\weixin_hhj\Application\Home\Controller\LoadController.class.php 第 13 行.
NOTIC: [8] Undefined index: state D:\xampp\htdocs\weixin_hhj\Application\Home\Controller\LoadController.class.php 第 14 行.
NOTIC: [8] Undefined index: openid D:\xampp\htdocs\weixin_hhj\Application\Home\Controller\LoadController.class.php 第 15 行.
INFO: [ view_parse ] --START--
INFO: [ template_filter ] --START--
INFO: Run Behavior\ContentReplaceBehavior [ RunTime:0.013502s ]
INFO: [ template_filter ] --END-- [ RunTime:0.013502s ]
INFO: Run Behavior\ParseTemplateBehavior [ RunTime:0.122516s ]
INFO: [ view_parse ] --END-- [ RunTime:0.123016s ]
INFO: [ view_filter ] --START--
INFO: Run Behavior\WriteHtmlCacheBehavior [ RunTime:0.011001s ]
INFO: [ view_filter ] --END-- [ RunTime:0.011001s ]
INFO: [ app_end ] --START--
INFO: Run Behavior\ShowPageTraceBehavior [ RunTime:0.010001s ]
INFO: [ app_end ] --END-- [ RunTime:0.010001s ]

[ 2017-01-20T09:33:20+08:00 ] 127.0.0.1 /index.php/User/login.html
INFO: [ app_init ] --START--
INFO: Run Behavior\BuildLiteBehavior [ RunTime:0.000000s ]
INFO: [ app_init ] --END-- [ RunTime:0.000500s ]
INFO: [ app_begin ] --START--
INFO: Run Behavior\ReadHtmlCacheBehavior [ RunTime:0.001000s ]
INFO: [ app_begin ] --END-- [ RunTime:0.001000s ]
NOTIC: [8] Undefined index: mobile D:\xampp\htdocs\weixin_hhj\Application\Home\Controller\UserController.class.php 第 28 行.
INFO: [ view_parse ] --START--
INFO: [ template_filter ] --START--
INFO: Run Behavior\ContentReplaceBehavior [ RunTime:0.000000s ]
INFO: [ template_filter ] --END-- [ RunTime:0.000000s ]
INFO: Run Behavior\ParseTemplateBehavior [ RunTime:0.044506s ]
INFO: [ view_parse ] --END-- [ RunTime:0.044506s ]
INFO: [ view_filter ] --START--
INFO: Run Behavior\WriteHtmlCacheBehavior [ RunTime:0.000500s ]
INFO: [ view_filter ] --END-- [ RunTime:0.000500s ]
INFO: [ app_end ] --START--
INFO: Run Behavior\ShowPageTraceBehavior [ RunTime:0.001500s ]
INFO: [ app_end ] --END-- [ RunTime:0.001500s ]

[ 2017-01-20T09:33:21+08:00 ] 127.0.0.1 /Checkcode/index?font_size=20&width=150&height=40
INFO: [ app_init ] --START--
INFO: Run Behavior\BuildLiteBehavior [ RunTime:0.000000s ]
INFO: [ app_init ] --END-- [ RunTime:0.000500s ]
INFO: [ app_begin ] --START--
INFO: Run Behavior\ReadHtmlCacheBehavior [ RunTime:0.000500s ]
INFO: [ app_begin ] --END-- [ RunTime:0.000500s ]
INFO: [ app_end ] --START--
INFO: Run Behavior\ShowPageTraceBehavior [ RunTime:0.001000s ]
INFO: [ app_end ] --END-- [ RunTime:0.001000s ]

[ 2017-01-20T09:33:21+08:00 ] 127.0.0.1 /favicon.ico
INFO: [ app_init ] --START--
INFO: Run Behavior\BuildLiteBehavior [ RunTime:0.000000s ]
INFO: [ app_init ] --END-- [ RunTime:0.001000s ]

[ 2017-01-20T09:33:31+08:00 ] 127.0.0.1 /User/getmobile_code
INFO: [ app_init ] --START--
INFO: Run Behavior\BuildLiteBehavior [ RunTime:0.000000s ]
INFO: [ app_init ] --END-- [ RunTime:0.000500s ]
INFO: [ app_begin ] --START--
INFO: Run Behavior\ReadHtmlCacheBehavior [ RunTime:0.000500s ]
INFO: [ app_begin ] --END-- [ RunTime:0.000500s ]
INFO: [ app_end ] --START--
INFO: Run Behavior\ShowPageTraceBehavior [ RunTime:0.001500s ]
INFO: [ app_end ] --END-- [ RunTime:0.001500s ]

[ 2017-01-20T09:33:49+08:00 ] 127.0.0.1 /user/loginuser
INFO: [ app_init ] --START--
INFO: Run Behavior\BuildLiteBehavior [ RunTime:0.000000s ]
INFO: [ app_init ] --END-- [ RunTime:0.000500s ]
INFO: [ app_begin ] --START--
INFO: Run Behavior\ReadHtmlCacheBehavior [ RunTime:0.000501s ]
INFO: [ app_begin ] --END-- [ RunTime:0.000501s ]
NOTIC: [8] Undefined index: openid D:\xampp\htdocs\weixin_hhj\Application\Home\Controller\UserController.class.php 第 56 行.
NOTIC: [8] Undefined variable: address_id D:\xampp\htdocs\weixin_hhj\Application\Home\Controller\AddressController.class.php 第 470 行.
INFO: [ app_end ] --START--
INFO: Run Behavior\ShowPageTraceBehavior [ RunTime:0.001000s ]
INFO: [ app_end ] --END-- [ RunTime:0.001500s ]

[ 2017-01-20T09:33:50+08:00 ] 127.0.0.1 /index/index
INFO: [ app_init ] --START--
INFO: Run Behavior\BuildLiteBehavior [ RunTime:0.000000s ]
INFO: [ app_init ] --END-- [ RunTime:0.000500s ]
INFO: [ app_begin ] --START--
INFO: Run Behavior\ReadHtmlCacheBehavior [ RunTime:0.001000s ]
INFO: [ app_begin ] --END-- [ RunTime:0.001000s ]
NOTIC: [8] Undefined variable: uid D:\xampp\htdocs\weixin_hhj\Application\Home\Controller\CategoryController.class.php 第 280 行.
NOTIC: [8] Undefined variable: token D:\xampp\htdocs\weixin_hhj\Application\Home\Controller\CategoryController.class.php 第 280 行.
NOTIC: [8] Undefined variable: uid D:\xampp\htdocs\weixin_hhj\Application\Home\Controller\CategoryController.class.php 第 280 行.
NOTIC: [8] Undefined variable: token D:\xampp\htdocs\weixin_hhj\Application\Home\Controller\CategoryController.class.php 第 280 行.
NOTIC: [8] Undefined variable: uid D:\xampp\htdocs\weixin_hhj\Application\Home\Controller\CategoryController.class.php 第 280 行.
NOTIC: [8] Undefined variable: token D:\xampp\htdocs\weixin_hhj\Application\Home\Controller\CategoryController.class.php 第 280 行.
NOTIC: [8] Undefined variable: uid D:\xampp\htdocs\weixin_hhj\Application\Home\Controller\CategoryController.class.php 第 329 行.
NOTIC: [8] Undefined variable: token D:\xampp\htdocs\weixin_hhj\Application\Home\Controller\CategoryController.class.php 第 329 行.
NOTIC: [8] Undefined index: user_current D:\xampp\htdocs\weixin_hhj\Application\Home\Controller\IndexController.class.php 第 64 行.
NOTIC: [8] Undefined index: city_province D:\xampp\htdocs\weixin_hhj\Application\Home\Controller\IndexController.class.php 第 68 行.
NOTIC: [8] Undefined variable: uid D:\xampp\htdocs\weixin_hhj\Application\Home\Controller\IndexController.class.php 第 547 行.
NOTIC: [8] Undefined variable: token D:\xampp\htdocs\weixin_hhj\Application\Home\Controller\IndexController.class.php 第 547 行.
NOTIC: [2] Invalid argument supplied for foreach() D:\xampp\htdocs\weixin_hhj\Application\Home\Controller\IndexController.class.php 第 96 行.
NOTIC: [8] Undefined index: city_province D:\xampp\htdocs\weixin_hhj\Application\Home\Controller\IndexController.class.php 第 70 行.
NOTIC: [8] Undefined variable: uid D:\xampp\htdocs\weixin_hhj\Application\Home\Controller\IndexController.class.php 第 547 行.
NOTIC: [8] Undefined variable: token D:\xampp\htdocs\weixin_hhj\Application\Home\Controller\IndexController.class.php 第 547 行.
NOTIC: [2] Invalid argument supplied for foreach() D:\xampp\htdocs\weixin_hhj\Application\Home\Controller\IndexController.class.php 第 96 行.
NOTIC: [8] Undefined variable: shop_love_shop D:\xampp\htdocs\weixin_hhj\Application\Home\Controller\IndexController.class.php 第 78 行.
NOTIC: [8] Undefined variable: meiqia_data D:\xampp\htdocs\weixin_hhj\Application\Home\Controller\IndexController.class.php 第 86 行.
NOTIC: [8] Undefined index: openid D:\xampp\htdocs\weixin_hhj\Application\Home\Controller\IndexController.class.php 第 88 行.
INFO: [ view_parse ] --START--
INFO: [ template_filter ] --START--
INFO: Run Behavior\ContentReplaceBehavior [ RunTime:0.000000s ]
INFO: [ template_filter ] --END-- [ RunTime:0.000500s ]
NOTIC: [8] Undefined index: url_type D:\xampp\htdocs\weixin_hhj\Application\Runtime\Cache\Home\2a94b8bda04ff446dcedd42276fc99ee.php 第 80 行.
INFO: Run Behavior\ParseTemplateBehavior [ RunTime:0.059008s ]
INFO: [ view_parse ] --END-- [ RunTime:0.059008s ]
INFO: [ view_filter ] --START--
INFO: Run Behavior\WriteHtmlCacheBehavior [ RunTime:0.001000s ]
INFO: [ view_filter ] --END-- [ RunTime:0.001000s ]
INFO: [ app_end ] --START--
INFO: Run Behavior\ShowPageTraceBehavior [ RunTime:0.001000s ]
INFO: [ app_end ] --END-- [ RunTime:0.002000s ]

[ 2017-01-20T09:33:50+08:00 ] 127.0.0.1 /index.php/Load/index.html
INFO: [ app_init ] --START--
INFO: Run Behavior\BuildLiteBehavior [ RunTime:0.000000s ]
INFO: [ app_init ] --END-- [ RunTime:0.000500s ]
INFO: [ app_begin ] --START--
INFO: Run Behavior\ReadHtmlCacheBehavior [ RunTime:0.000500s ]
INFO: [ app_begin ] --END-- [ RunTime:0.000500s ]
NOTIC: [8] Undefined index: code D:\xampp\htdocs\weixin_hhj\Application\Home\Controller\LoadController.class.php 第 13 行.
NOTIC: [8] Undefined index: state D:\xampp\htdocs\weixin_hhj\Application\Home\Controller\LoadController.class.php 第 14 行.
NOTIC: [8] Undefined index: openid D:\xampp\htdocs\weixin_hhj\Application\Home\Controller\LoadController.class.php 第 15 行.
INFO: [ view_parse ] --START--
INFO: [ template_filter ] --START--
INFO: Run Behavior\ContentReplaceBehavior [ RunTime:0.000000s ]
INFO: [ template_filter ] --END-- [ RunTime:0.000000s ]
INFO: Run Behavior\ParseTemplateBehavior [ RunTime:0.017002s ]
INFO: [ view_parse ] --END-- [ RunTime:0.017002s ]
INFO: [ view_filter ] --START--
INFO: Run Behavior\WriteHtmlCacheBehavior [ RunTime:0.000000s ]
INFO: [ view_filter ] --END-- [ RunTime:0.000000s ]
INFO: [ app_end ] --START--
INFO: Run Behavior\ShowPageTraceBehavior [ RunTime:0.000500s ]
INFO: [ app_end ] --END-- [ RunTime:0.000500s ]

[ 2017-01-20T09:33:58+08:00 ] 127.0.0.1 /Index/getXY?x=114.41586754999993&y=43.46823828510817&district=%E9%94%A1%E6%9E%97%E9%83%AD%E5%8B%92%E7%9B%9F%E8%8B%8F%E5%B0%BC%E7%89%B9%E5%B7%A6%E6%97%97&city_id=63
INFO: [ app_init ] --START--
INFO: Run Behavior\BuildLiteBehavior [ RunTime:0.000000s ]
INFO: [ app_init ] --END-- [ RunTime:0.000500s ]
INFO: [ app_begin ] --START--
INFO: Run Behavior\ReadHtmlCacheBehavior [ RunTime:0.001001s ]
INFO: [ app_begin ] --END-- [ RunTime:0.001001s ]
INFO: [ app_end ] --START--
INFO: Run Behavior\ShowPageTraceBehavior [ RunTime:0.000500s ]
INFO: [ app_end ] --END-- [ RunTime:0.000500s ]

[ 2017-01-20T09:33:58+08:00 ] 127.0.0.1 /Load/get_can_use
INFO: [ app_init ] --START--
INFO: Run Behavior\BuildLiteBehavior [ RunTime:0.000000s ]
INFO: [ app_init ] --END-- [ RunTime:0.000500s ]
INFO: [ app_begin ] --START--
INFO: Run Behavior\ReadHtmlCacheBehavior [ RunTime:0.000500s ]
INFO: [ app_begin ] --END-- [ RunTime:0.001000s ]

[ 2017-01-20T09:33:59+08:00 ] 127.0.0.1 /Index/index
INFO: [ app_init ] --START--
INFO: Run Behavior\BuildLiteBehavior [ RunTime:0.000000s ]
INFO: [ app_init ] --END-- [ RunTime:0.000501s ]
INFO: [ app_begin ] --START--
INFO: Run Behavior\ReadHtmlCacheBehavior [ RunTime:0.001000s ]
INFO: [ app_begin ] --END-- [ RunTime:0.001000s ]
NOTIC: [8] Undefined variable: uid D:\xampp\htdocs\weixin_hhj\Application\Home\Controller\CategoryController.class.php 第 280 行.
NOTIC: [8] Undefined variable: token D:\xampp\htdocs\weixin_hhj\Application\Home\Controller\CategoryController.class.php 第 280 行.
NOTIC: [8] Undefined variable: uid D:\xampp\htdocs\weixin_hhj\Application\Home\Controller\CategoryController.class.php 第 280 行.
NOTIC: [8] Undefined variable: token D:\xampp\htdocs\weixin_hhj\Application\Home\Controller\CategoryController.class.php 第 280 行.
NOTIC: [8] Undefined variable: uid D:\xampp\htdocs\weixin_hhj\Application\Home\Controller\CategoryController.class.php 第 280 行.
NOTIC: [8] Undefined variable: token D:\xampp\htdocs\weixin_hhj\Application\Home\Controller\CategoryController.class.php 第 280 行.
NOTIC: [8] Undefined variable: uid D:\xampp\htdocs\weixin_hhj\Application\Home\Controller\CategoryController.class.php 第 329 行.
NOTIC: [8] Undefined variable: token D:\xampp\htdocs\weixin_hhj\Application\Home\Controller\CategoryController.class.php 第 329 行.
NOTIC: [8] Undefined variable: uid D:\xampp\htdocs\weixin_hhj\Application\Home\Controller\IndexController.class.php 第 547 行.
NOTIC: [8] Undefined variable: token D:\xampp\htdocs\weixin_hhj\Application\Home\Controller\IndexController.class.php 第 547 行.
NOTIC: [8] Undefined variable: uid D:\xampp\htdocs\weixin_hhj\Application\Home\Controller\IndexController.class.php 第 547 行.
NOTIC: [8] Undefined variable: token D:\xampp\htdocs\weixin_hhj\Application\Home\Controller\IndexController.class.php 第 547 行.
NOTIC: [8] Undefined variable: shop_love_shop D:\xampp\htdocs\weixin_hhj\Application\Home\Controller\IndexController.class.php 第 78 行.
NOTIC: [8] Undefined variable: meiqia_data D:\xampp\htdocs\weixin_hhj\Application\Home\Controller\IndexController.class.php 第 86 行.
NOTIC: [8] Undefined index: openid D:\xampp\htdocs\weixin_hhj\Application\Home\Controller\IndexController.class.php 第 88 行.
INFO: [ view_parse ] --START--
INFO: [ template_filter ] --START--
INFO: Run Behavior\ContentReplaceBehavior [ RunTime:0.000500s ]
INFO: [ template_filter ] --END-- [ RunTime:0.000500s ]
NOTIC: [8] Undefined index: url_type D:\xampp\htdocs\weixin_hhj\Application\Runtime\Cache\Home\2a94b8bda04ff446dcedd42276fc99ee.php 第 80 行.
NOTIC: [8] Undefined index: alert D:\xampp\htdocs\weixin_hhj\Application\Runtime\Cache\Home\2a94b8bda04ff446dcedd42276fc99ee.php 第 93 行.
NOTIC: [8] Undefined index: alert D:\xampp\htdocs\weixin_hhj\Application\Runtime\Cache\Home\2a94b8bda04ff446dcedd42276fc99ee.php 第 99 行.
NOTIC: [8] Undefined index: alert D:\xampp\htdocs\weixin_hhj\Application\Runtime\Cache\Home\2a94b8bda04ff446dcedd42276fc99ee.php 第 102 行.
NOTIC: [8] Undefined index: alert D:\xampp\htdocs\weixin_hhj\Application\Runtime\Cache\Home\2a94b8bda04ff446dcedd42276fc99ee.php 第 107 行.
NOTIC: [8] Undefined index: alert D:\xampp\htdocs\weixin_hhj\Application\Runtime\Cache\Home\2a94b8bda04ff446dcedd42276fc99ee.php 第 110 行.
NOTIC: [8] Undefined index: alert D:\xampp\htdocs\weixin_hhj\Application\Runtime\Cache\Home\2a94b8bda04ff446dcedd42276fc99ee.php 第 120 行.
NOTIC: [8] Undefined index: alert D:\xampp\htdocs\weixin_hhj\Application\Runtime\Cache\Home\2a94b8bda04ff446dcedd42276fc99ee.php 第 120 行.
INFO: Run Behavior\ParseTemplateBehavior [ RunTime:0.031004s ]
INFO: [ view_parse ] --END-- [ RunTime:0.031004s ]
INFO: [ view_filter ] --START--
INFO: Run Behavior\WriteHtmlCacheBehavior [ RunTime:0.000500s ]
INFO: [ view_filter ] --END-- [ RunTime:0.000500s ]
INFO: [ app_end ] --START--
INFO: Run Behavior\ShowPageTraceBehavior [ RunTime:0.001500s ]
INFO: [ app_end ] --END-- [ RunTime:0.001500s ]

[ 2017-01-20T09:34:00+08:00 ] 127.0.0.1 /min/index?f=/Public/js/lib/swiper.min.js
INFO: [ app_init ] --START--
INFO: Run Behavior\BuildLiteBehavior [ RunTime:0.000000s ]
INFO: [ app_init ] --END-- [ RunTime:0.000500s ]
INFO: [ app_begin ] --START--
INFO: Run Behavior\ReadHtmlCacheBehavior [ RunTime:0.000500s ]
INFO: [ app_begin ] --END-- [ RunTime:0.000500s ]

[ 2017-01-20T09:34:00+08:00 ] 127.0.0.1 /min/index?f=/Public/js/index.js
INFO: [ app_init ] --START--
INFO: Run Behavior\BuildLiteBehavior [ RunTime:0.000000s ]
INFO: [ app_init ] --END-- [ RunTime:0.000000s ]
INFO: [ app_begin ] --START--
INFO: Run Behavior\ReadHtmlCacheBehavior [ RunTime:0.001000s ]
INFO: [ app_begin ] --END-- [ RunTime:0.001000s ]

[ 2017-01-20T09:34:01+08:00 ] 127.0.0.1 /Cart/index
INFO: [ app_init ] --START--
INFO: Run Behavior\BuildLiteBehavior [ RunTime:0.000000s ]
INFO: [ app_init ] --END-- [ RunTime:0.000500s ]
INFO: [ app_begin ] --START--
INFO: Run Behavior\ReadHtmlCacheBehavior [ RunTime:0.000500s ]
INFO: [ app_begin ] --END-- [ RunTime:0.001000s ]
NOTIC: [8] Undefined index: shop_id D:\xampp\htdocs\weixin_hhj\Application\Home\Controller\CartController.class.php 第 9 行.
NOTIC: [8] Undefined index: act_ticket D:\xampp\htdocs\weixin_hhj\Application\Home\Controller\CartController.class.php 第 10 行.
NOTIC: [8] Undefined index: goods_ticket D:\xampp\htdocs\weixin_hhj\Application\Home\Controller\CartController.class.php 第 11 行.
NOTIC: [8] Undefined index: distribution D:\xampp\htdocs\weixin_hhj\Application\Home\Controller\CartController.class.php 第 12 行.
NOTIC: [8] Undefined variable: address_id D:\xampp\htdocs\weixin_hhj\Application\Home\Controller\AddressController.class.php 第 470 行.
NOTIC: [8] Undefined index: goods_list D:\xampp\htdocs\weixin_hhj\Application\Home\Controller\CartController.class.php 第 106 行.
NOTIC: [2] Invalid argument supplied for foreach() D:\xampp\htdocs\weixin_hhj\Application\Home\Controller\CartController.class.php 第 106 行.
NOTIC: [2] Invalid argument supplied for foreach() D:\xampp\htdocs\weixin_hhj\Application\Home\Controller\CartController.class.php 第 116 行.
NOTIC: [8] Undefined index: goods_list D:\xampp\htdocs\weixin_hhj\Application\Home\Controller\CartController.class.php 第 106 行.
NOTIC: [2] Invalid argument supplied for foreach() D:\xampp\htdocs\weixin_hhj\Application\Home\Controller\CartController.class.php 第 106 行.
NOTIC: [2] Invalid argument supplied for foreach() D:\xampp\htdocs\weixin_hhj\Application\Home\Controller\CartController.class.php 第 116 行.
INFO: [ view_parse ] --START--
INFO: [ template_filter ] --START--
INFO: Run Behavior\ContentReplaceBehavior [ RunTime:0.000500s ]
INFO: [ template_filter ] --END-- [ RunTime:0.000500s ]
NOTIC: [8] Undefined index: shop_orderphone1 D:\xampp\htdocs\weixin_hhj\Application\Runtime\Cache\Home\6f105010063b4e4da2af04cb5dd2d5a4.php 第 67 行.
NOTIC: [8] Undefined index: goods_list D:\xampp\htdocs\weixin_hhj\Application\Runtime\Cache\Home\6f105010063b4e4da2af04cb5dd2d5a4.php 第 120 行.
NOTIC: [8] Undefined index: goods_list D:\xampp\htdocs\weixin_hhj\Application\Runtime\Cache\Home\6f105010063b4e4da2af04cb5dd2d5a4.php 第 267 行.
NOTIC: [8] Undefined index: city_baiducode D:\xampp\htdocs\weixin_hhj\Application\Runtime\Cache\Home\6f105010063b4e4da2af04cb5dd2d5a4.php 第 438 行.
NOTIC: [8] Undefined index: city_baiducode D:\xampp\htdocs\weixin_hhj\Application\Runtime\Cache\Home\6f105010063b4e4da2af04cb5dd2d5a4.php 第 440 行.
NOTIC: [8] Undefined index: city_baiducode D:\xampp\htdocs\weixin_hhj\Application\Runtime\Cache\Home\6f105010063b4e4da2af04cb5dd2d5a4.php 第 442 行.
NOTIC: [8] Undefined index: city_baiducode D:\xampp\htdocs\weixin_hhj\Application\Runtime\Cache\Home\6f105010063b4e4da2af04cb5dd2d5a4.php 第 438 行.
NOTIC: [8] Undefined index: city_baiducode D:\xampp\htdocs\weixin_hhj\Application\Runtime\Cache\Home\6f105010063b4e4da2af04cb5dd2d5a4.php 第 440 行.
NOTIC: [8] Undefined index: city_baiducode D:\xampp\htdocs\weixin_hhj\Application\Runtime\Cache\Home\6f105010063b4e4da2af04cb5dd2d5a4.php 第 442 行.
NOTIC: [8] Undefined index: city_baiducode D:\xampp\htdocs\weixin_hhj\Application\Runtime\Cache\Home\6f105010063b4e4da2af04cb5dd2d5a4.php 第 438 行.
NOTIC: [8] Undefined index: city_baiducode D:\xampp\htdocs\weixin_hhj\Application\Runtime\Cache\Home\6f105010063b4e4da2af04cb5dd2d5a4.php 第 440 行.
NOTIC: [8] Undefined index: city_baiducode D:\xampp\htdocs\weixin_hhj\Application\Runtime\Cache\Home\6f105010063b4e4da2af04cb5dd2d5a4.php 第 442 行.
NOTIC: [8] Undefined index: city_baiducode D:\xampp\htdocs\weixin_hhj\Application\Runtime\Cache\Home\6f105010063b4e4da2af04cb5dd2d5a4.php 第 438 行.
NOTIC: [8] Undefined index: city_baiducode D:\xampp\htdocs\weixin_hhj\Application\Runtime\Cache\Home\6f105010063b4e4da2af04cb5dd2d5a4.php 第 440 行.
NOTIC: [8] Undefined index: city_baiducode D:\xampp\htdocs\weixin_hhj\Application\Runtime\Cache\Home\6f105010063b4e4da2af04cb5dd2d5a4.php 第 442 行.
INFO: Run Behavior\ParseTemplateBehavior [ RunTime:0.161520s ]
INFO: [ view_parse ] --END-- [ RunTime:0.162020s ]
INFO: [ view_filter ] --START--
INFO: Run Behavior\WriteHtmlCacheBehavior [ RunTime:0.000500s ]
INFO: [ view_filter ] --END-- [ RunTime:0.000500s ]
INFO: [ app_end ] --START--
INFO: Run Behavior\ShowPageTraceBehavior [ RunTime:0.001500s ]
INFO: [ app_end ] --END-- [ RunTime:0.001500s ]

[ 2017-01-20T09:34:02+08:00 ] 127.0.0.1 /Sample/index
INFO: [ app_init ] --START--
INFO: Run Behavior\BuildLiteBehavior [ RunTime:0.000000s ]
INFO: [ app_init ] --END-- [ RunTime:0.000500s ]
INFO: [ app_begin ] --START--
INFO: Run Behavior\ReadHtmlCacheBehavior [ RunTime:0.001501s ]
INFO: [ app_begin ] --END-- [ RunTime:0.001501s ]
INFO: [ app_end ] --START--
INFO: Run Behavior\ShowPageTraceBehavior [ RunTime:0.003000s ]
INFO: [ app_end ] --END-- [ RunTime:0.003000s ]

[ 2017-01-20T09:34:02+08:00 ] 127.0.0.1 /min/maps/swiper.min.js.map
INFO: [ app_init ] --START--
INFO: Run Behavior\BuildLiteBehavior [ RunTime:0.000000s ]
INFO: [ app_init ] --END-- [ RunTime:0.000500s ]
INFO: [ app_begin ] --START--
INFO: Run Behavior\ReadHtmlCacheBehavior [ RunTime:0.000500s ]
INFO: [ app_begin ] --END-- [ RunTime:0.000500s ]
ERR: 非法操作:maps

[ 2017-01-20T09:34:02+08:00 ] 127.0.0.1 /index/get_user_xy
INFO: [ app_init ] --START--
INFO: Run Behavior\BuildLiteBehavior [ RunTime:0.000000s ]
INFO: [ app_init ] --END-- [ RunTime:0.000500s ]
INFO: [ app_begin ] --START--
INFO: Run Behavior\ReadHtmlCacheBehavior [ RunTime:0.001000s ]
INFO: [ app_begin ] --END-- [ RunTime:0.001000s ]
INFO: [ app_end ] --START--
INFO: Run Behavior\ShowPageTraceBehavior [ RunTime:0.001501s ]
INFO: [ app_end ] --END-- [ RunTime:0.001501s ]

[ 2017-01-20T09:34:02+08:00 ] 127.0.0.1 /index/get_untreated
INFO: [ app_init ] --START--
INFO: Run Behavior\BuildLiteBehavior [ RunTime:0.000000s ]
INFO: [ app_init ] --END-- [ RunTime:0.000500s ]
INFO: [ app_begin ] --START--
INFO: Run Behavior\ReadHtmlCacheBehavior [ RunTime:0.001000s ]
INFO: [ app_begin ] --END-- [ RunTime:0.001500s ]

[ 2017-01-20T09:38:37+08:00 ] 127.0.0.1 /Shop/shop_list
INFO: [ app_init ] --START--
INFO: Run Behavior\BuildLiteBehavior [ RunTime:0.000000s ]
INFO: [ app_init ] --END-- [ RunTime:0.001000s ]
INFO: [ app_begin ] --START--
INFO: Run Behavior\ReadHtmlCacheBehavior [ RunTime:0.001001s ]
INFO: [ app_begin ] --END-- [ RunTime:0.001001s ]
NOTIC: [8] Undefined index: city_id D:\xampp\htdocs\weixin_hhj\Application\Home\Controller\ShopController.class.php 第 14 行.
NOTIC: [8] Undefined index: area_id D:\xampp\htdocs\weixin_hhj\Application\Home\Controller\ShopController.class.php 第 15 行.
INFO: [ app_end ] --START--
INFO: Run Behavior\ShowPageTraceBehavior [ RunTime:0.002000s ]
INFO: [ app_end ] --END-- [ RunTime:0.002000s ]

[ 2017-01-20T09:38:41+08:00 ] 127.0.0.1 /Address/is_ajax_login
INFO: [ app_init ] --START--
INFO: Run Behavior\BuildLiteBehavior [ RunTime:0.000000s ]
INFO: [ app_init ] --END-- [ RunTime:0.000500s ]
INFO: [ app_begin ] --START--
INFO: Run Behavior\ReadHtmlCacheBehavior [ RunTime:0.001000s ]
INFO: [ app_begin ] --END-- [ RunTime:0.001000s ]
INFO: [ app_end ] --START--
INFO: Run Behavior\ShowPageTraceBehavior [ RunTime:0.001000s ]
INFO: [ app_end ] --END-- [ RunTime:0.001000s ]

[ 2017-01-20T09:38:43+08:00 ] 127.0.0.1 /Address/is_ajax_login
INFO: [ app_init ] --START--
INFO: Run Behavior\BuildLiteBehavior [ RunTime:0.000000s ]
INFO: [ app_init ] --END-- [ RunTime:0.000500s ]
INFO: [ app_begin ] --START--
INFO: Run Behavior\ReadHtmlCacheBehavior [ RunTime:0.000500s ]
INFO: [ app_begin ] --END-- [ RunTime:0.000500s ]
INFO: [ app_end ] --START--
INFO: Run Behavior\ShowPageTraceBehavior [ RunTime:0.001000s ]
INFO: [ app_end ] --END-- [ RunTime:0.001500s ]

[ 2017-01-20T09:38:43+08:00 ] 127.0.0.1 /Collection/index
INFO: [ app_init ] --START--
INFO: Run Behavior\BuildLiteBehavior [ RunTime:0.000000s ]
INFO: [ app_init ] --END-- [ RunTime:0.000500s ]
INFO: [ app_begin ] --START--
INFO: Run Behavior\ReadHtmlCacheBehavior [ RunTime:0.001000s ]
INFO: [ app_begin ] --END-- [ RunTime:0.001000s ]
INFO: [ app_end ] --START--
INFO: Run Behavior\ShowPageTraceBehavior [ RunTime:0.001000s ]
INFO: [ app_end ] --END-- [ RunTime:0.001000s ]

[ 2017-01-20T09:38:44+08:00 ] 127.0.0.1 /Address/is_ajax_login
INFO: [ app_init ] --START--
INFO: Run Behavior\BuildLiteBehavior [ RunTime:0.000000s ]
INFO: [ app_init ] --END-- [ RunTime:0.000500s ]
INFO: [ app_begin ] --START--
INFO: Run Behavior\ReadHtmlCacheBehavior [ RunTime:0.001000s ]
INFO: [ app_begin ] --END-- [ RunTime:0.001000s ]
INFO: [ app_end ] --START--
INFO: Run Behavior\ShowPageTraceBehavior [ RunTime:0.001000s ]
INFO: [ app_end ] --END-- [ RunTime:0.001000s ]

[ 2017-01-20T09:38:45+08:00 ] 127.0.0.1 /Address/is_ajax_login
INFO: [ app_init ] --START--
INFO: Run Behavior\BuildLiteBehavior [ RunTime:0.000000s ]
INFO: [ app_init ] --END-- [ RunTime:0.000501s ]
INFO: [ app_begin ] --START--
INFO: Run Behavior\ReadHtmlCacheBehavior [ RunTime:0.001000s ]
INFO: [ app_begin ] --END-- [ RunTime:0.001500s ]
INFO: [ app_end ] --START--
INFO: Run Behavior\ShowPageTraceBehavior [ RunTime:0.001000s ]
INFO: [ app_end ] --END-- [ RunTime:0.001000s ]

[ 2017-01-20T09:38:45+08:00 ] 127.0.0.1 /Collection/index
INFO: [ app_init ] --START--
INFO: Run Behavior\BuildLiteBehavior [ RunTime:0.000000s ]
INFO: [ app_init ] --END-- [ RunTime:0.000500s ]
INFO: [ app_begin ] --START--
INFO: Run Behavior\ReadHtmlCacheBehavior [ RunTime:0.001000s ]
INFO: [ app_begin ] --END-- [ RunTime:0.001000s ]
INFO: [ app_end ] --START--
INFO: Run Behavior\ShowPageTraceBehavior [ RunTime:0.001000s ]
INFO: [ app_end ] --END-- [ RunTime:0.001000s ]

[ 2017-01-20T09:38:45+08:00 ] 127.0.0.1 /Address/is_ajax_login
INFO: [ app_init ] --START--
INFO: Run Behavior\BuildLiteBehavior [ RunTime:0.000000s ]
INFO: [ app_init ] --END-- [ RunTime:0.001000s ]
INFO: [ app_begin ] --START--
INFO: Run Behavior\ReadHtmlCacheBehavior [ RunTime:0.002000s ]
INFO: [ app_begin ] --END-- [ RunTime:0.002000s ]
INFO: [ app_end ] --START--
INFO: Run Behavior\ShowPageTraceBehavior [ RunTime:0.001000s ]
INFO: [ app_end ] --END-- [ RunTime:0.001000s ]

[ 2017-01-20T09:38:55+08:00 ] 127.0.0.1 /Address/index
INFO: [ app_init ] --START--
INFO: Run Behavior\BuildLiteBehavior [ RunTime:0.000000s ]
INFO: [ app_init ] --END-- [ RunTime:0.001000s ]
INFO: [ app_begin ] --START--
INFO: Run Behavior\ReadHtmlCacheBehavior [ RunTime:0.002000s ]
INFO: [ app_begin ] --END-- [ RunTime:0.002000s ]
NOTIC: [8] Undefined index: type D:\xampp\htdocs\weixin_hhj\Application\Home\Controller\AddressController.class.php 第 11 行.
NOTIC: [8] Undefined index: x D:\xampp\htdocs\weixin_hhj\Application\Home\Controller\AddressController.class.php 第 30 行.
NOTIC: [8] Undefined index: y D:\xampp\htdocs\weixin_hhj\Application\Home\Controller\AddressController.class.php 第 31 行.
NOTIC: [8] Undefined index: hiden D:\xampp\htdocs\weixin_hhj\Application\Home\Controller\AddressController.class.php 第 84 行.
INFO: [ view_parse ] --START--
INFO: [ template_filter ] --START--
INFO: Run Behavior\ContentReplaceBehavior [ RunTime:0.000500s ]
INFO: [ template_filter ] --END-- [ RunTime:0.000500s ]
INFO: Run Behavior\ParseTemplateBehavior [ RunTime:0.057507s ]
INFO: [ view_parse ] --END-- [ RunTime:0.057507s ]
INFO: [ view_filter ] --START--
INFO: Run Behavior\WriteHtmlCacheBehavior [ RunTime:0.000501s ]
INFO: [ view_filter ] --END-- [ RunTime:0.000501s ]
INFO: [ app_end ] --START--
INFO: Run Behavior\ShowPageTraceBehavior [ RunTime:0.001000s ]
INFO: [ app_end ] --END-- [ RunTime:0.001000s ]

[ 2017-01-20T09:38:57+08:00 ] 127.0.0.1 /Address/is_ajax_login
INFO: [ app_init ] --START--
INFO: Run Behavior\BuildLiteBehavior [ RunTime:0.000000s ]
INFO: [ app_init ] --END-- [ RunTime:0.000500s ]
INFO: [ app_begin ] --START--
INFO: Run Behavior\ReadHtmlCacheBehavior [ RunTime:0.001000s ]
INFO: [ app_begin ] --END-- [ RunTime:0.001000s ]
INFO: [ app_end ] --START--
INFO: Run Behavior\ShowPageTraceBehavior [ RunTime:0.001001s ]
INFO: [ app_end ] --END-- [ RunTime:0.001001s ]

[ 2017-01-20T09:39:02+08:00 ] 127.0.0.1 /Address/is_ajax_login
INFO: [ app_init ] --START--
INFO: Run Behavior\BuildLiteBehavior [ RunTime:0.000000s ]
INFO: [ app_init ] --END-- [ RunTime:0.000500s ]
INFO: [ app_begin ] --START--
INFO: Run Behavior\ReadHtmlCacheBehavior [ RunTime:0.001000s ]
INFO: [ app_begin ] --END-- [ RunTime:0.001500s ]
INFO: [ app_end ] --START--
INFO: Run Behavior\ShowPageTraceBehavior [ RunTime:0.002000s ]
INFO: [ app_end ] --END-- [ RunTime:0.002000s ]

[ 2017-01-20T09:39:04+08:00 ] 127.0.0.1 /Address/is_ajax_login
INFO: [ app_init ] --START--
INFO: Run Behavior\BuildLiteBehavior [ RunTime:0.000000s ]
INFO: [ app_init ] --END-- [ RunTime:0.000500s ]
INFO: [ app_begin ] --START--
INFO: Run Behavior\ReadHtmlCacheBehavior [ RunTime:0.001000s ]
INFO: [ app_begin ] --END-- [ RunTime:0.001000s ]
INFO: [ app_end ] --START--
INFO: Run Behavior\ShowPageTraceBehavior [ RunTime:0.001000s ]
INFO: [ app_end ] --END-- [ RunTime:0.001000s ]

[ 2017-01-20T09:39:06+08:00 ] 127.0.0.1 /Address/is_ajax_login
INFO: [ app_init ] --START--
INFO: Run Behavior\BuildLiteBehavior [ RunTime:0.000000s ]
INFO: [ app_init ] --END-- [ RunTime:0.001000s ]
INFO: [ app_begin ] --START--
INFO: Run Behavior\ReadHtmlCacheBehavior [ RunTime:0.001000s ]
INFO: [ app_begin ] --END-- [ RunTime:0.001000s ]
INFO: [ app_end ] --START--
INFO: Run Behavior\ShowPageTraceBehavior [ RunTime:0.001000s ]
INFO: [ app_end ] --END-- [ RunTime:0.001000s ]

[ 2017-01-20T09:39:29+08:00 ] 127.0.0.1 /Address/is_ajax_login
INFO: [ app_init ] --START--
INFO: Run Behavior\BuildLiteBehavior [ RunTime:0.000000s ]
INFO: [ app_init ] --END-- [ RunTime:0.000500s ]
INFO: [ app_begin ] --START--
INFO: Run Behavior\ReadHtmlCacheBehavior [ RunTime:0.001000s ]
INFO: [ app_begin ] --END-- [ RunTime:0.001000s ]
INFO: [ app_end ] --START--
INFO: Run Behavior\ShowPageTraceBehavior [ RunTime:0.001000s ]
INFO: [ app_end ] --END-- [ RunTime:0.001500s ]

[ 2017-01-20T09:39:31+08:00 ] 127.0.0.1 /Address/is_ajax_login
INFO: [ app_init ] --START--
INFO: Run Behavior\BuildLiteBehavior [ RunTime:0.000000s ]
INFO: [ app_init ] --END-- [ RunTime:0.000000s ]
INFO: [ app_begin ] --START--
INFO: Run Behavior\ReadHtmlCacheBehavior [ RunTime:0.000500s ]
INFO: [ app_begin ] --END-- [ RunTime:0.000500s ]
INFO: [ app_end ] --START--
INFO: Run Behavior\ShowPageTraceBehavior [ RunTime:0.001000s ]
INFO: [ app_end ] --END-- [ RunTime:0.001500s ]

[ 2017-01-20T09:39:32+08:00 ] 127.0.0.1 /Address/is_ajax_login
INFO: [ app_init ] --START--
INFO: Run Behavior\BuildLiteBehavior [ RunTime:0.000000s ]
INFO: [ app_init ] --END-- [ RunTime:0.000501s ]
INFO: [ app_begin ] --START--
INFO: Run Behavior\ReadHtmlCacheBehavior [ RunTime:0.000500s ]
INFO: [ app_begin ] --END-- [ RunTime:0.000500s ]
INFO: [ app_end ] --START--
INFO: Run Behavior\ShowPageTraceBehavior [ RunTime:0.000500s ]
INFO: [ app_end ] --END-- [ RunTime:0.001000s ]

[ 2017-01-20T09:39:35+08:00 ] 127.0.0.1 /index/index
INFO: [ app_init ] --START--
INFO: Run Behavior\BuildLiteBehavior [ RunTime:0.000000s ]
INFO: [ app_init ] --END-- [ RunTime:0.000500s ]
INFO: [ app_begin ] --START--
INFO: Run Behavior\ReadHtmlCacheBehavior [ RunTime:0.001000s ]
INFO: [ app_begin ] --END-- [ RunTime:0.001000s ]
NOTIC: [8] Undefined variable: uid D:\xampp\htdocs\weixin_hhj\Application\Home\Controller\CategoryController.class.php 第 280 行.
NOTIC: [8] Undefined variable: token D:\xampp\htdocs\weixin_hhj\Application\Home\Controller\CategoryController.class.php 第 280 行.
NOTIC: [8] Undefined variable: uid D:\xampp\htdocs\weixin_hhj\Application\Home\Controller\CategoryController.class.php 第 280 行.
NOTIC: [8] Undefined variable: token D:\xampp\htdocs\weixin_hhj\Application\Home\Controller\CategoryController.class.php 第 280 行.
NOTIC: [8] Undefined variable: uid D:\xampp\htdocs\weixin_hhj\Application\Home\Controller\CategoryController.class.php 第 280 行.
NOTIC: [8] Undefined variable: token D:\xampp\htdocs\weixin_hhj\Application\Home\Controller\CategoryController.class.php 第 280 行.
NOTIC: [8] Undefined variable: uid D:\xampp\htdocs\weixin_hhj\Application\Home\Controller\CategoryController.class.php 第 329 行.
NOTIC: [8] Undefined variable: token D:\xampp\htdocs\weixin_hhj\Application\Home\Controller\CategoryController.class.php 第 329 行.
NOTIC: [8] Undefined variable: uid D:\xampp\htdocs\weixin_hhj\Application\Home\Controller\IndexController.class.php 第 547 行.
NOTIC: [8] Undefined variable: token D:\xampp\htdocs\weixin_hhj\Application\Home\Controller\IndexController.class.php 第 547 行.
NOTIC: [8] Undefined variable: uid D:\xampp\htdocs\weixin_hhj\Application\Home\Controller\IndexController.class.php 第 547 行.
NOTIC: [8] Undefined variable: token D:\xampp\htdocs\weixin_hhj\Application\Home\Controller\IndexController.class.php 第 547 行.
NOTIC: [8] Undefined variable: shop_love_shop D:\xampp\htdocs\weixin_hhj\Application\Home\Controller\IndexController.class.php 第 78 行.
NOTIC: [8] Undefined variable: meiqia_data D:\xampp\htdocs\weixin_hhj\Application\Home\Controller\IndexController.class.php 第 86 行.
NOTIC: [8] Undefined index: openid D:\xampp\htdocs\weixin_hhj\Application\Home\Controller\IndexController.class.php 第 88 行.
INFO: [ view_parse ] --START--
INFO: [ template_filter ] --START--
INFO: Run Behavior\ContentReplaceBehavior [ RunTime:0.000500s ]
INFO: [ template_filter ] --END-- [ RunTime:0.000500s ]
NOTIC: [8] Undefined index: url_type D:\xampp\htdocs\weixin_hhj\Application\Runtime\Cache\Home\2a94b8bda04ff446dcedd42276fc99ee.php 第 80 行.
NOTIC: [8] Undefined index: alert D:\xampp\htdocs\weixin_hhj\Application\Runtime\Cache\Home\2a94b8bda04ff446dcedd42276fc99ee.php 第 93 行.
NOTIC: [8] Undefined index: alert D:\xampp\htdocs\weixin_hhj\Application\Runtime\Cache\Home\2a94b8bda04ff446dcedd42276fc99ee.php 第 99 行.
NOTIC: [8] Undefined index: alert D:\xampp\htdocs\weixin_hhj\Application\Runtime\Cache\Home\2a94b8bda04ff446dcedd42276fc99ee.php 第 102 行.
NOTIC: [8] Undefined index: alert D:\xampp\htdocs\weixin_hhj\Application\Runtime\Cache\Home\2a94b8bda04ff446dcedd42276fc99ee.php 第 107 行.
NOTIC: [8] Undefined index: alert D:\xampp\htdocs\weixin_hhj\Application\Runtime\Cache\Home\2a94b8bda04ff446dcedd42276fc99ee.php 第 110 行.
NOTIC: [8] Undefined index: alert D:\xampp\htdocs\weixin_hhj\Application\Runtime\Cache\Home\2a94b8bda04ff446dcedd42276fc99ee.php 第 120 行.
NOTIC: [8] Undefined index: alert D:\xampp\htdocs\weixin_hhj\Application\Runtime\Cache\Home\2a94b8bda04ff446dcedd42276fc99ee.php 第 120 行.
INFO: Run Behavior\ParseTemplateBehavior [ RunTime:0.035505s ]
INFO: [ view_parse ] --END-- [ RunTime:0.036005s ]
INFO: [ view_filter ] --START--
INFO: Run Behavior\WriteHtmlCacheBehavior [ RunTime:0.001000s ]
INFO: [ view_filter ] --END-- [ RunTime:0.001500s ]
INFO: [ app_end ] --START--
INFO: Run Behavior\ShowPageTraceBehavior [ RunTime:0.002000s ]
INFO: [ app_end ] --END-- [ RunTime:0.002000s ]

[ 2017-01-20T09:39:35+08:00 ] 127.0.0.1 /Index/index
INFO: [ app_init ] --START--
INFO: Run Behavior\BuildLiteBehavior [ RunTime:0.000000s ]
INFO: [ app_init ] --END-- [ RunTime:0.000500s ]
INFO: [ app_begin ] --START--
INFO: Run Behavior\ReadHtmlCacheBehavior [ RunTime:0.001001s ]
INFO: [ app_begin ] --END-- [ RunTime:0.001001s ]
NOTIC: [8] Undefined variable: uid D:\xampp\htdocs\weixin_hhj\Application\Home\Controller\CategoryController.class.php 第 280 行.
NOTIC: [8] Undefined variable: token D:\xampp\htdocs\weixin_hhj\Application\Home\Controller\CategoryController.class.php 第 280 行.
NOTIC: [8] Undefined variable: uid D:\xampp\htdocs\weixin_hhj\Application\Home\Controller\CategoryController.class.php 第 280 行.
NOTIC: [8] Undefined variable: token D:\xampp\htdocs\weixin_hhj\Application\Home\Controller\CategoryController.class.php 第 280 行.
NOTIC: [8] Undefined variable: uid D:\xampp\htdocs\weixin_hhj\Application\Home\Controller\CategoryController.class.php 第 280 行.
NOTIC: [8] Undefined variable: token D:\xampp\htdocs\weixin_hhj\Application\Home\Controller\CategoryController.class.php 第 280 行.
NOTIC: [8] Undefined variable: uid D:\xampp\htdocs\weixin_hhj\Application\Home\Controller\CategoryController.class.php 第 329 行.
NOTIC: [8] Undefined variable: token D:\xampp\htdocs\weixin_hhj\Application\Home\Controller\CategoryController.class.php 第 329 行.
NOTIC: [8] Undefined variable: uid D:\xampp\htdocs\weixin_hhj\Application\Home\Controller\IndexController.class.php 第 547 行.
NOTIC: [8] Undefined variable: token D:\xampp\htdocs\weixin_hhj\Application\Home\Controller\IndexController.class.php 第 547 行.
NOTIC: [8] Undefined variable: uid D:\xampp\htdocs\weixin_hhj\Application\Home\Controller\IndexController.class.php 第 547 行.
NOTIC: [8] Undefined variable: token D:\xampp\htdocs\weixin_hhj\Application\Home\Controller\IndexController.class.php 第 547 行.
NOTIC: [8] Undefined variable: shop_love_shop D:\xampp\htdocs\weixin_hhj\Application\Home\Controller\IndexController.class.php 第 78 行.
NOTIC: [8] Undefined variable: meiqia_data D:\xampp\htdocs\weixin_hhj\Application\Home\Controller\IndexController.class.php 第 86 行.
NOTIC: [8] Undefined index: openid D:\xampp\htdocs\weixin_hhj\Application\Home\Controller\IndexController.class.php 第 88 行.
INFO: [ view_parse ] --START--
INFO: [ template_filter ] --START--
INFO: Run Behavior\ContentReplaceBehavior [ RunTime:0.000000s ]
INFO: [ template_filter ] --END-- [ RunTime:0.000500s ]
NOTIC: [8] Undefined index: url_type D:\xampp\htdocs\weixin_hhj\Application\Runtime\Cache\Home\2a94b8bda04ff446dcedd42276fc99ee.php 第 80 行.
NOTIC: [8] Undefined index: alert D:\xampp\htdocs\weixin_hhj\Application\Runtime\Cache\Home\2a94b8bda04ff446dcedd42276fc99ee.php 第 93 行.
NOTIC: [8] Undefined index: alert D:\xampp\htdocs\weixin_hhj\Application\Runtime\Cache\Home\2a94b8bda04ff446dcedd42276fc99ee.php 第 99 行.
NOTIC: [8] Undefined index: alert D:\xampp\htdocs\weixin_hhj\Application\Runtime\Cache\Home\2a94b8bda04ff446dcedd42276fc99ee.php 第 102 行.
NOTIC: [8] Undefined index: alert D:\xampp\htdocs\weixin_hhj\Application\Runtime\Cache\Home\2a94b8bda04ff446dcedd42276fc99ee.php 第 107 行.
NOTIC: [8] Undefined index: alert D:\xampp\htdocs\weixin_hhj\Application\Runtime\Cache\Home\2a94b8bda04ff446dcedd42276fc99ee.php 第 110 行.
NOTIC: [8] Undefined index: alert D:\xampp\htdocs\weixin_hhj\Application\Runtime\Cache\Home\2a94b8bda04ff446dcedd42276fc99ee.php 第 120 行.
NOTIC: [8] Undefined index: alert D:\xampp\htdocs\weixin_hhj\Application\Runtime\Cache\Home\2a94b8bda04ff446dcedd42276fc99ee.php 第 120 行.
INFO: Run Behavior\ParseTemplateBehavior [ RunTime:0.030003s ]
INFO: [ view_parse ] --END-- [ RunTime:0.030504s ]
INFO: [ view_filter ] --START--
INFO: Run Behavior\WriteHtmlCacheBehavior [ RunTime:0.000500s ]
INFO: [ view_filter ] --END-- [ RunTime:0.000500s ]
INFO: [ app_end ] --START--
INFO: Run Behavior\ShowPageTraceBehavior [ RunTime:0.001000s ]
INFO: [ app_end ] --END-- [ RunTime:0.001000s ]

[ 2017-01-20T09:39:36+08:00 ] 127.0.0.1 /min/index?f=/Public/js/lib/swiper.min.js
INFO: [ app_init ] --START--
INFO: Run Behavior\BuildLiteBehavior [ RunTime:0.000000s ]
INFO: [ app_init ] --END-- [ RunTime:0.000500s ]
INFO: [ app_begin ] --START--
INFO: Run Behavior\ReadHtmlCacheBehavior [ RunTime:0.002001s ]
INFO: [ app_begin ] --END-- [ RunTime:0.002001s ]

[ 2017-01-20T09:39:36+08:00 ] 127.0.0.1 /Cart/index
INFO: [ app_init ] --START--
INFO: Run Behavior\BuildLiteBehavior [ RunTime:0.000000s ]
INFO: [ app_init ] --END-- [ RunTime:0.000500s ]
INFO: [ app_begin ] --START--
INFO: Run Behavior\ReadHtmlCacheBehavior [ RunTime:0.001001s ]
INFO: [ app_begin ] --END-- [ RunTime:0.001001s ]
NOTIC: [8] Undefined index: shop_id D:\xampp\htdocs\weixin_hhj\Application\Home\Controller\CartController.class.php 第 9 行.
NOTIC: [8] Undefined index: act_ticket D:\xampp\htdocs\weixin_hhj\Application\Home\Controller\CartController.class.php 第 10 行.
NOTIC: [8] Undefined index: goods_ticket D:\xampp\htdocs\weixin_hhj\Application\Home\Controller\CartController.class.php 第 11 行.
NOTIC: [8] Undefined index: distribution D:\xampp\htdocs\weixin_hhj\Application\Home\Controller\CartController.class.php 第 12 行.
NOTIC: [8] Undefined variable: address_id D:\xampp\htdocs\weixin_hhj\Application\Home\Controller\AddressController.class.php 第 470 行.
NOTIC: [8] Undefined index: goods_list D:\xampp\htdocs\weixin_hhj\Application\Home\Controller\CartController.class.php 第 106 行.
NOTIC: [2] Invalid argument supplied for foreach() D:\xampp\htdocs\weixin_hhj\Application\Home\Controller\CartController.class.php 第 106 行.
NOTIC: [2] Invalid argument supplied for foreach() D:\xampp\htdocs\weixin_hhj\Application\Home\Controller\CartController.class.php 第 116 行.
NOTIC: [8] Undefined index: goods_list D:\xampp\htdocs\weixin_hhj\Application\Home\Controller\CartController.class.php 第 106 行.
NOTIC: [2] Invalid argument supplied for foreach() D:\xampp\htdocs\weixin_hhj\Application\Home\Controller\CartController.class.php 第 106 行.
NOTIC: [2] Invalid argument supplied for foreach() D:\xampp\htdocs\weixin_hhj\Application\Home\Controller\CartController.class.php 第 116 行.
INFO: [ view_parse ] --START--
INFO: [ template_filter ] --START--
INFO: Run Behavior\ContentReplaceBehavior [ RunTime:0.000500s ]
INFO: [ template_filter ] --END-- [ RunTime:0.000500s ]
NOTIC: [8] Undefined index: shop_orderphone1 D:\xampp\htdocs\weixin_hhj\Application\Runtime\Cache\Home\6f105010063b4e4da2af04cb5dd2d5a4.php 第 67 行.
NOTIC: [8] Undefined index: goods_list D:\xampp\htdocs\weixin_hhj\Application\Runtime\Cache\Home\6f105010063b4e4da2af04cb5dd2d5a4.php 第 120 行.
NOTIC: [8] Undefined index: goods_list D:\xampp\htdocs\weixin_hhj\Application\Runtime\Cache\Home\6f105010063b4e4da2af04cb5dd2d5a4.php 第 267 行.
NOTIC: [8] Undefined index: city_baiducode D:\xampp\htdocs\weixin_hhj\Application\Runtime\Cache\Home\6f105010063b4e4da2af04cb5dd2d5a4.php 第 438 行.
NOTIC: [8] Undefined index: city_baiducode D:\xampp\htdocs\weixin_hhj\Application\Runtime\Cache\Home\6f105010063b4e4da2af04cb5dd2d5a4.php 第 440 行.
NOTIC: [8] Undefined index: city_baiducode D:\xampp\htdocs\weixin_hhj\Application\Runtime\Cache\Home\6f105010063b4e4da2af04cb5dd2d5a4.php 第 442 行.
NOTIC: [8] Undefined index: city_baiducode D:\xampp\htdocs\weixin_hhj\Application\Runtime\Cache\Home\6f105010063b4e4da2af04cb5dd2d5a4.php 第 438 行.
NOTIC: [8] Undefined index: city_baiducode D:\xampp\htdocs\weixin_hhj\Application\Runtime\Cache\Home\6f105010063b4e4da2af04cb5dd2d5a4.php 第 440 行.
NOTIC: [8] Undefined index: city_baiducode D:\xampp\htdocs\weixin_hhj\Application\Runtime\Cache\Home\6f105010063b4e4da2af04cb5dd2d5a4.php 第 442 行.
NOTIC: [8] Undefined index: city_baiducode D:\xampp\htdocs\weixin_hhj\Application\Runtime\Cache\Home\6f105010063b4e4da2af04cb5dd2d5a4.php 第 438 行.
NOTIC: [8] Undefined index: city_baiducode D:\xampp\htdocs\weixin_hhj\Application\Runtime\Cache\Home\6f105010063b4e4da2af04cb5dd2d5a4.php 第 440 行.
NOTIC: [8] Undefined index: city_baiducode D:\xampp\htdocs\weixin_hhj\Application\Runtime\Cache\Home\6f105010063b4e4da2af04cb5dd2d5a4.php 第 442 行.
NOTIC: [8] Undefined index: city_baiducode D:\xampp\htdocs\weixin_hhj\Application\Runtime\Cache\Home\6f105010063b4e4da2af04cb5dd2d5a4.php 第 438 行.
NOTIC: [8] Undefined index: city_baiducode D:\xampp\htdocs\weixin_hhj\Application\Runtime\Cache\Home\6f105010063b4e4da2af04cb5dd2d5a4.php 第 440 行.
NOTIC: [8] Undefined index: city_baiducode D:\xampp\htdocs\weixin_hhj\Application\Runtime\Cache\Home\6f105010063b4e4da2af04cb5dd2d5a4.php 第 442 行.
INFO: Run Behavior\ParseTemplateBehavior [ RunTime:0.042005s ]
INFO: [ view_parse ] --END-- [ RunTime:0.042005s ]
INFO: [ view_filter ] --START--
INFO: Run Behavior\WriteHtmlCacheBehavior [ RunTime:0.000501s ]
INFO: [ view_filter ] --END-- [ RunTime:0.000501s ]
INFO: [ app_end ] --START--
INFO: Run Behavior\ShowPageTraceBehavior [ RunTime:0.001000s ]
INFO: [ app_end ] --END-- [ RunTime:0.001500s ]

[ 2017-01-20T09:39:36+08:00 ] 127.0.0.1 /min/index?f=/Public/js/index.js
INFO: [ app_init ] --START--
INFO: Run Behavior\BuildLiteBehavior [ RunTime:0.000000s ]
INFO: [ app_init ] --END-- [ RunTime:0.000500s ]
INFO: [ app_begin ] --START--
INFO: Run Behavior\ReadHtmlCacheBehavior [ RunTime:0.001500s ]
INFO: [ app_begin ] --END-- [ RunTime:0.002000s ]

[ 2017-01-20T09:39:36+08:00 ] 127.0.0.1 /min/maps/swiper.min.js.map
INFO: [ app_init ] --START--
INFO: Run Behavior\BuildLiteBehavior [ RunTime:0.000000s ]
INFO: [ app_init ] --END-- [ RunTime:0.000500s ]
INFO: [ app_begin ] --START--
INFO: Run Behavior\ReadHtmlCacheBehavior [ RunTime:0.003000s ]
INFO: [ app_begin ] --END-- [ RunTime:0.003000s ]
ERR: 非法操作:maps

[ 2017-01-20T09:39:37+08:00 ] 127.0.0.1 /Sample/index
INFO: [ app_init ] --START--
INFO: Run Behavior\BuildLiteBehavior [ RunTime:0.000000s ]
INFO: [ app_init ] --END-- [ RunTime:0.000500s ]
INFO: [ app_begin ] --START--
INFO: Run Behavior\ReadHtmlCacheBehavior [ RunTime:0.001001s ]
INFO: [ app_begin ] --END-- [ RunTime:0.001001s ]
INFO: [ app_end ] --START--
INFO: Run Behavior\ShowPageTraceBehavior [ RunTime:0.001000s ]
INFO: [ app_end ] --END-- [ RunTime:0.001000s ]

[ 2017-01-20T09:39:37+08:00 ] 127.0.0.1 /index/get_user_xy
INFO: [ app_init ] --START--
INFO: Run Behavior\BuildLiteBehavior [ RunTime:0.000000s ]
INFO: [ app_init ] --END-- [ RunTime:0.000500s ]
INFO: [ app_begin ] --START--
INFO: Run Behavior\ReadHtmlCacheBehavior [ RunTime:0.000500s ]
INFO: [ app_begin ] --END-- [ RunTime:0.001000s ]
INFO: [ app_end ] --START--
INFO: Run Behavior\ShowPageTraceBehavior [ RunTime:0.000500s ]
INFO: [ app_end ] --END-- [ RunTime:0.000500s ]

[ 2017-01-20T09:39:37+08:00 ] 127.0.0.1 /index/get_untreated
INFO: [ app_init ] --START--
INFO: Run Behavior\BuildLiteBehavior [ RunTime:0.000000s ]
INFO: [ app_init ] --END-- [ RunTime:0.000500s ]
INFO: [ app_begin ] --START--
INFO: Run Behavior\ReadHtmlCacheBehavior [ RunTime:0.001000s ]
INFO: [ app_begin ] --END-- [ RunTime:0.001000s ]

[ 2017-01-20T09:39:48+08:00 ] 127.0.0.1 /Shop/shop_list
INFO: [ app_init ] --START--
INFO: Run Behavior\BuildLiteBehavior [ RunTime:0.000000s ]
INFO: [ app_init ] --END-- [ RunTime:0.000500s ]
INFO: [ app_begin ] --START--
INFO: Run Behavior\ReadHtmlCacheBehavior [ RunTime:0.001001s ]
INFO: [ app_begin ] --END-- [ RunTime:0.001501s ]
NOTIC: [8] Undefined index: city_id D:\xampp\htdocs\weixin_hhj\Application\Home\Controller\ShopController.class.php 第 14 行.
NOTIC: [8] Undefined index: area_id D:\xampp\htdocs\weixin_hhj\Application\Home\Controller\ShopController.class.php 第 15 行.
INFO: [ app_end ] --START--
INFO: Run Behavior\ShowPageTraceBehavior [ RunTime:0.001000s ]
INFO: [ app_end ] --END-- [ RunTime:0.001000s ]

[ 2017-01-20T09:40:27+08:00 ] 127.0.0.1 /Address/is_ajax_login
INFO: [ app_init ] --START--
INFO: Run Behavior\BuildLiteBehavior [ RunTime:0.000000s ]
INFO: [ app_init ] --END-- [ RunTime:0.000500s ]
INFO: [ app_begin ] --START--
INFO: Run Behavior\ReadHtmlCacheBehavior [ RunTime:0.001000s ]
INFO: [ app_begin ] --END-- [ RunTime:0.001000s ]
INFO: [ app_end ] --START--
INFO: Run Behavior\ShowPageTraceBehavior [ RunTime:0.001500s ]
INFO: [ app_end ] --END-- [ RunTime:0.001500s ]

[ 2017-01-20T09:40:35+08:00 ] 127.0.0.1 /Address/is_ajax_login
INFO: [ app_init ] --START--
INFO: Run Behavior\BuildLiteBehavior [ RunTime:0.000000s ]
INFO: [ app_init ] --END-- [ RunTime:0.000500s ]
INFO: [ app_begin ] --START--
INFO: Run Behavior\ReadHtmlCacheBehavior [ RunTime:0.001000s ]
INFO: [ app_begin ] --END-- [ RunTime:0.001000s ]
INFO: [ app_end ] --START--
INFO: Run Behavior\ShowPageTraceBehavior [ RunTime:0.001500s ]
INFO: [ app_end ] --END-- [ RunTime:0.001500s ]

[ 2017-01-20T09:40:35+08:00 ] 127.0.0.1 /Collection/index
INFO: [ app_init ] --START--
INFO: Run Behavior\BuildLiteBehavior [ RunTime:0.000000s ]
INFO: [ app_init ] --END-- [ RunTime:0.001000s ]
INFO: [ app_begin ] --START--
INFO: Run Behavior\ReadHtmlCacheBehavior [ RunTime:0.001000s ]
INFO: [ app_begin ] --END-- [ RunTime:0.001500s ]
INFO: [ app_end ] --START--
INFO: Run Behavior\ShowPageTraceBehavior [ RunTime:0.003000s ]
INFO: [ app_end ] --END-- [ RunTime:0.003000s ]

[ 2017-01-20T09:40:39+08:00 ] 127.0.0.1 /Address/is_ajax_login
INFO: [ app_init ] --START--
INFO: Run Behavior\BuildLiteBehavior [ RunTime:0.000000s ]
INFO: [ app_init ] --END-- [ RunTime:0.001500s ]
INFO: [ app_begin ] --START--
INFO: Run Behavior\ReadHtmlCacheBehavior [ RunTime:0.001000s ]
INFO: [ app_begin ] --END-- [ RunTime:0.001000s ]
INFO: [ app_end ] --START--
INFO: Run Behavior\ShowPageTraceBehavior [ RunTime:0.001500s ]
INFO: [ app_end ] --END-- [ RunTime:0.001500s ]

[ 2017-01-20T09:51:16+08:00 ] 127.0.0.1 /min/maps/swiper.min.js.map
INFO: [ app_init ] --START--
INFO: Run Behavior\BuildLiteBehavior [ RunTime:0.000000s ]
INFO: [ app_init ] --END-- [ RunTime:0.008001s ]
INFO: [ app_begin ] --START--
INFO: Run Behavior\ReadHtmlCacheBehavior [ RunTime:0.010002s ]
INFO: [ app_begin ] --END-- [ RunTime:0.010502s ]
ERR: 非法操作:maps

[ 2017-01-20T09:51:16+08:00 ] 127.0.0.1 /index/get_user_xy
INFO: [ app_init ] --START--
INFO: Run Behavior\BuildLiteBehavior [ RunTime:0.000000s ]
INFO: [ app_init ] --END-- [ RunTime:0.007501s ]
INFO: [ app_begin ] --START--
INFO: Run Behavior\ReadHtmlCacheBehavior [ RunTime:0.011002s ]
INFO: [ app_begin ] --END-- [ RunTime:0.011002s ]
INFO: [ app_end ] --START--
INFO: Run Behavior\ShowPageTraceBehavior [ RunTime:0.027004s ]
INFO: [ app_end ] --END-- [ RunTime:0.027004s ]

[ 2017-01-20T09:51:16+08:00 ] 127.0.0.1 /Sample/index
INFO: [ app_init ] --START--
INFO: Run Behavior\BuildLiteBehavior [ RunTime:0.000000s ]
INFO: [ app_init ] --END-- [ RunTime:0.008501s ]
INFO: [ app_begin ] --START--
INFO: Run Behavior\ReadHtmlCacheBehavior [ RunTime:0.011001s ]
INFO: [ app_begin ] --END-- [ RunTime:0.011501s ]
INFO: [ app_end ] --START--
INFO: Run Behavior\ShowPageTraceBehavior [ RunTime:0.001000s ]
INFO: [ app_end ] --END-- [ RunTime:0.001000s ]

[ 2017-01-20T09:51:17+08:00 ] 127.0.0.1 /index/get_untreated
INFO: [ app_init ] --START--
INFO: Run Behavior\BuildLiteBehavior [ RunTime:0.000000s ]
INFO: [ app_init ] --END-- [ RunTime:0.000500s ]
INFO: [ app_begin ] --START--
INFO: Run Behavior\ReadHtmlCacheBehavior [ RunTime:0.000500s ]
INFO: [ app_begin ] --END-- [ RunTime:0.000500s ]

